This file contains any messages produced by compilers while
running configure, to aid debugging if configure makes a mistake.

It was created by fontconfig configure 2.11.0, which was
generated by GNU Autoconf 2.69.  Invocation command line was

  $ ./configure 

## --------- ##
## Platform. ##
## --------- ##

hostname = AD00038392
uname -m = i686
uname -r = 1.7.25(0.270/5/3)
uname -s = CYGWIN_NT-6.1-WOW64
uname -v = 2013-08-31 20:39

/usr/bin/uname -p = unknown
/bin/uname -X     = unknown

/bin/arch              = i686
/usr/bin/arch -k       = unknown
/usr/convex/getsysinfo = unknown
/usr/bin/hostinfo      = unknown
/bin/machine           = unknown
/usr/bin/oslevel       = unknown
/bin/universe          = unknown

PATH: /cygdrive/d/android/android-ndk-r9b
PATH: /cygdrive/d/android/adt-bundle-windows-x86_64-20130219/sdk
PATH: /platform-tools
PATH: /usr/local/bin
PATH: /usr/bin
PATH: /cygdrive/c/Program Files (x86)/AMD APP/bin/x86_64
PATH: /cygdrive/c/Program Files (x86)/AMD APP/bin/x86
PATH: /cygdrive/c/Windows/system32
PATH: /cygdrive/c/Windows
PATH: /cygdrive/c/Windows/System32/Wbem
PATH: /cygdrive/c/Windows/System32/WindowsPowerShell/v1.0
PATH: /cygdrive/c/Program Files (x86)/ATI Technologies/ATI.ACE/Core-Static
PATH: /cygdrive/c/Program Files (x86)/Microsoft SQL Server/90/Tools/binn
PATH: /cygdrive/c/Program Files/Microsoft Windows Performance Toolkit
PATH: /cygdrive/c/Program Files/TortoiseSVN/bin
PATH: /usr/bin
PATH: /cygdrive/c/Program Files (x86)/Safari/Apple Application Support
PATH: /cygdrive/c/Program Files/TortoiseGit/bin
PATH: /cygdrive/c/Program Files (x86)/ARM/Mali Developer Tools/OpenGL ES Emulator v1.3.0/bin
PATH: /cygdrive/c/Python27


## ----------- ##
## Core tests. ##
## ----------- ##

configure:2682: checking for a BSD-compatible install
configure:2750: result: /usr/bin/install -c
configure:2761: checking whether build environment is sane
configure:2816: result: yes
configure:2967: checking for a thread-safe mkdir -p
configure:3006: result: /usr/bin/mkdir -p
configure:3013: checking for gawk
configure:3029: found /usr/bin/gawk
configure:3040: result: gawk
configure:3051: checking whether make sets $(MAKE)
configure:3073: result: yes
configure:3102: checking whether make supports nested variables
configure:3119: result: yes
configure:3214: checking whether make supports nested variables
configure:3231: result: yes
configure:3312: checking for gcc
configure:3328: found /usr/bin/gcc
configure:3339: result: gcc
configure:3568: checking for C compiler version
configure:3577: gcc --version >&5
gcc (GCC) 4.8.2
Copyright (C) 2013 Free Software Foundation, Inc.
This is free software; see the source for copying conditions.  There is NO
warranty; not even for MERCHANTABILITY or FITNESS FOR A PARTICULAR PURPOSE.

configure:3588: $? = 0
configure:3577: gcc -v >&5
Using built-in specs.
COLLECT_GCC=gcc
COLLECT_LTO_WRAPPER=/usr/libexec/gcc/i686-pc-cygwin/4.8.2/lto-wrapper.exe
Target: i686-pc-cygwin
Configured with: /cygdrive/i/szsz/tmpp/cygwin64/gcc/gcc-4.8.2-1/src/gcc-4.8.2/configure --srcdir=/cygdrive/i/szsz/tmpp/cygwin64/gcc/gcc-4.8.2-1/src/gcc-4.8.2 --prefix=/usr --exec-prefix=/usr --bindir=/usr/bin --sbindir=/usr/sbin --libexecdir=/usr/libexec --datadir=/usr/share --localstatedir=/var --sysconfdir=/etc --libdir=/usr/lib --datarootdir=/usr/share --docdir=/usr/share/doc/gcc -C --build=i686-pc-cygwin --host=i686-pc-cygwin --target=i686-pc-cygwin --without-libiconv-prefix --without-libintl-prefix --enable-shared --enable-shared-libgcc --enable-static --enable-version-specific-runtime-libs --enable-bootstrap --disable-__cxa_atexit --with-dwarf2 --with-arch=i686 --with-tune=generic --disable-sjlj-exceptions --enable-languages=ada,c,c++,fortran,java,lto,objc,obj-c++ --enable-graphite --enable-threads=posix --enable-libatomic --enable-libgomp --disable-libitm --enable-libquadmath --enable-libquadmath-support --enable-libssp --enable-libada --enable-libjava --enable-libgcj-sublibs --disable-java-awt --disable-symvers --with-ecj-jar=/usr/share/java/ecj.jar --with-gnu-ld --with-gnu-as --with-cloog-include=/usr/include/cloog-isl --without-libiconv-prefix --without-libintl-prefix --with-system-zlib
Thread model: posix
gcc version 4.8.2 (GCC) 
configure:3588: $? = 0
configure:3577: gcc -V >&5
gcc: error: unrecognized command line option '-V'
gcc: fatal error: no input files
compilation terminated.
configure:3588: $? = 1
configure:3577: gcc -qversion >&5
gcc: error: unrecognized command line option '-qversion'
gcc: fatal error: no input files
compilation terminated.
configure:3588: $? = 1
configure:3608: checking whether the C compiler works
configure:3630: gcc    conftest.c  >&5
configure:3634: $? = 0
configure:3682: result: yes
configure:3685: checking for C compiler default output file name
configure:3687: result: a.exe
configure:3693: checking for suffix of executables
configure:3700: gcc -o conftest.exe    conftest.c  >&5
configure:3704: $? = 0
configure:3726: result: .exe
configure:3748: checking whether we are cross compiling
configure:3756: gcc -o conftest.exe    conftest.c  >&5
configure:3760: $? = 0
configure:3767: ./conftest.exe
configure:3771: $? = 0
configure:3786: result: no
configure:3791: checking for suffix of object files
configure:3813: gcc -c   conftest.c >&5
configure:3817: $? = 0
configure:3838: result: o
configure:3842: checking whether we are using the GNU C compiler
configure:3861: gcc -c   conftest.c >&5
configure:3861: $? = 0
configure:3870: result: yes
configure:3879: checking whether gcc accepts -g
configure:3899: gcc -c -g  conftest.c >&5
configure:3899: $? = 0
configure:3940: result: yes
configure:3957: checking for gcc option to accept ISO C89
configure:4020: gcc  -c -g -O2  conftest.c >&5
configure:4020: $? = 0
configure:4033: result: none needed
configure:4064: checking for style of include used by make
configure:4092: result: GNU
configure:4118: checking dependency style of gcc
configure:4229: result: gcc3
configure:4250: checking how to run the C preprocessor
configure:4281: gcc -E  conftest.c
configure:4281: $? = 0
configure:4295: gcc -E  conftest.c
conftest.c:11:28: fatal error: ac_nonexistent.h: No such file or directory
 #include <ac_nonexistent.h>
                            ^
compilation terminated.
configure:4295: $? = 1
configure: failed program was:
| /* confdefs.h */
| #define PACKAGE_NAME "fontconfig"
| #define PACKAGE_TARNAME "fontconfig"
| #define PACKAGE_VERSION "2.11.0"
| #define PACKAGE_STRING "fontconfig 2.11.0"
| #define PACKAGE_BUGREPORT "https://bugs.freedesktop.org/enter_bug.cgi?product=fontconfig"
| #define PACKAGE_URL ""
| #define PACKAGE "fontconfig"
| #define VERSION "2.11.0"
| /* end confdefs.h.  */
| #include <ac_nonexistent.h>
configure:4320: result: gcc -E
configure:4340: gcc -E  conftest.c
configure:4340: $? = 0
configure:4354: gcc -E  conftest.c
conftest.c:11:28: fatal error: ac_nonexistent.h: No such file or directory
 #include <ac_nonexistent.h>
                            ^
compilation terminated.
configure:4354: $? = 1
configure: failed program was:
| /* confdefs.h */
| #define PACKAGE_NAME "fontconfig"
| #define PACKAGE_TARNAME "fontconfig"
| #define PACKAGE_VERSION "2.11.0"
| #define PACKAGE_STRING "fontconfig 2.11.0"
| #define PACKAGE_BUGREPORT "https://bugs.freedesktop.org/enter_bug.cgi?product=fontconfig"
| #define PACKAGE_URL ""
| #define PACKAGE "fontconfig"
| #define VERSION "2.11.0"
| /* end confdefs.h.  */
| #include <ac_nonexistent.h>
configure:4383: checking for grep that handles long lines and -e
configure:4441: result: /usr/bin/grep
configure:4446: checking for egrep
configure:4508: result: /usr/bin/grep -E
configure:4513: checking for ANSI C header files
configure:4533: gcc -c -g -O2  conftest.c >&5
configure:4533: $? = 0
configure:4606: gcc -o conftest.exe -g -O2   conftest.c  >&5
configure:4606: $? = 0
configure:4606: ./conftest.exe
configure:4606: $? = 0
configure:4617: result: yes
configure:4630: checking for sys/types.h
configure:4630: gcc -c -g -O2  conftest.c >&5
configure:4630: $? = 0
configure:4630: result: yes
configure:4630: checking for sys/stat.h
configure:4630: gcc -c -g -O2  conftest.c >&5
configure:4630: $? = 0
configure:4630: result: yes
configure:4630: checking for stdlib.h
configure:4630: gcc -c -g -O2  conftest.c >&5
configure:4630: $? = 0
configure:4630: result: yes
configure:4630: checking for string.h
configure:4630: gcc -c -g -O2  conftest.c >&5
configure:4630: $? = 0
configure:4630: result: yes
configure:4630: checking for memory.h
configure:4630: gcc -c -g -O2  conftest.c >&5
configure:4630: $? = 0
configure:4630: result: yes
configure:4630: checking for strings.h
configure:4630: gcc -c -g -O2  conftest.c >&5
configure:4630: $? = 0
configure:4630: result: yes
configure:4630: checking for inttypes.h
configure:4630: gcc -c -g -O2  conftest.c >&5
configure:4630: $? = 0
configure:4630: result: yes
configure:4630: checking for stdint.h
configure:4630: gcc -c -g -O2  conftest.c >&5
configure:4630: $? = 0
configure:4630: result: yes
configure:4630: checking for unistd.h
configure:4630: gcc -c -g -O2  conftest.c >&5
configure:4630: $? = 0
configure:4630: result: yes
configure:4643: checking minix/config.h usability
configure:4643: gcc -c -g -O2  conftest.c >&5
conftest.c:54:26: fatal error: minix/config.h: No such file or directory
 #include <minix/config.h>
                          ^
compilation terminated.
configure:4643: $? = 1
configure: failed program was:
| /* confdefs.h */
| #define PACKAGE_NAME "fontconfig"
| #define PACKAGE_TARNAME "fontconfig"
| #define PACKAGE_VERSION "2.11.0"
| #define PACKAGE_STRING "fontconfig 2.11.0"
| #define PACKAGE_BUGREPORT "https://bugs.freedesktop.org/enter_bug.cgi?product=fontconfig"
| #define PACKAGE_URL ""
| #define PACKAGE "fontconfig"
| #define VERSION "2.11.0"
| #define STDC_HEADERS 1
| #define HAVE_SYS_TYPES_H 1
| #define HAVE_SYS_STAT_H 1
| #define HAVE_STDLIB_H 1
| #define HAVE_STRING_H 1
| #define HAVE_MEMORY_H 1
| #define HAVE_STRINGS_H 1
| #define HAVE_INTTYPES_H 1
| #define HAVE_STDINT_H 1
| #define HAVE_UNISTD_H 1
| /* end confdefs.h.  */
| #include <stdio.h>
| #ifdef HAVE_SYS_TYPES_H
| # include <sys/types.h>
| #endif
| #ifdef HAVE_SYS_STAT_H
| # include <sys/stat.h>
| #endif
| #ifdef STDC_HEADERS
| # include <stdlib.h>
| # include <stddef.h>
| #else
| # ifdef HAVE_STDLIB_H
| #  include <stdlib.h>
| # endif
| #endif
| #ifdef HAVE_STRING_H
| # if !defined STDC_HEADERS && defined HAVE_MEMORY_H
| #  include <memory.h>
| # endif
| # include <string.h>
| #endif
| #ifdef HAVE_STRINGS_H
| # include <strings.h>
| #endif
| #ifdef HAVE_INTTYPES_H
| # include <inttypes.h>
| #endif
| #ifdef HAVE_STDINT_H
| # include <stdint.h>
| #endif
| #ifdef HAVE_UNISTD_H
| # include <unistd.h>
| #endif
| #include <minix/config.h>
configure:4643: result: no
configure:4643: checking minix/config.h presence
configure:4643: gcc -E  conftest.c
conftest.c:21:26: fatal error: minix/config.h: No such file or directory
 #include <minix/config.h>
                          ^
compilation terminated.
configure:4643: $? = 1
configure: failed program was:
| /* confdefs.h */
| #define PACKAGE_NAME "fontconfig"
| #define PACKAGE_TARNAME "fontconfig"
| #define PACKAGE_VERSION "2.11.0"
| #define PACKAGE_STRING "fontconfig 2.11.0"
| #define PACKAGE_BUGREPORT "https://bugs.freedesktop.org/enter_bug.cgi?product=fontconfig"
| #define PACKAGE_URL ""
| #define PACKAGE "fontconfig"
| #define VERSION "2.11.0"
| #define STDC_HEADERS 1
| #define HAVE_SYS_TYPES_H 1
| #define HAVE_SYS_STAT_H 1
| #define HAVE_STDLIB_H 1
| #define HAVE_STRING_H 1
| #define HAVE_MEMORY_H 1
| #define HAVE_STRINGS_H 1
| #define HAVE_INTTYPES_H 1
| #define HAVE_STDINT_H 1
| #define HAVE_UNISTD_H 1
| /* end confdefs.h.  */
| #include <minix/config.h>
configure:4643: result: no
configure:4643: checking for minix/config.h
configure:4643: result: no
configure:4664: checking whether it is safe to define __EXTENSIONS__
configure:4682: gcc -c -g -O2  conftest.c >&5
configure:4682: $? = 0
configure:4689: result: yes
configure:4710: checking for special C compiler options needed for large files
configure:4755: result: no
configure:4761: checking for _FILE_OFFSET_BITS value needed for large files
configure:4786: gcc -c -g -O2  conftest.c >&5
configure:4786: $? = 0
configure:4818: result: no
configure:4904: checking whether ln -s works
configure:4908: result: yes
configure:4919: checking build system type
configure:4933: result: i686-pc-cygwin
configure:4953: checking host system type
configure:4966: result: i686-pc-cygwin
configure:5033: checking for as
configure:5049: found /usr/bin/as
configure:5060: result: as
configure:5125: checking for dlltool
configure:5141: found /usr/bin/dlltool
configure:5152: result: dlltool
configure:5217: checking for objdump
configure:5233: found /usr/bin/objdump
configure:5244: result: objdump
configure:5335: checking how to print strings
configure:5362: result: printf
configure:5383: checking for a sed that does not truncate output
configure:5447: result: /usr/bin/sed
configure:5465: checking for fgrep
configure:5527: result: /usr/bin/grep -F
configure:5562: checking for ld used by gcc
configure:5629: result: /usr/i686-pc-cygwin/bin/ld.exe
configure:5636: checking if the linker (/usr/i686-pc-cygwin/bin/ld.exe) is GNU ld
configure:5651: result: yes
configure:5663: checking for BSD- or MS-compatible name lister (nm)
configure:5712: result: /usr/bin/nm -B
configure:5842: checking the name lister (/usr/bin/nm -B) interface
configure:5849: gcc -c -g -O2  conftest.c >&5
configure:5852: /usr/bin/nm -B "conftest.o"
configure:5855: output
00000000 b .bss
00000000 d .data
00000000 N .debug_abbrev
00000000 N .debug_aranges
00000000 N .debug_info
00000000 N .debug_line
00000000 r .rdata$zzz
00000000 t .text
00000000 B _some_variable
configure:5862: result: BSD nm
configure:5866: checking the maximum length of command line arguments
configure:5996: result: 8192
configure:6013: checking whether the shell understands some XSI constructs
configure:6023: result: yes
configure:6027: checking whether the shell understands "+="
configure:6033: result: yes
configure:6068: checking how to convert i686-pc-cygwin file names to i686-pc-cygwin format
configure:6108: result: func_convert_file_noop
configure:6115: checking how to convert i686-pc-cygwin file names to toolchain format
configure:6135: result: func_convert_file_noop
configure:6142: checking for /usr/i686-pc-cygwin/bin/ld.exe option to reload object files
configure:6149: result: -r
configure:6223: checking for objdump
configure:6250: result: objdump
configure:6279: checking how to recognize dependent libraries
configure:6481: result: file_magic ^x86 archive import|^x86 DLL
configure:6566: checking for dlltool
configure:6593: result: dlltool
configure:6623: checking how to associate runtime and link libraries
configure:6650: result: func_cygming_dll_for_implib
configure:6710: checking for ar
configure:6726: found /usr/bin/ar
configure:6737: result: ar
configure:6774: checking for archiver @FILE support
configure:6791: gcc -c -g -O2  conftest.c >&5
configure:6791: $? = 0
configure:6794: ar cru libconftest.a @conftest.lst >&5
configure:6797: $? = 0
configure:6802: ar cru libconftest.a @conftest.lst >&5
ar: conftest.o: No such file or directory
configure:6805: $? = 1
configure:6817: result: @
configure:6875: checking for strip
configure:6891: found /usr/bin/strip
configure:6902: result: strip
configure:6974: checking for ranlib
configure:6990: found /usr/bin/ranlib
configure:7001: result: ranlib
configure:7103: checking command to parse /usr/bin/nm -B output from gcc object
configure:7223: gcc -c -g -O2  conftest.c >&5
configure:7226: $? = 0
configure:7230: /usr/bin/nm -B conftest.o \| sed -n -e 's/^.*[ ]\([ABCDGIRSTW][ABCDGIRSTW]*\)[ ][ ]*\([_A-Za-z][_A-Za-z0-9]*\)$/\1 \2 \2/p' | sed '/ __gnu_lto/d' \> conftest.nm
configure:7233: $? = 0
cannot find nm_test_var in conftest.nm
configure:7223: gcc -c -g -O2  conftest.c >&5
configure:7226: $? = 0
configure:7230: /usr/bin/nm -B conftest.o \| sed -n -e 's/^.*[ ]\([ABCDGIRSTW][ABCDGIRSTW]*\)[ ][ ]*_\([_A-Za-z][_A-Za-z0-9]*\)$/\1 _\2 \2/p' | sed '/ __gnu_lto/d' \> conftest.nm
configure:7233: $? = 0
configure:7299: gcc -o conftest.exe -g -O2   conftest.c conftstm.o >&5
configure:7302: $? = 0
configure:7340: result: ok
configure:7377: checking for sysroot
configure:7407: result: no
configure:7663: checking for mt
configure:7693: result: no
configure:7713: checking if : is a manifest tool
configure:7719: : '-?'
configure:7727: result: no
configure:8366: checking for dlfcn.h
configure:8366: gcc -c -g -O2  conftest.c >&5
configure:8366: $? = 0
configure:8366: result: yes
configure:8570: checking for objdir
configure:8585: result: .libs
configure:8856: checking if gcc supports -fno-rtti -fno-exceptions
configure:8874: gcc -c -g -O2  -fno-rtti -fno-exceptions conftest.c >&5
cc1: warning: command line option '-fno-rtti' is valid for C++/ObjC++ but not for C [enabled by default]
configure:8878: $? = 0
configure:8891: result: no
configure:9218: checking for gcc option to produce PIC
configure:9225: result: -DDLL_EXPORT -DPIC
configure:9233: checking if gcc PIC flag -DDLL_EXPORT -DPIC works
configure:9251: gcc -c -g -O2  -DDLL_EXPORT -DPIC -DPIC conftest.c >&5
configure:9255: $? = 0
configure:9268: result: yes
configure:9297: checking if gcc static flag -static works
configure:9325: result: yes
configure:9340: checking if gcc supports -c -o file.o
configure:9361: gcc -c -g -O2  -o out/conftest2.o conftest.c >&5
configure:9365: $? = 0
configure:9387: result: yes
configure:9395: checking if gcc supports -c -o file.o
configure:9442: result: yes
configure:9475: checking whether the gcc linker (/usr/i686-pc-cygwin/bin/ld.exe) supports shared libraries
configure:10628: result: yes
configure:10665: checking whether -lc should be explicitly linked in
configure:10673: gcc -c -g -O2  conftest.c >&5
configure:10676: $? = 0
configure:10691: gcc -shared conftest.o  -v -o ./conftest -Wl,--enable-auto-image-base -Xlinker --out-implib -Xlinker conftest 2\>\&1 \| /usr/bin/grep  -lc  \>/dev/null 2\>\&1
configure:10694: $? = 1
configure:10708: result: yes
configure:10868: checking dynamic linker characteristics
configure:11605: result: Win32 ld.exe
configure:11712: checking how to hardcode library paths into programs
configure:11737: result: immediate
configure:12277: checking whether stripping libraries is possible
configure:12282: result: yes
configure:12317: checking if libtool supports shared libraries
configure:12319: result: yes
configure:12322: checking whether to build shared libraries
configure:12343: result: yes
configure:12346: checking whether to build static libraries
configure:12350: result: yes
configure:12387: checking whether make sets $(MAKE)
configure:12409: result: yes
configure:12472: checking for pkg-config
configure:12490: found /usr/bin/pkg-config
configure:12502: result: /usr/bin/pkg-config
configure:12527: checking pkg-config is at least version 0.9.0
configure:12530: result: yes
configure:12561: checking for RM macro
configure:12605: result: rm -f
configure:12769: checking for dirent.h that defines DIR
configure:12788: gcc -c -g -O2  conftest.c >&5
configure:12788: $? = 0
configure:12796: result: yes
configure:12809: checking for library containing opendir
configure:12840: gcc -o conftest.exe -g -O2   conftest.c  >&5
configure:12840: $? = 0
configure:12857: result: none required
configure:12924: checking for ANSI C header files
configure:13028: result: yes
configure:13039: checking fcntl.h usability
configure:13039: gcc -c -g -O2  conftest.c >&5
configure:13039: $? = 0
configure:13039: result: yes
configure:13039: checking fcntl.h presence
configure:13039: gcc -E  conftest.c
configure:13039: $? = 0
configure:13039: result: yes
configure:13039: checking for fcntl.h
configure:13039: result: yes
configure:13039: checking regex.h usability
configure:13039: gcc -c -g -O2  conftest.c >&5
configure:13039: $? = 0
configure:13039: result: yes
configure:13039: checking regex.h presence
configure:13039: gcc -E  conftest.c
configure:13039: $? = 0
configure:13039: result: yes
configure:13039: checking for regex.h
configure:13039: result: yes
configure:13039: checking for stdlib.h
configure:13039: result: yes
configure:13039: checking for string.h
configure:13039: result: yes
configure:13039: checking for unistd.h
configure:13039: result: yes
configure:13039: checking sys/vfs.h usability
configure:13039: gcc -c -g -O2  conftest.c >&5
configure:13039: $? = 0
configure:13039: result: yes
configure:13039: checking sys/vfs.h presence
configure:13039: gcc -E  conftest.c
configure:13039: $? = 0
configure:13039: result: yes
configure:13039: checking for sys/vfs.h
configure:13039: result: yes
configure:13039: checking sys/statfs.h usability
configure:13039: gcc -c -g -O2  conftest.c >&5
configure:13039: $? = 0
configure:13039: result: yes
configure:13039: checking sys/statfs.h presence
configure:13039: gcc -E  conftest.c
configure:13039: $? = 0
configure:13039: result: yes
configure:13039: checking for sys/statfs.h
configure:13039: result: yes
configure:13039: checking sys/param.h usability
configure:13039: gcc -c -g -O2  conftest.c >&5
configure:13039: $? = 0
configure:13039: result: yes
configure:13039: checking sys/param.h presence
configure:13039: gcc -E  conftest.c
configure:13039: $? = 0
configure:13039: result: yes
configure:13039: checking for sys/param.h
configure:13039: result: yes
configure:13039: checking sys/mount.h usability
configure:13039: gcc -c -g -O2  conftest.c >&5
configure:13039: $? = 0
configure:13039: result: yes
configure:13039: checking sys/mount.h presence
configure:13039: gcc -E  conftest.c
configure:13039: $? = 0
configure:13039: result: yes
configure:13039: checking for sys/mount.h
configure:13039: result: yes
configure:13050: checking for stdint types
configure:13073: gcc -c   conftest.c >&5
configure:13073: $? = 0
configure:13117: result: stdint.h (shortcircuit)
configure:13504: result: make use of stdint.h in src/fcstdint.h (assuming C99 compatible system)
configure:13513: checking for an ANSI C-conforming const
configure:13579: gcc -c -g -O2  conftest.c >&5
configure:13579: $? = 0
configure:13586: result: yes
configure:13594: checking for inline
configure:13610: gcc -c -g -O2  conftest.c >&5
configure:13610: $? = 0
configure:13618: result: inline
configure:13637: checking for flexible array members
configure:13660: gcc -c -g -O2  conftest.c >&5
configure:13660: $? = 0
configure:13667: result: yes
configure:13678: checking for pid_t
configure:13678: gcc -c -g -O2  conftest.c >&5
configure:13678: $? = 0
configure:13678: gcc -c -g -O2  conftest.c >&5
conftest.c: In function 'main':
conftest.c:77:20: error: expected expression before ')' token
 if (sizeof ((pid_t)))
                    ^
configure:13678: $? = 1
configure: failed program was:
| /* confdefs.h */
| #define PACKAGE_NAME "fontconfig"
| #define PACKAGE_TARNAME "fontconfig"
| #define PACKAGE_VERSION "2.11.0"
| #define PACKAGE_STRING "fontconfig 2.11.0"
| #define PACKAGE_BUGREPORT "https://bugs.freedesktop.org/enter_bug.cgi?product=fontconfig"
| #define PACKAGE_URL ""
| #define PACKAGE "fontconfig"
| #define VERSION "2.11.0"
| #define STDC_HEADERS 1
| #define HAVE_SYS_TYPES_H 1
| #define HAVE_SYS_STAT_H 1
| #define HAVE_STDLIB_H 1
| #define HAVE_STRING_H 1
| #define HAVE_MEMORY_H 1
| #define HAVE_STRINGS_H 1
| #define HAVE_INTTYPES_H 1
| #define HAVE_STDINT_H 1
| #define HAVE_UNISTD_H 1
| #define __EXTENSIONS__ 1
| #define _ALL_SOURCE 1
| #define _GNU_SOURCE 1
| #define _POSIX_PTHREAD_SEMANTICS 1
| #define _TANDEM_SOURCE 1
| #define HAVE_DLFCN_H 1
| #define LT_OBJDIR ".libs/"
| #define HAVE_WARNING_CPP_DIRECTIVE 1
| #define HAVE_DIRENT_H 1
| #define STDC_HEADERS 1
| #define HAVE_FCNTL_H 1
| #define HAVE_REGEX_H 1
| #define HAVE_STDLIB_H 1
| #define HAVE_STRING_H 1
| #define HAVE_UNISTD_H 1
| #define HAVE_SYS_VFS_H 1
| #define HAVE_SYS_STATFS_H 1
| #define HAVE_SYS_PARAM_H 1
| #define HAVE_SYS_MOUNT_H 1
| #define FLEXIBLE_ARRAY_MEMBER /**/
| /* end confdefs.h.  */
| #include <stdio.h>
| #ifdef HAVE_SYS_TYPES_H
| # include <sys/types.h>
| #endif
| #ifdef HAVE_SYS_STAT_H
| # include <sys/stat.h>
| #endif
| #ifdef STDC_HEADERS
| # include <stdlib.h>
| # include <stddef.h>
| #else
| # ifdef HAVE_STDLIB_H
| #  include <stdlib.h>
| # endif
| #endif
| #ifdef HAVE_STRING_H
| # if !defined STDC_HEADERS && defined HAVE_MEMORY_H
| #  include <memory.h>
| # endif
| # include <string.h>
| #endif
| #ifdef HAVE_STRINGS_H
| # include <strings.h>
| #endif
| #ifdef HAVE_INTTYPES_H
| # include <inttypes.h>
| #endif
| #ifdef HAVE_STDINT_H
| # include <stdint.h>
| #endif
| #ifdef HAVE_UNISTD_H
| # include <unistd.h>
| #endif
| int
| main ()
| {
| if (sizeof ((pid_t)))
| 	    return 0;
|   ;
|   return 0;
| }
configure:13678: result: yes
configure:13693: checking for vprintf
configure:13693: gcc -o conftest.exe -g -O2   conftest.c  >&5
conftest.c:64:6: warning: conflicting types for built-in function 'vprintf' [enabled by default]
 char vprintf ();
      ^
configure:13693: $? = 0
configure:13693: result: yes
configure:13699: checking for _doprnt
configure:13699: gcc -o conftest.exe -g -O2   conftest.c  >&5
/tmp/cc5dZ8pj.o: In function `main':
/cygdrive/d/working/webkit-ndk/native/external/fontconfig/conftest.c:76: undefined reference to `_doprnt'
collect2: error: ld returned 1 exit status
configure:13699: $? = 1
configure: failed program was:
| /* confdefs.h */
| #define PACKAGE_NAME "fontconfig"
| #define PACKAGE_TARNAME "fontconfig"
| #define PACKAGE_VERSION "2.11.0"
| #define PACKAGE_STRING "fontconfig 2.11.0"
| #define PACKAGE_BUGREPORT "https://bugs.freedesktop.org/enter_bug.cgi?product=fontconfig"
| #define PACKAGE_URL ""
| #define PACKAGE "fontconfig"
| #define VERSION "2.11.0"
| #define STDC_HEADERS 1
| #define HAVE_SYS_TYPES_H 1
| #define HAVE_SYS_STAT_H 1
| #define HAVE_STDLIB_H 1
| #define HAVE_STRING_H 1
| #define HAVE_MEMORY_H 1
| #define HAVE_STRINGS_H 1
| #define HAVE_INTTYPES_H 1
| #define HAVE_STDINT_H 1
| #define HAVE_UNISTD_H 1
| #define __EXTENSIONS__ 1
| #define _ALL_SOURCE 1
| #define _GNU_SOURCE 1
| #define _POSIX_PTHREAD_SEMANTICS 1
| #define _TANDEM_SOURCE 1
| #define HAVE_DLFCN_H 1
| #define LT_OBJDIR ".libs/"
| #define HAVE_WARNING_CPP_DIRECTIVE 1
| #define HAVE_DIRENT_H 1
| #define STDC_HEADERS 1
| #define HAVE_FCNTL_H 1
| #define HAVE_REGEX_H 1
| #define HAVE_STDLIB_H 1
| #define HAVE_STRING_H 1
| #define HAVE_UNISTD_H 1
| #define HAVE_SYS_VFS_H 1
| #define HAVE_SYS_STATFS_H 1
| #define HAVE_SYS_PARAM_H 1
| #define HAVE_SYS_MOUNT_H 1
| #define FLEXIBLE_ARRAY_MEMBER /**/
| #define HAVE_VPRINTF 1
| /* end confdefs.h.  */
| /* Define _doprnt to an innocuous variant, in case <limits.h> declares _doprnt.
|    For example, HP-UX 11i <limits.h> declares gettimeofday.  */
| #define _doprnt innocuous__doprnt
| 
| /* System header to define __stub macros and hopefully few prototypes,
|     which can conflict with char _doprnt (); below.
|     Prefer <limits.h> to <assert.h> if __STDC__ is defined, since
|     <limits.h> exists even on freestanding compilers.  */
| 
| #ifdef __STDC__
| # include <limits.h>
| #else
| # include <assert.h>
| #endif
| 
| #undef _doprnt
| 
| /* Override any GCC internal prototype to avoid an error.
|    Use char because int might match the return type of a GCC
|    builtin and then its argument prototype would still apply.  */
| #ifdef __cplusplus
| extern "C"
| #endif
| char _doprnt ();
| /* The GNU C library defines this for functions which it implements
|     to always fail with ENOSYS.  Some functions are actually named
|     something starting with __ and the normal name is an alias.  */
| #if defined __stub__doprnt || defined __stub____doprnt
| choke me
| #endif
| 
| int
| main ()
| {
| return _doprnt ();
|   ;
|   return 0;
| }
configure:13699: result: no
configure:13716: checking for stdlib.h
configure:13716: result: yes
configure:13716: checking for unistd.h
configure:13716: result: yes
configure:13716: checking for sys/param.h
configure:13716: result: yes
configure:13736: checking for getpagesize
configure:13736: gcc -o conftest.exe -g -O2   conftest.c  >&5
configure:13736: $? = 0
configure:13736: result: yes
configure:13745: checking for working mmap
configure:13892: gcc -o conftest.exe -g -O2   conftest.c  >&5
configure:13892: $? = 0
configure:13892: ./conftest.exe
configure:13892: $? = 0
configure:13902: result: yes
configure:13914: checking for link
configure:13914: gcc -o conftest.exe -g -O2   conftest.c  >&5
configure:13914: $? = 0
configure:13914: result: yes
configure:13914: checking for mkstemp
configure:13914: gcc -o conftest.exe -g -O2   conftest.c  >&5
configure:13914: $? = 0
configure:13914: result: yes
configure:13914: checking for mkostemp
configure:13914: gcc -o conftest.exe -g -O2   conftest.c  >&5
configure:13914: $? = 0
configure:13914: result: yes
configure:13914: checking for _mktemp_s
configure:13914: gcc -o conftest.exe -g -O2   conftest.c  >&5
/tmp/cc4MJ6Pt.o: In function `main':
/cygdrive/d/working/webkit-ndk/native/external/fontconfig/conftest.c:84: undefined reference to `_mktemp_s'
collect2: error: ld returned 1 exit status
configure:13914: $? = 1
configure: failed program was:
| /* confdefs.h */
| #define PACKAGE_NAME "fontconfig"
| #define PACKAGE_TARNAME "fontconfig"
| #define PACKAGE_VERSION "2.11.0"
| #define PACKAGE_STRING "fontconfig 2.11.0"
| #define PACKAGE_BUGREPORT "https://bugs.freedesktop.org/enter_bug.cgi?product=fontconfig"
| #define PACKAGE_URL ""
| #define PACKAGE "fontconfig"
| #define VERSION "2.11.0"
| #define STDC_HEADERS 1
| #define HAVE_SYS_TYPES_H 1
| #define HAVE_SYS_STAT_H 1
| #define HAVE_STDLIB_H 1
| #define HAVE_STRING_H 1
| #define HAVE_MEMORY_H 1
| #define HAVE_STRINGS_H 1
| #define HAVE_INTTYPES_H 1
| #define HAVE_STDINT_H 1
| #define HAVE_UNISTD_H 1
| #define __EXTENSIONS__ 1
| #define _ALL_SOURCE 1
| #define _GNU_SOURCE 1
| #define _POSIX_PTHREAD_SEMANTICS 1
| #define _TANDEM_SOURCE 1
| #define HAVE_DLFCN_H 1
| #define LT_OBJDIR ".libs/"
| #define HAVE_WARNING_CPP_DIRECTIVE 1
| #define HAVE_DIRENT_H 1
| #define STDC_HEADERS 1
| #define HAVE_FCNTL_H 1
| #define HAVE_REGEX_H 1
| #define HAVE_STDLIB_H 1
| #define HAVE_STRING_H 1
| #define HAVE_UNISTD_H 1
| #define HAVE_SYS_VFS_H 1
| #define HAVE_SYS_STATFS_H 1
| #define HAVE_SYS_PARAM_H 1
| #define HAVE_SYS_MOUNT_H 1
| #define FLEXIBLE_ARRAY_MEMBER /**/
| #define HAVE_VPRINTF 1
| #define HAVE_STDLIB_H 1
| #define HAVE_UNISTD_H 1
| #define HAVE_SYS_PARAM_H 1
| #define HAVE_GETPAGESIZE 1
| #define HAVE_MMAP 1
| #define HAVE_LINK 1
| #define HAVE_MKSTEMP 1
| #define HAVE_MKOSTEMP 1
| /* end confdefs.h.  */
| /* Define _mktemp_s to an innocuous variant, in case <limits.h> declares _mktemp_s.
|    For example, HP-UX 11i <limits.h> declares gettimeofday.  */
| #define _mktemp_s innocuous__mktemp_s
| 
| /* System header to define __stub macros and hopefully few prototypes,
|     which can conflict with char _mktemp_s (); below.
|     Prefer <limits.h> to <assert.h> if __STDC__ is defined, since
|     <limits.h> exists even on freestanding compilers.  */
| 
| #ifdef __STDC__
| # include <limits.h>
| #else
| # include <assert.h>
| #endif
| 
| #undef _mktemp_s
| 
| /* Override any GCC internal prototype to avoid an error.
|    Use char because int might match the return type of a GCC
|    builtin and then its argument prototype would still apply.  */
| #ifdef __cplusplus
| extern "C"
| #endif
| char _mktemp_s ();
| /* The GNU C library defines this for functions which it implements
|     to always fail with ENOSYS.  Some functions are actually named
|     something starting with __ and the normal name is an alias.  */
| #if defined __stub__mktemp_s || defined __stub____mktemp_s
| choke me
| #endif
| 
| int
| main ()
| {
| return _mktemp_s ();
|   ;
|   return 0;
| }
configure:13914: result: no
configure:13914: checking for getopt
configure:13914: gcc -o conftest.exe -g -O2   conftest.c  >&5
configure:13914: $? = 0
configure:13914: result: yes
configure:13914: checking for getopt_long
configure:13914: gcc -o conftest.exe -g -O2   conftest.c  >&5
configure:13914: $? = 0
configure:13914: result: yes
configure:13914: checking for getprogname
configure:13914: gcc -o conftest.exe -g -O2   conftest.c  >&5
configure:13914: $? = 0
configure:13914: result: yes
configure:13914: checking for getexecname
configure:13914: gcc -o conftest.exe -g -O2   conftest.c  >&5
/tmp/ccwgeflx.o: In function `main':
/cygdrive/d/working/webkit-ndk/native/external/fontconfig/conftest.c:87: undefined reference to `getexecname'
collect2: error: ld returned 1 exit status
configure:13914: $? = 1
configure: failed program was:
| /* confdefs.h */
| #define PACKAGE_NAME "fontconfig"
| #define PACKAGE_TARNAME "fontconfig"
| #define PACKAGE_VERSION "2.11.0"
| #define PACKAGE_STRING "fontconfig 2.11.0"
| #define PACKAGE_BUGREPORT "https://bugs.freedesktop.org/enter_bug.cgi?product=fontconfig"
| #define PACKAGE_URL ""
| #define PACKAGE "fontconfig"
| #define VERSION "2.11.0"
| #define STDC_HEADERS 1
| #define HAVE_SYS_TYPES_H 1
| #define HAVE_SYS_STAT_H 1
| #define HAVE_STDLIB_H 1
| #define HAVE_STRING_H 1
| #define HAVE_MEMORY_H 1
| #define HAVE_STRINGS_H 1
| #define HAVE_INTTYPES_H 1
| #define HAVE_STDINT_H 1
| #define HAVE_UNISTD_H 1
| #define __EXTENSIONS__ 1
| #define _ALL_SOURCE 1
| #define _GNU_SOURCE 1
| #define _POSIX_PTHREAD_SEMANTICS 1
| #define _TANDEM_SOURCE 1
| #define HAVE_DLFCN_H 1
| #define LT_OBJDIR ".libs/"
| #define HAVE_WARNING_CPP_DIRECTIVE 1
| #define HAVE_DIRENT_H 1
| #define STDC_HEADERS 1
| #define HAVE_FCNTL_H 1
| #define HAVE_REGEX_H 1
| #define HAVE_STDLIB_H 1
| #define HAVE_STRING_H 1
| #define HAVE_UNISTD_H 1
| #define HAVE_SYS_VFS_H 1
| #define HAVE_SYS_STATFS_H 1
| #define HAVE_SYS_PARAM_H 1
| #define HAVE_SYS_MOUNT_H 1
| #define FLEXIBLE_ARRAY_MEMBER /**/
| #define HAVE_VPRINTF 1
| #define HAVE_STDLIB_H 1
| #define HAVE_UNISTD_H 1
| #define HAVE_SYS_PARAM_H 1
| #define HAVE_GETPAGESIZE 1
| #define HAVE_MMAP 1
| #define HAVE_LINK 1
| #define HAVE_MKSTEMP 1
| #define HAVE_MKOSTEMP 1
| #define HAVE_GETOPT 1
| #define HAVE_GETOPT_LONG 1
| #define HAVE_GETPROGNAME 1
| /* end confdefs.h.  */
| /* Define getexecname to an innocuous variant, in case <limits.h> declares getexecname.
|    For example, HP-UX 11i <limits.h> declares gettimeofday.  */
| #define getexecname innocuous_getexecname
| 
| /* System header to define __stub macros and hopefully few prototypes,
|     which can conflict with char getexecname (); below.
|     Prefer <limits.h> to <assert.h> if __STDC__ is defined, since
|     <limits.h> exists even on freestanding compilers.  */
| 
| #ifdef __STDC__
| # include <limits.h>
| #else
| # include <assert.h>
| #endif
| 
| #undef getexecname
| 
| /* Override any GCC internal prototype to avoid an error.
|    Use char because int might match the return type of a GCC
|    builtin and then its argument prototype would still apply.  */
| #ifdef __cplusplus
| extern "C"
| #endif
| char getexecname ();
| /* The GNU C library defines this for functions which it implements
|     to always fail with ENOSYS.  Some functions are actually named
|     something starting with __ and the normal name is an alias.  */
| #if defined __stub_getexecname || defined __stub___getexecname
| choke me
| #endif
| 
| int
| main ()
| {
| return getexecname ();
|   ;
|   return 0;
| }
configure:13914: result: no
configure:13914: checking for rand
configure:13914: gcc -o conftest.exe -g -O2   conftest.c  >&5
configure:13914: $? = 0
configure:13914: result: yes
configure:13914: checking for random
configure:13914: gcc -o conftest.exe -g -O2   conftest.c  >&5
configure:13914: $? = 0
configure:13914: result: yes
configure:13914: checking for lrand48
configure:13914: gcc -o conftest.exe -g -O2   conftest.c  >&5
configure:13914: $? = 0
configure:13914: result: yes
configure:13914: checking for random_r
configure:13914: gcc -o conftest.exe -g -O2   conftest.c  >&5
/tmp/cc4UxNgp.o: In function `main':
/cygdrive/d/working/webkit-ndk/native/external/fontconfig/conftest.c:90: undefined reference to `random_r'
collect2: error: ld returned 1 exit status
configure:13914: $? = 1
configure: failed program was:
| /* confdefs.h */
| #define PACKAGE_NAME "fontconfig"
| #define PACKAGE_TARNAME "fontconfig"
| #define PACKAGE_VERSION "2.11.0"
| #define PACKAGE_STRING "fontconfig 2.11.0"
| #define PACKAGE_BUGREPORT "https://bugs.freedesktop.org/enter_bug.cgi?product=fontconfig"
| #define PACKAGE_URL ""
| #define PACKAGE "fontconfig"
| #define VERSION "2.11.0"
| #define STDC_HEADERS 1
| #define HAVE_SYS_TYPES_H 1
| #define HAVE_SYS_STAT_H 1
| #define HAVE_STDLIB_H 1
| #define HAVE_STRING_H 1
| #define HAVE_MEMORY_H 1
| #define HAVE_STRINGS_H 1
| #define HAVE_INTTYPES_H 1
| #define HAVE_STDINT_H 1
| #define HAVE_UNISTD_H 1
| #define __EXTENSIONS__ 1
| #define _ALL_SOURCE 1
| #define _GNU_SOURCE 1
| #define _POSIX_PTHREAD_SEMANTICS 1
| #define _TANDEM_SOURCE 1
| #define HAVE_DLFCN_H 1
| #define LT_OBJDIR ".libs/"
| #define HAVE_WARNING_CPP_DIRECTIVE 1
| #define HAVE_DIRENT_H 1
| #define STDC_HEADERS 1
| #define HAVE_FCNTL_H 1
| #define HAVE_REGEX_H 1
| #define HAVE_STDLIB_H 1
| #define HAVE_STRING_H 1
| #define HAVE_UNISTD_H 1
| #define HAVE_SYS_VFS_H 1
| #define HAVE_SYS_STATFS_H 1
| #define HAVE_SYS_PARAM_H 1
| #define HAVE_SYS_MOUNT_H 1
| #define FLEXIBLE_ARRAY_MEMBER /**/
| #define HAVE_VPRINTF 1
| #define HAVE_STDLIB_H 1
| #define HAVE_UNISTD_H 1
| #define HAVE_SYS_PARAM_H 1
| #define HAVE_GETPAGESIZE 1
| #define HAVE_MMAP 1
| #define HAVE_LINK 1
| #define HAVE_MKSTEMP 1
| #define HAVE_MKOSTEMP 1
| #define HAVE_GETOPT 1
| #define HAVE_GETOPT_LONG 1
| #define HAVE_GETPROGNAME 1
| #define HAVE_RAND 1
| #define HAVE_RANDOM 1
| #define HAVE_LRAND48 1
| /* end confdefs.h.  */
| /* Define random_r to an innocuous variant, in case <limits.h> declares random_r.
|    For example, HP-UX 11i <limits.h> declares gettimeofday.  */
| #define random_r innocuous_random_r
| 
| /* System header to define __stub macros and hopefully few prototypes,
|     which can conflict with char random_r (); below.
|     Prefer <limits.h> to <assert.h> if __STDC__ is defined, since
|     <limits.h> exists even on freestanding compilers.  */
| 
| #ifdef __STDC__
| # include <limits.h>
| #else
| # include <assert.h>
| #endif
| 
| #undef random_r
| 
| /* Override any GCC internal prototype to avoid an error.
|    Use char because int might match the return type of a GCC
|    builtin and then its argument prototype would still apply.  */
| #ifdef __cplusplus
| extern "C"
| #endif
| char random_r ();
| /* The GNU C library defines this for functions which it implements
|     to always fail with ENOSYS.  Some functions are actually named
|     something starting with __ and the normal name is an alias.  */
| #if defined __stub_random_r || defined __stub___random_r
| choke me
| #endif
| 
| int
| main ()
| {
| return random_r ();
|   ;
|   return 0;
| }
configure:13914: result: no
configure:13914: checking for rand_r
configure:13914: gcc -o conftest.exe -g -O2   conftest.c  >&5
configure:13914: $? = 0
configure:13914: result: yes
configure:13914: checking for regcomp
configure:13914: gcc -o conftest.exe -g -O2   conftest.c  >&5
configure:13914: $? = 0
configure:13914: result: yes
configure:13914: checking for regerror
configure:13914: gcc -o conftest.exe -g -O2   conftest.c  >&5
configure:13914: $? = 0
configure:13914: result: yes
configure:13914: checking for regexec
configure:13914: gcc -o conftest.exe -g -O2   conftest.c  >&5
configure:13914: $? = 0
configure:13914: result: yes
configure:13914: checking for regfree
configure:13914: gcc -o conftest.exe -g -O2   conftest.c  >&5
configure:13914: $? = 0
configure:13914: result: yes
configure:13914: checking for fstatvfs
configure:13914: gcc -o conftest.exe -g -O2   conftest.c  >&5
configure:13914: $? = 0
configure:13914: result: yes
configure:13914: checking for fstatfs
configure:13914: gcc -o conftest.exe -g -O2   conftest.c  >&5
configure:13914: $? = 0
configure:13914: result: yes
configure:13914: checking for lstat
configure:13914: gcc -o conftest.exe -g -O2   conftest.c  >&5
configure:13914: $? = 0
configure:13914: result: yes
configure:13926: checking for posix_fadvise
configure:13937: gcc -o conftest.exe -g -O2 -Wall -Wpointer-arith -Wstrict-prototypes 	-Wmissing-prototypes -Wmissing-declarations 	-Wnested-externs -fno-strict-aliasing -Werror   conftest.c  >&5
configure:13937: $? = 0
configure:13939: result: yes
configure:13952: checking for scandir
configure:13966: gcc -o conftest.exe -g -O2 -Wall -Wpointer-arith -Wstrict-prototypes 	-Wmissing-prototypes -Wmissing-declarations 	-Wnested-externs -fno-strict-aliasing -Werror   conftest.c  >&5
configure:13966: $? = 0
configure:13968: result: yes
configure:14013: checking for struct statvfs.f_basetype
configure:14013: gcc -c -g -O2  conftest.c >&5
conftest.c: In function 'main':
conftest.c:72:12: error: 'struct statvfs' has no member named 'f_basetype'
 if (ac_aggr.f_basetype)
            ^
configure:14013: $? = 1
configure: failed program was:
| /* confdefs.h */
| #define PACKAGE_NAME "fontconfig"
| #define PACKAGE_TARNAME "fontconfig"
| #define PACKAGE_VERSION "2.11.0"
| #define PACKAGE_STRING "fontconfig 2.11.0"
| #define PACKAGE_BUGREPORT "https://bugs.freedesktop.org/enter_bug.cgi?product=fontconfig"
| #define PACKAGE_URL ""
| #define PACKAGE "fontconfig"
| #define VERSION "2.11.0"
| #define STDC_HEADERS 1
| #define HAVE_SYS_TYPES_H 1
| #define HAVE_SYS_STAT_H 1
| #define HAVE_STDLIB_H 1
| #define HAVE_STRING_H 1
| #define HAVE_MEMORY_H 1
| #define HAVE_STRINGS_H 1
| #define HAVE_INTTYPES_H 1
| #define HAVE_STDINT_H 1
| #define HAVE_UNISTD_H 1
| #define __EXTENSIONS__ 1
| #define _ALL_SOURCE 1
| #define _GNU_SOURCE 1
| #define _POSIX_PTHREAD_SEMANTICS 1
| #define _TANDEM_SOURCE 1
| #define HAVE_DLFCN_H 1
| #define LT_OBJDIR ".libs/"
| #define HAVE_WARNING_CPP_DIRECTIVE 1
| #define HAVE_DIRENT_H 1
| #define STDC_HEADERS 1
| #define HAVE_FCNTL_H 1
| #define HAVE_REGEX_H 1
| #define HAVE_STDLIB_H 1
| #define HAVE_STRING_H 1
| #define HAVE_UNISTD_H 1
| #define HAVE_SYS_VFS_H 1
| #define HAVE_SYS_STATFS_H 1
| #define HAVE_SYS_PARAM_H 1
| #define HAVE_SYS_MOUNT_H 1
| #define FLEXIBLE_ARRAY_MEMBER /**/
| #define HAVE_VPRINTF 1
| #define HAVE_STDLIB_H 1
| #define HAVE_UNISTD_H 1
| #define HAVE_SYS_PARAM_H 1
| #define HAVE_GETPAGESIZE 1
| #define HAVE_MMAP 1
| #define HAVE_LINK 1
| #define HAVE_MKSTEMP 1
| #define HAVE_MKOSTEMP 1
| #define HAVE_GETOPT 1
| #define HAVE_GETOPT_LONG 1
| #define HAVE_GETPROGNAME 1
| #define HAVE_RAND 1
| #define HAVE_RANDOM 1
| #define HAVE_LRAND48 1
| #define HAVE_RAND_R 1
| #define HAVE_REGCOMP 1
| #define HAVE_REGERROR 1
| #define HAVE_REGEXEC 1
| #define HAVE_REGFREE 1
| #define HAVE_FSTATVFS 1
| #define HAVE_FSTATFS 1
| #define HAVE_LSTAT 1
| #define HAVE_POSIX_FADVISE 1
| #define HAVE_SCANDIR 1
| /* end confdefs.h.  */
| #include <sys/statvfs.h>
| 
| int
| main ()
| {
| static struct statvfs ac_aggr;
| if (ac_aggr.f_basetype)
| return 0;
|   ;
|   return 0;
| }
configure:14013: gcc -c -g -O2  conftest.c >&5
conftest.c: In function 'main':
conftest.c:72:19: error: 'struct statvfs' has no member named 'f_basetype'
 if (sizeof ac_aggr.f_basetype)
                   ^
configure:14013: $? = 1
configure: failed program was:
| /* confdefs.h */
| #define PACKAGE_NAME "fontconfig"
| #define PACKAGE_TARNAME "fontconfig"
| #define PACKAGE_VERSION "2.11.0"
| #define PACKAGE_STRING "fontconfig 2.11.0"
| #define PACKAGE_BUGREPORT "https://bugs.freedesktop.org/enter_bug.cgi?product=fontconfig"
| #define PACKAGE_URL ""
| #define PACKAGE "fontconfig"
| #define VERSION "2.11.0"
| #define STDC_HEADERS 1
| #define HAVE_SYS_TYPES_H 1
| #define HAVE_SYS_STAT_H 1
| #define HAVE_STDLIB_H 1
| #define HAVE_STRING_H 1
| #define HAVE_MEMORY_H 1
| #define HAVE_STRINGS_H 1
| #define HAVE_INTTYPES_H 1
| #define HAVE_STDINT_H 1
| #define HAVE_UNISTD_H 1
| #define __EXTENSIONS__ 1
| #define _ALL_SOURCE 1
| #define _GNU_SOURCE 1
| #define _POSIX_PTHREAD_SEMANTICS 1
| #define _TANDEM_SOURCE 1
| #define HAVE_DLFCN_H 1
| #define LT_OBJDIR ".libs/"
| #define HAVE_WARNING_CPP_DIRECTIVE 1
| #define HAVE_DIRENT_H 1
| #define STDC_HEADERS 1
| #define HAVE_FCNTL_H 1
| #define HAVE_REGEX_H 1
| #define HAVE_STDLIB_H 1
| #define HAVE_STRING_H 1
| #define HAVE_UNISTD_H 1
| #define HAVE_SYS_VFS_H 1
| #define HAVE_SYS_STATFS_H 1
| #define HAVE_SYS_PARAM_H 1
| #define HAVE_SYS_MOUNT_H 1
| #define FLEXIBLE_ARRAY_MEMBER /**/
| #define HAVE_VPRINTF 1
| #define HAVE_STDLIB_H 1
| #define HAVE_UNISTD_H 1
| #define HAVE_SYS_PARAM_H 1
| #define HAVE_GETPAGESIZE 1
| #define HAVE_MMAP 1
| #define HAVE_LINK 1
| #define HAVE_MKSTEMP 1
| #define HAVE_MKOSTEMP 1
| #define HAVE_GETOPT 1
| #define HAVE_GETOPT_LONG 1
| #define HAVE_GETPROGNAME 1
| #define HAVE_RAND 1
| #define HAVE_RANDOM 1
| #define HAVE_LRAND48 1
| #define HAVE_RAND_R 1
| #define HAVE_REGCOMP 1
| #define HAVE_REGERROR 1
| #define HAVE_REGEXEC 1
| #define HAVE_REGFREE 1
| #define HAVE_FSTATVFS 1
| #define HAVE_FSTATFS 1
| #define HAVE_LSTAT 1
| #define HAVE_POSIX_FADVISE 1
| #define HAVE_SCANDIR 1
| /* end confdefs.h.  */
| #include <sys/statvfs.h>
| 
| int
| main ()
| {
| static struct statvfs ac_aggr;
| if (sizeof ac_aggr.f_basetype)
| return 0;
|   ;
|   return 0;
| }
configure:14013: result: no
configure:14023: checking for struct statvfs.f_fstypename
configure:14023: gcc -c -g -O2  conftest.c >&5
conftest.c: In function 'main':
conftest.c:72:12: error: 'struct statvfs' has no member named 'f_fstypename'
 if (ac_aggr.f_fstypename)
            ^
configure:14023: $? = 1
configure: failed program was:
| /* confdefs.h */
| #define PACKAGE_NAME "fontconfig"
| #define PACKAGE_TARNAME "fontconfig"
| #define PACKAGE_VERSION "2.11.0"
| #define PACKAGE_STRING "fontconfig 2.11.0"
| #define PACKAGE_BUGREPORT "https://bugs.freedesktop.org/enter_bug.cgi?product=fontconfig"
| #define PACKAGE_URL ""
| #define PACKAGE "fontconfig"
| #define VERSION "2.11.0"
| #define STDC_HEADERS 1
| #define HAVE_SYS_TYPES_H 1
| #define HAVE_SYS_STAT_H 1
| #define HAVE_STDLIB_H 1
| #define HAVE_STRING_H 1
| #define HAVE_MEMORY_H 1
| #define HAVE_STRINGS_H 1
| #define HAVE_INTTYPES_H 1
| #define HAVE_STDINT_H 1
| #define HAVE_UNISTD_H 1
| #define __EXTENSIONS__ 1
| #define _ALL_SOURCE 1
| #define _GNU_SOURCE 1
| #define _POSIX_PTHREAD_SEMANTICS 1
| #define _TANDEM_SOURCE 1
| #define HAVE_DLFCN_H 1
| #define LT_OBJDIR ".libs/"
| #define HAVE_WARNING_CPP_DIRECTIVE 1
| #define HAVE_DIRENT_H 1
| #define STDC_HEADERS 1
| #define HAVE_FCNTL_H 1
| #define HAVE_REGEX_H 1
| #define HAVE_STDLIB_H 1
| #define HAVE_STRING_H 1
| #define HAVE_UNISTD_H 1
| #define HAVE_SYS_VFS_H 1
| #define HAVE_SYS_STATFS_H 1
| #define HAVE_SYS_PARAM_H 1
| #define HAVE_SYS_MOUNT_H 1
| #define FLEXIBLE_ARRAY_MEMBER /**/
| #define HAVE_VPRINTF 1
| #define HAVE_STDLIB_H 1
| #define HAVE_UNISTD_H 1
| #define HAVE_SYS_PARAM_H 1
| #define HAVE_GETPAGESIZE 1
| #define HAVE_MMAP 1
| #define HAVE_LINK 1
| #define HAVE_MKSTEMP 1
| #define HAVE_MKOSTEMP 1
| #define HAVE_GETOPT 1
| #define HAVE_GETOPT_LONG 1
| #define HAVE_GETPROGNAME 1
| #define HAVE_RAND 1
| #define HAVE_RANDOM 1
| #define HAVE_LRAND48 1
| #define HAVE_RAND_R 1
| #define HAVE_REGCOMP 1
| #define HAVE_REGERROR 1
| #define HAVE_REGEXEC 1
| #define HAVE_REGFREE 1
| #define HAVE_FSTATVFS 1
| #define HAVE_FSTATFS 1
| #define HAVE_LSTAT 1
| #define HAVE_POSIX_FADVISE 1
| #define HAVE_SCANDIR 1
| /* end confdefs.h.  */
| #include <sys/statvfs.h>
| 
| int
| main ()
| {
| static struct statvfs ac_aggr;
| if (ac_aggr.f_fstypename)
| return 0;
|   ;
|   return 0;
| }
configure:14023: gcc -c -g -O2  conftest.c >&5
conftest.c: In function 'main':
conftest.c:72:19: error: 'struct statvfs' has no member named 'f_fstypename'
 if (sizeof ac_aggr.f_fstypename)
                   ^
configure:14023: $? = 1
configure: failed program was:
| /* confdefs.h */
| #define PACKAGE_NAME "fontconfig"
| #define PACKAGE_TARNAME "fontconfig"
| #define PACKAGE_VERSION "2.11.0"
| #define PACKAGE_STRING "fontconfig 2.11.0"
| #define PACKAGE_BUGREPORT "https://bugs.freedesktop.org/enter_bug.cgi?product=fontconfig"
| #define PACKAGE_URL ""
| #define PACKAGE "fontconfig"
| #define VERSION "2.11.0"
| #define STDC_HEADERS 1
| #define HAVE_SYS_TYPES_H 1
| #define HAVE_SYS_STAT_H 1
| #define HAVE_STDLIB_H 1
| #define HAVE_STRING_H 1
| #define HAVE_MEMORY_H 1
| #define HAVE_STRINGS_H 1
| #define HAVE_INTTYPES_H 1
| #define HAVE_STDINT_H 1
| #define HAVE_UNISTD_H 1
| #define __EXTENSIONS__ 1
| #define _ALL_SOURCE 1
| #define _GNU_SOURCE 1
| #define _POSIX_PTHREAD_SEMANTICS 1
| #define _TANDEM_SOURCE 1
| #define HAVE_DLFCN_H 1
| #define LT_OBJDIR ".libs/"
| #define HAVE_WARNING_CPP_DIRECTIVE 1
| #define HAVE_DIRENT_H 1
| #define STDC_HEADERS 1
| #define HAVE_FCNTL_H 1
| #define HAVE_REGEX_H 1
| #define HAVE_STDLIB_H 1
| #define HAVE_STRING_H 1
| #define HAVE_UNISTD_H 1
| #define HAVE_SYS_VFS_H 1
| #define HAVE_SYS_STATFS_H 1
| #define HAVE_SYS_PARAM_H 1
| #define HAVE_SYS_MOUNT_H 1
| #define FLEXIBLE_ARRAY_MEMBER /**/
| #define HAVE_VPRINTF 1
| #define HAVE_STDLIB_H 1
| #define HAVE_UNISTD_H 1
| #define HAVE_SYS_PARAM_H 1
| #define HAVE_GETPAGESIZE 1
| #define HAVE_MMAP 1
| #define HAVE_LINK 1
| #define HAVE_MKSTEMP 1
| #define HAVE_MKOSTEMP 1
| #define HAVE_GETOPT 1
| #define HAVE_GETOPT_LONG 1
| #define HAVE_GETPROGNAME 1
| #define HAVE_RAND 1
| #define HAVE_RANDOM 1
| #define HAVE_LRAND48 1
| #define HAVE_RAND_R 1
| #define HAVE_REGCOMP 1
| #define HAVE_REGERROR 1
| #define HAVE_REGEXEC 1
| #define HAVE_REGFREE 1
| #define HAVE_FSTATVFS 1
| #define HAVE_FSTATFS 1
| #define HAVE_LSTAT 1
| #define HAVE_POSIX_FADVISE 1
| #define HAVE_SCANDIR 1
| /* end confdefs.h.  */
| #include <sys/statvfs.h>
| 
| int
| main ()
| {
| static struct statvfs ac_aggr;
| if (sizeof ac_aggr.f_fstypename)
| return 0;
|   ;
|   return 0;
| }
configure:14023: result: no
configure:14036: checking for struct statfs.f_flags
configure:14036: gcc -c -g -O2  conftest.c >&5
conftest.c: In function 'main':
conftest.c:84:12: error: 'struct statfs' has no member named 'f_flags'
 if (ac_aggr.f_flags)
            ^
configure:14036: $? = 1
configure: failed program was:
| /* confdefs.h */
| #define PACKAGE_NAME "fontconfig"
| #define PACKAGE_TARNAME "fontconfig"
| #define PACKAGE_VERSION "2.11.0"
| #define PACKAGE_STRING "fontconfig 2.11.0"
| #define PACKAGE_BUGREPORT "https://bugs.freedesktop.org/enter_bug.cgi?product=fontconfig"
| #define PACKAGE_URL ""
| #define PACKAGE "fontconfig"
| #define VERSION "2.11.0"
| #define STDC_HEADERS 1
| #define HAVE_SYS_TYPES_H 1
| #define HAVE_SYS_STAT_H 1
| #define HAVE_STDLIB_H 1
| #define HAVE_STRING_H 1
| #define HAVE_MEMORY_H 1
| #define HAVE_STRINGS_H 1
| #define HAVE_INTTYPES_H 1
| #define HAVE_STDINT_H 1
| #define HAVE_UNISTD_H 1
| #define __EXTENSIONS__ 1
| #define _ALL_SOURCE 1
| #define _GNU_SOURCE 1
| #define _POSIX_PTHREAD_SEMANTICS 1
| #define _TANDEM_SOURCE 1
| #define HAVE_DLFCN_H 1
| #define LT_OBJDIR ".libs/"
| #define HAVE_WARNING_CPP_DIRECTIVE 1
| #define HAVE_DIRENT_H 1
| #define STDC_HEADERS 1
| #define HAVE_FCNTL_H 1
| #define HAVE_REGEX_H 1
| #define HAVE_STDLIB_H 1
| #define HAVE_STRING_H 1
| #define HAVE_UNISTD_H 1
| #define HAVE_SYS_VFS_H 1
| #define HAVE_SYS_STATFS_H 1
| #define HAVE_SYS_PARAM_H 1
| #define HAVE_SYS_MOUNT_H 1
| #define FLEXIBLE_ARRAY_MEMBER /**/
| #define HAVE_VPRINTF 1
| #define HAVE_STDLIB_H 1
| #define HAVE_UNISTD_H 1
| #define HAVE_SYS_PARAM_H 1
| #define HAVE_GETPAGESIZE 1
| #define HAVE_MMAP 1
| #define HAVE_LINK 1
| #define HAVE_MKSTEMP 1
| #define HAVE_MKOSTEMP 1
| #define HAVE_GETOPT 1
| #define HAVE_GETOPT_LONG 1
| #define HAVE_GETPROGNAME 1
| #define HAVE_RAND 1
| #define HAVE_RANDOM 1
| #define HAVE_LRAND48 1
| #define HAVE_RAND_R 1
| #define HAVE_REGCOMP 1
| #define HAVE_REGERROR 1
| #define HAVE_REGEXEC 1
| #define HAVE_REGFREE 1
| #define HAVE_FSTATVFS 1
| #define HAVE_FSTATFS 1
| #define HAVE_LSTAT 1
| #define HAVE_POSIX_FADVISE 1
| #define HAVE_SCANDIR 1
| /* end confdefs.h.  */
| 
| #ifdef HAVE_SYS_VFS_H
| #include <sys/vfs.h>
| #endif
| #ifdef HAVE_SYS_STATFS_H
| #include <sys/statfs.h>
| #endif
| #ifdef HAVE_SYS_PARAM_H
| #include <sys/param.h>
| #endif
| #ifdef HAVE_SYS_MOUNT_H
| #include <sys/mount.h>
| #endif
| 
| int
| main ()
| {
| static struct statfs ac_aggr;
| if (ac_aggr.f_flags)
| return 0;
|   ;
|   return 0;
| }
configure:14036: gcc -c -g -O2  conftest.c >&5
conftest.c: In function 'main':
conftest.c:84:19: error: 'struct statfs' has no member named 'f_flags'
 if (sizeof ac_aggr.f_flags)
                   ^
configure:14036: $? = 1
configure: failed program was:
| /* confdefs.h */
| #define PACKAGE_NAME "fontconfig"
| #define PACKAGE_TARNAME "fontconfig"
| #define PACKAGE_VERSION "2.11.0"
| #define PACKAGE_STRING "fontconfig 2.11.0"
| #define PACKAGE_BUGREPORT "https://bugs.freedesktop.org/enter_bug.cgi?product=fontconfig"
| #define PACKAGE_URL ""
| #define PACKAGE "fontconfig"
| #define VERSION "2.11.0"
| #define STDC_HEADERS 1
| #define HAVE_SYS_TYPES_H 1
| #define HAVE_SYS_STAT_H 1
| #define HAVE_STDLIB_H 1
| #define HAVE_STRING_H 1
| #define HAVE_MEMORY_H 1
| #define HAVE_STRINGS_H 1
| #define HAVE_INTTYPES_H 1
| #define HAVE_STDINT_H 1
| #define HAVE_UNISTD_H 1
| #define __EXTENSIONS__ 1
| #define _ALL_SOURCE 1
| #define _GNU_SOURCE 1
| #define _POSIX_PTHREAD_SEMANTICS 1
| #define _TANDEM_SOURCE 1
| #define HAVE_DLFCN_H 1
| #define LT_OBJDIR ".libs/"
| #define HAVE_WARNING_CPP_DIRECTIVE 1
| #define HAVE_DIRENT_H 1
| #define STDC_HEADERS 1
| #define HAVE_FCNTL_H 1
| #define HAVE_REGEX_H 1
| #define HAVE_STDLIB_H 1
| #define HAVE_STRING_H 1
| #define HAVE_UNISTD_H 1
| #define HAVE_SYS_VFS_H 1
| #define HAVE_SYS_STATFS_H 1
| #define HAVE_SYS_PARAM_H 1
| #define HAVE_SYS_MOUNT_H 1
| #define FLEXIBLE_ARRAY_MEMBER /**/
| #define HAVE_VPRINTF 1
| #define HAVE_STDLIB_H 1
| #define HAVE_UNISTD_H 1
| #define HAVE_SYS_PARAM_H 1
| #define HAVE_GETPAGESIZE 1
| #define HAVE_MMAP 1
| #define HAVE_LINK 1
| #define HAVE_MKSTEMP 1
| #define HAVE_MKOSTEMP 1
| #define HAVE_GETOPT 1
| #define HAVE_GETOPT_LONG 1
| #define HAVE_GETPROGNAME 1
| #define HAVE_RAND 1
| #define HAVE_RANDOM 1
| #define HAVE_LRAND48 1
| #define HAVE_RAND_R 1
| #define HAVE_REGCOMP 1
| #define HAVE_REGERROR 1
| #define HAVE_REGEXEC 1
| #define HAVE_REGFREE 1
| #define HAVE_FSTATVFS 1
| #define HAVE_FSTATFS 1
| #define HAVE_LSTAT 1
| #define HAVE_POSIX_FADVISE 1
| #define HAVE_SCANDIR 1
| /* end confdefs.h.  */
| 
| #ifdef HAVE_SYS_VFS_H
| #include <sys/vfs.h>
| #endif
| #ifdef HAVE_SYS_STATFS_H
| #include <sys/statfs.h>
| #endif
| #ifdef HAVE_SYS_PARAM_H
| #include <sys/param.h>
| #endif
| #ifdef HAVE_SYS_MOUNT_H
| #include <sys/mount.h>
| #endif
| 
| int
| main ()
| {
| static struct statfs ac_aggr;
| if (sizeof ac_aggr.f_flags)
| return 0;
|   ;
|   return 0;
| }
configure:14036: result: no
configure:14058: checking for struct statfs.f_fstypename
configure:14058: gcc -c -g -O2  conftest.c >&5
conftest.c: In function 'main':
conftest.c:84:12: error: 'struct statfs' has no member named 'f_fstypename'
 if (ac_aggr.f_fstypename)
            ^
configure:14058: $? = 1
configure: failed program was:
| /* confdefs.h */
| #define PACKAGE_NAME "fontconfig"
| #define PACKAGE_TARNAME "fontconfig"
| #define PACKAGE_VERSION "2.11.0"
| #define PACKAGE_STRING "fontconfig 2.11.0"
| #define PACKAGE_BUGREPORT "https://bugs.freedesktop.org/enter_bug.cgi?product=fontconfig"
| #define PACKAGE_URL ""
| #define PACKAGE "fontconfig"
| #define VERSION "2.11.0"
| #define STDC_HEADERS 1
| #define HAVE_SYS_TYPES_H 1
| #define HAVE_SYS_STAT_H 1
| #define HAVE_STDLIB_H 1
| #define HAVE_STRING_H 1
| #define HAVE_MEMORY_H 1
| #define HAVE_STRINGS_H 1
| #define HAVE_INTTYPES_H 1
| #define HAVE_STDINT_H 1
| #define HAVE_UNISTD_H 1
| #define __EXTENSIONS__ 1
| #define _ALL_SOURCE 1
| #define _GNU_SOURCE 1
| #define _POSIX_PTHREAD_SEMANTICS 1
| #define _TANDEM_SOURCE 1
| #define HAVE_DLFCN_H 1
| #define LT_OBJDIR ".libs/"
| #define HAVE_WARNING_CPP_DIRECTIVE 1
| #define HAVE_DIRENT_H 1
| #define STDC_HEADERS 1
| #define HAVE_FCNTL_H 1
| #define HAVE_REGEX_H 1
| #define HAVE_STDLIB_H 1
| #define HAVE_STRING_H 1
| #define HAVE_UNISTD_H 1
| #define HAVE_SYS_VFS_H 1
| #define HAVE_SYS_STATFS_H 1
| #define HAVE_SYS_PARAM_H 1
| #define HAVE_SYS_MOUNT_H 1
| #define FLEXIBLE_ARRAY_MEMBER /**/
| #define HAVE_VPRINTF 1
| #define HAVE_STDLIB_H 1
| #define HAVE_UNISTD_H 1
| #define HAVE_SYS_PARAM_H 1
| #define HAVE_GETPAGESIZE 1
| #define HAVE_MMAP 1
| #define HAVE_LINK 1
| #define HAVE_MKSTEMP 1
| #define HAVE_MKOSTEMP 1
| #define HAVE_GETOPT 1
| #define HAVE_GETOPT_LONG 1
| #define HAVE_GETPROGNAME 1
| #define HAVE_RAND 1
| #define HAVE_RANDOM 1
| #define HAVE_LRAND48 1
| #define HAVE_RAND_R 1
| #define HAVE_REGCOMP 1
| #define HAVE_REGERROR 1
| #define HAVE_REGEXEC 1
| #define HAVE_REGFREE 1
| #define HAVE_FSTATVFS 1
| #define HAVE_FSTATFS 1
| #define HAVE_LSTAT 1
| #define HAVE_POSIX_FADVISE 1
| #define HAVE_SCANDIR 1
| /* end confdefs.h.  */
| 
| #ifdef HAVE_SYS_VFS_H
| #include <sys/vfs.h>
| #endif
| #ifdef HAVE_SYS_STATFS_H
| #include <sys/statfs.h>
| #endif
| #ifdef HAVE_SYS_PARAM_H
| #include <sys/param.h>
| #endif
| #ifdef HAVE_SYS_MOUNT_H
| #include <sys/mount.h>
| #endif
| 
| int
| main ()
| {
| static struct statfs ac_aggr;
| if (ac_aggr.f_fstypename)
| return 0;
|   ;
|   return 0;
| }
configure:14058: gcc -c -g -O2  conftest.c >&5
conftest.c: In function 'main':
conftest.c:84:19: error: 'struct statfs' has no member named 'f_fstypename'
 if (sizeof ac_aggr.f_fstypename)
                   ^
configure:14058: $? = 1
configure: failed program was:
| /* confdefs.h */
| #define PACKAGE_NAME "fontconfig"
| #define PACKAGE_TARNAME "fontconfig"
| #define PACKAGE_VERSION "2.11.0"
| #define PACKAGE_STRING "fontconfig 2.11.0"
| #define PACKAGE_BUGREPORT "https://bugs.freedesktop.org/enter_bug.cgi?product=fontconfig"
| #define PACKAGE_URL ""
| #define PACKAGE "fontconfig"
| #define VERSION "2.11.0"
| #define STDC_HEADERS 1
| #define HAVE_SYS_TYPES_H 1
| #define HAVE_SYS_STAT_H 1
| #define HAVE_STDLIB_H 1
| #define HAVE_STRING_H 1
| #define HAVE_MEMORY_H 1
| #define HAVE_STRINGS_H 1
| #define HAVE_INTTYPES_H 1
| #define HAVE_STDINT_H 1
| #define HAVE_UNISTD_H 1
| #define __EXTENSIONS__ 1
| #define _ALL_SOURCE 1
| #define _GNU_SOURCE 1
| #define _POSIX_PTHREAD_SEMANTICS 1
| #define _TANDEM_SOURCE 1
| #define HAVE_DLFCN_H 1
| #define LT_OBJDIR ".libs/"
| #define HAVE_WARNING_CPP_DIRECTIVE 1
| #define HAVE_DIRENT_H 1
| #define STDC_HEADERS 1
| #define HAVE_FCNTL_H 1
| #define HAVE_REGEX_H 1
| #define HAVE_STDLIB_H 1
| #define HAVE_STRING_H 1
| #define HAVE_UNISTD_H 1
| #define HAVE_SYS_VFS_H 1
| #define HAVE_SYS_STATFS_H 1
| #define HAVE_SYS_PARAM_H 1
| #define HAVE_SYS_MOUNT_H 1
| #define FLEXIBLE_ARRAY_MEMBER /**/
| #define HAVE_VPRINTF 1
| #define HAVE_STDLIB_H 1
| #define HAVE_UNISTD_H 1
| #define HAVE_SYS_PARAM_H 1
| #define HAVE_GETPAGESIZE 1
| #define HAVE_MMAP 1
| #define HAVE_LINK 1
| #define HAVE_MKSTEMP 1
| #define HAVE_MKOSTEMP 1
| #define HAVE_GETOPT 1
| #define HAVE_GETOPT_LONG 1
| #define HAVE_GETPROGNAME 1
| #define HAVE_RAND 1
| #define HAVE_RANDOM 1
| #define HAVE_LRAND48 1
| #define HAVE_RAND_R 1
| #define HAVE_REGCOMP 1
| #define HAVE_REGERROR 1
| #define HAVE_REGEXEC 1
| #define HAVE_REGFREE 1
| #define HAVE_FSTATVFS 1
| #define HAVE_FSTATFS 1
| #define HAVE_LSTAT 1
| #define HAVE_POSIX_FADVISE 1
| #define HAVE_SCANDIR 1
| /* end confdefs.h.  */
| 
| #ifdef HAVE_SYS_VFS_H
| #include <sys/vfs.h>
| #endif
| #ifdef HAVE_SYS_STATFS_H
| #include <sys/statfs.h>
| #endif
| #ifdef HAVE_SYS_PARAM_H
| #include <sys/param.h>
| #endif
| #ifdef HAVE_SYS_MOUNT_H
| #include <sys/mount.h>
| #endif
| 
| int
| main ()
| {
| static struct statfs ac_aggr;
| if (sizeof ac_aggr.f_fstypename)
| return 0;
|   ;
|   return 0;
| }
configure:14058: result: no
configure:14082: checking for struct dirent.d_type
configure:14082: gcc -c -g -O2  conftest.c >&5
configure:14082: $? = 0
configure:14082: result: yes
configure:14235: checking for FREETYPE
configure:14242: $PKG_CONFIG --exists --print-errors "freetype2"
configure:14245: $? = 0
configure:14259: $PKG_CONFIG --exists --print-errors "freetype2"
configure:14262: $? = 0
configure:14320: result: yes
configure:14336: checking for FT_Get_Next_Char
configure:14336: gcc -o conftest.exe -g -O2 -I/usr/include/freetype2     conftest.c  -lfreetype -lz -lbz2   >&5
configure:14336: $? = 0
configure:14336: result: yes
configure:14336: checking for FT_Get_BDF_Property
configure:14336: gcc -o conftest.exe -g -O2 -I/usr/include/freetype2     conftest.c  -lfreetype -lz -lbz2   >&5
configure:14336: $? = 0
configure:14336: result: yes
configure:14336: checking for FT_Get_PS_Font_Info
configure:14336: gcc -o conftest.exe -g -O2 -I/usr/include/freetype2     conftest.c  -lfreetype -lz -lbz2   >&5
configure:14336: $? = 0
configure:14336: result: yes
configure:14336: checking for FT_Has_PS_Glyph_Names
configure:14336: gcc -o conftest.exe -g -O2 -I/usr/include/freetype2     conftest.c  -lfreetype -lz -lbz2   >&5
configure:14336: $? = 0
configure:14336: result: yes
configure:14336: checking for FT_Get_X11_Font_Format
configure:14336: gcc -o conftest.exe -g -O2 -I/usr/include/freetype2     conftest.c  -lfreetype -lz -lbz2   >&5
configure:14336: $? = 0
configure:14336: result: yes
configure:14336: checking for FT_Select_Size
configure:14336: gcc -o conftest.exe -g -O2 -I/usr/include/freetype2     conftest.c  -lfreetype -lz -lbz2   >&5
configure:14336: $? = 0
configure:14336: result: yes
configure:14345: checking for FT_Bitmap_Size.y_ppem
configure:14345: gcc -c -g -O2 -I/usr/include/freetype2    conftest.c >&5
configure:14345: $? = 0
configure:14345: result: yes
configure:14395: checking for EXPAT
configure:14402: $PKG_CONFIG --exists --print-errors "expat"
configure:14405: $? = 0
configure:14419: $PKG_CONFIG --exists --print-errors "expat"
configure:14422: $? = 0
configure:14460: result: yes
configure:14491: checking expat.h usability
configure:14491: gcc -c -g -O2    conftest.c >&5
configure:14491: $? = 0
configure:14491: result: yes
configure:14491: checking expat.h presence
configure:14491: gcc -E    conftest.c
configure:14491: $? = 0
configure:14491: result: yes
configure:14491: checking for expat.h
configure:14491: result: yes
configure:14519: checking for XML_SetDoctypeDeclHandler
configure:14519: gcc -o conftest.exe -g -O2     conftest.c  -lexpat   >&5
configure:14519: $? = 0
configure:14519: result: yes
configure:14897: checking for Intel atomic primitives
configure:14920: gcc -o conftest.exe -g -O2   conftest.c  >&5
configure:14920: $? = 0
configure:14928: result: true
configure:14936: checking for Solaris atomic operations
configure:14961: gcc -o conftest.exe -g -O2   conftest.c  >&5
conftest.c:81:22: fatal error: atomic.h: No such file or directory
   #include <atomic.h>
                      ^
compilation terminated.
configure:14961: $? = 1
configure: failed program was:
| /* confdefs.h */
| #define PACKAGE_NAME "fontconfig"
| #define PACKAGE_TARNAME "fontconfig"
| #define PACKAGE_VERSION "2.11.0"
| #define PACKAGE_STRING "fontconfig 2.11.0"
| #define PACKAGE_BUGREPORT "https://bugs.freedesktop.org/enter_bug.cgi?product=fontconfig"
| #define PACKAGE_URL ""
| #define PACKAGE "fontconfig"
| #define VERSION "2.11.0"
| #define STDC_HEADERS 1
| #define HAVE_SYS_TYPES_H 1
| #define HAVE_SYS_STAT_H 1
| #define HAVE_STDLIB_H 1
| #define HAVE_STRING_H 1
| #define HAVE_MEMORY_H 1
| #define HAVE_STRINGS_H 1
| #define HAVE_INTTYPES_H 1
| #define HAVE_STDINT_H 1
| #define HAVE_UNISTD_H 1
| #define __EXTENSIONS__ 1
| #define _ALL_SOURCE 1
| #define _GNU_SOURCE 1
| #define _POSIX_PTHREAD_SEMANTICS 1
| #define _TANDEM_SOURCE 1
| #define HAVE_DLFCN_H 1
| #define LT_OBJDIR ".libs/"
| #define HAVE_WARNING_CPP_DIRECTIVE 1
| #define HAVE_DIRENT_H 1
| #define STDC_HEADERS 1
| #define HAVE_FCNTL_H 1
| #define HAVE_REGEX_H 1
| #define HAVE_STDLIB_H 1
| #define HAVE_STRING_H 1
| #define HAVE_UNISTD_H 1
| #define HAVE_SYS_VFS_H 1
| #define HAVE_SYS_STATFS_H 1
| #define HAVE_SYS_PARAM_H 1
| #define HAVE_SYS_MOUNT_H 1
| #define FLEXIBLE_ARRAY_MEMBER /**/
| #define HAVE_VPRINTF 1
| #define HAVE_STDLIB_H 1
| #define HAVE_UNISTD_H 1
| #define HAVE_SYS_PARAM_H 1
| #define HAVE_GETPAGESIZE 1
| #define HAVE_MMAP 1
| #define HAVE_LINK 1
| #define HAVE_MKSTEMP 1
| #define HAVE_MKOSTEMP 1
| #define HAVE_GETOPT 1
| #define HAVE_GETOPT_LONG 1
| #define HAVE_GETPROGNAME 1
| #define HAVE_RAND 1
| #define HAVE_RANDOM 1
| #define HAVE_LRAND48 1
| #define HAVE_RAND_R 1
| #define HAVE_REGCOMP 1
| #define HAVE_REGERROR 1
| #define HAVE_REGEXEC 1
| #define HAVE_REGFREE 1
| #define HAVE_FSTATVFS 1
| #define HAVE_FSTATFS 1
| #define HAVE_LSTAT 1
| #define HAVE_POSIX_FADVISE 1
| #define HAVE_SCANDIR 1
| #define HAVE_STRUCT_DIRENT_D_TYPE 1
| #define USE_REGEX /**/
| #define USE_ICONV 0
| #define HAVE_FT_GET_NEXT_CHAR 1
| #define HAVE_FT_GET_BDF_PROPERTY 1
| #define HAVE_FT_GET_PS_FONT_INFO 1
| #define HAVE_FT_HAS_PS_GLYPH_NAMES 1
| #define HAVE_FT_GET_X11_FONT_FORMAT 1
| #define HAVE_FT_SELECT_SIZE 1
| #define HAVE_FT_BITMAP_SIZE_Y_PPEM 1
| #define HAVE_XML_SETDOCTYPEDECLHANDLER 1
| #define FC_DEFAULT_FONTS "/usr/share/fonts"
| #define FC_ADD_FONTS "yes"
| #define HAVE_INTEL_ATOMIC_PRIMITIVES 1
| /* end confdefs.h.  */
| 
| 		#include <atomic.h>
| 		/* This requires Solaris Studio 12.2 or newer: */
| 		#include <mbarrier.h>
| 		void memory_barrier (void) { __machine_rw_barrier (); }
| 		int atomic_add (volatile unsigned *i) { return atomic_add_int_nv (i, 1); }
| 		void *atomic_ptr_cmpxchg (volatile void **target, void *cmp, void *newval) { return atomic_cas_ptr (target, cmp, newval); }
| 
| int
| main ()
| {
| 
|   ;
|   return 0;
| }
configure:14969: result: false
configure:15220: checking for the pthreads library -lpthreads
configure:15258: gcc -o conftest.exe -g -O2    conftest.c -lpthreads  >&5
/usr/lib/gcc/i686-pc-cygwin/4.8.2/../../../../i686-pc-cygwin/bin/ld: cannot find -lpthreads
collect2: error: ld returned 1 exit status
configure:15258: $? = 1
configure: failed program was:
| /* confdefs.h */
| #define PACKAGE_NAME "fontconfig"
| #define PACKAGE_TARNAME "fontconfig"
| #define PACKAGE_VERSION "2.11.0"
| #define PACKAGE_STRING "fontconfig 2.11.0"
| #define PACKAGE_BUGREPORT "https://bugs.freedesktop.org/enter_bug.cgi?product=fontconfig"
| #define PACKAGE_URL ""
| #define PACKAGE "fontconfig"
| #define VERSION "2.11.0"
| #define STDC_HEADERS 1
| #define HAVE_SYS_TYPES_H 1
| #define HAVE_SYS_STAT_H 1
| #define HAVE_STDLIB_H 1
| #define HAVE_STRING_H 1
| #define HAVE_MEMORY_H 1
| #define HAVE_STRINGS_H 1
| #define HAVE_INTTYPES_H 1
| #define HAVE_STDINT_H 1
| #define HAVE_UNISTD_H 1
| #define __EXTENSIONS__ 1
| #define _ALL_SOURCE 1
| #define _GNU_SOURCE 1
| #define _POSIX_PTHREAD_SEMANTICS 1
| #define _TANDEM_SOURCE 1
| #define HAVE_DLFCN_H 1
| #define LT_OBJDIR ".libs/"
| #define HAVE_WARNING_CPP_DIRECTIVE 1
| #define HAVE_DIRENT_H 1
| #define STDC_HEADERS 1
| #define HAVE_FCNTL_H 1
| #define HAVE_REGEX_H 1
| #define HAVE_STDLIB_H 1
| #define HAVE_STRING_H 1
| #define HAVE_UNISTD_H 1
| #define HAVE_SYS_VFS_H 1
| #define HAVE_SYS_STATFS_H 1
| #define HAVE_SYS_PARAM_H 1
| #define HAVE_SYS_MOUNT_H 1
| #define FLEXIBLE_ARRAY_MEMBER /**/
| #define HAVE_VPRINTF 1
| #define HAVE_STDLIB_H 1
| #define HAVE_UNISTD_H 1
| #define HAVE_SYS_PARAM_H 1
| #define HAVE_GETPAGESIZE 1
| #define HAVE_MMAP 1
| #define HAVE_LINK 1
| #define HAVE_MKSTEMP 1
| #define HAVE_MKOSTEMP 1
| #define HAVE_GETOPT 1
| #define HAVE_GETOPT_LONG 1
| #define HAVE_GETPROGNAME 1
| #define HAVE_RAND 1
| #define HAVE_RANDOM 1
| #define HAVE_LRAND48 1
| #define HAVE_RAND_R 1
| #define HAVE_REGCOMP 1
| #define HAVE_REGERROR 1
| #define HAVE_REGEXEC 1
| #define HAVE_REGFREE 1
| #define HAVE_FSTATVFS 1
| #define HAVE_FSTATFS 1
| #define HAVE_LSTAT 1
| #define HAVE_POSIX_FADVISE 1
| #define HAVE_SCANDIR 1
| #define HAVE_STRUCT_DIRENT_D_TYPE 1
| #define USE_REGEX /**/
| #define USE_ICONV 0
| #define HAVE_FT_GET_NEXT_CHAR 1
| #define HAVE_FT_GET_BDF_PROPERTY 1
| #define HAVE_FT_GET_PS_FONT_INFO 1
| #define HAVE_FT_HAS_PS_GLYPH_NAMES 1
| #define HAVE_FT_GET_X11_FONT_FORMAT 1
| #define HAVE_FT_SELECT_SIZE 1
| #define HAVE_FT_BITMAP_SIZE_Y_PPEM 1
| #define HAVE_XML_SETDOCTYPEDECLHANDLER 1
| #define FC_DEFAULT_FONTS "/usr/share/fonts"
| #define FC_ADD_FONTS "yes"
| #define HAVE_INTEL_ATOMIC_PRIMITIVES 1
| /* end confdefs.h.  */
| #include <pthread.h>
|                         static void routine(void *a) { a = 0; }
|                         static void *start_routine(void *a) { return a; }
| int
| main ()
| {
| pthread_t th; pthread_attr_t attr;
|                         pthread_create(&th, 0, start_routine, 0);
|                         pthread_join(th, 0);
|                         pthread_attr_init(&attr);
|                         pthread_cleanup_push(routine, 0);
|                         pthread_cleanup_pop(0) /* ; */
|   ;
|   return 0;
| }
configure:15267: result: no
configure:15165: checking whether pthreads work without any flags
configure:15258: gcc -o conftest.exe -g -O2    conftest.c   >&5
configure:15258: $? = 0
configure:15267: result: yes
configure:15286: checking for joinable pthread attribute
configure:15301: gcc -o conftest.exe -g -O2    conftest.c   >&5
configure:15301: $? = 0
configure:15307: result: PTHREAD_CREATE_JOINABLE
configure:15317: checking if more special flags are required for pthreads
configure:15331: result: no
configure:15337: checking for PTHREAD_PRIO_INHERIT
configure:15355: gcc -o conftest.exe -g -O2    conftest.c   >&5
conftest.c: In function 'main':
conftest.c:85:9: error: 'PTHREAD_PRIO_INHERIT' undeclared (first use in this function)
 int i = PTHREAD_PRIO_INHERIT;
         ^
conftest.c:85:9: note: each undeclared identifier is reported only once for each function it appears in
configure:15355: $? = 1
configure: failed program was:
| /* confdefs.h */
| #define PACKAGE_NAME "fontconfig"
| #define PACKAGE_TARNAME "fontconfig"
| #define PACKAGE_VERSION "2.11.0"
| #define PACKAGE_STRING "fontconfig 2.11.0"
| #define PACKAGE_BUGREPORT "https://bugs.freedesktop.org/enter_bug.cgi?product=fontconfig"
| #define PACKAGE_URL ""
| #define PACKAGE "fontconfig"
| #define VERSION "2.11.0"
| #define STDC_HEADERS 1
| #define HAVE_SYS_TYPES_H 1
| #define HAVE_SYS_STAT_H 1
| #define HAVE_STDLIB_H 1
| #define HAVE_STRING_H 1
| #define HAVE_MEMORY_H 1
| #define HAVE_STRINGS_H 1
| #define HAVE_INTTYPES_H 1
| #define HAVE_STDINT_H 1
| #define HAVE_UNISTD_H 1
| #define __EXTENSIONS__ 1
| #define _ALL_SOURCE 1
| #define _GNU_SOURCE 1
| #define _POSIX_PTHREAD_SEMANTICS 1
| #define _TANDEM_SOURCE 1
| #define HAVE_DLFCN_H 1
| #define LT_OBJDIR ".libs/"
| #define HAVE_WARNING_CPP_DIRECTIVE 1
| #define HAVE_DIRENT_H 1
| #define STDC_HEADERS 1
| #define HAVE_FCNTL_H 1
| #define HAVE_REGEX_H 1
| #define HAVE_STDLIB_H 1
| #define HAVE_STRING_H 1
| #define HAVE_UNISTD_H 1
| #define HAVE_SYS_VFS_H 1
| #define HAVE_SYS_STATFS_H 1
| #define HAVE_SYS_PARAM_H 1
| #define HAVE_SYS_MOUNT_H 1
| #define FLEXIBLE_ARRAY_MEMBER /**/
| #define HAVE_VPRINTF 1
| #define HAVE_STDLIB_H 1
| #define HAVE_UNISTD_H 1
| #define HAVE_SYS_PARAM_H 1
| #define HAVE_GETPAGESIZE 1
| #define HAVE_MMAP 1
| #define HAVE_LINK 1
| #define HAVE_MKSTEMP 1
| #define HAVE_MKOSTEMP 1
| #define HAVE_GETOPT 1
| #define HAVE_GETOPT_LONG 1
| #define HAVE_GETPROGNAME 1
| #define HAVE_RAND 1
| #define HAVE_RANDOM 1
| #define HAVE_LRAND48 1
| #define HAVE_RAND_R 1
| #define HAVE_REGCOMP 1
| #define HAVE_REGERROR 1
| #define HAVE_REGEXEC 1
| #define HAVE_REGFREE 1
| #define HAVE_FSTATVFS 1
| #define HAVE_FSTATFS 1
| #define HAVE_LSTAT 1
| #define HAVE_POSIX_FADVISE 1
| #define HAVE_SCANDIR 1
| #define HAVE_STRUCT_DIRENT_D_TYPE 1
| #define USE_REGEX /**/
| #define USE_ICONV 0
| #define HAVE_FT_GET_NEXT_CHAR 1
| #define HAVE_FT_GET_BDF_PROPERTY 1
| #define HAVE_FT_GET_PS_FONT_INFO 1
| #define HAVE_FT_HAS_PS_GLYPH_NAMES 1
| #define HAVE_FT_GET_X11_FONT_FORMAT 1
| #define HAVE_FT_SELECT_SIZE 1
| #define HAVE_FT_BITMAP_SIZE_Y_PPEM 1
| #define HAVE_XML_SETDOCTYPEDECLHANDLER 1
| #define FC_DEFAULT_FONTS "/usr/share/fonts"
| #define FC_ADD_FONTS "yes"
| #define HAVE_INTEL_ATOMIC_PRIMITIVES 1
| /* end confdefs.h.  */
| 
|                     #include <pthread.h>
| int
| main ()
| {
| int i = PTHREAD_PRIO_INHERIT;
|   ;
|   return 0;
| }
configure:15364: result: no
configure:15472: checking for docbook2html
configure:15500: result: no
configure:15562: checking whether byte ordering is bigendian
configure:15577: gcc -c -g -O2   conftest.c >&5
conftest.c:82:9: error: unknown type name 'not'
         not a universal capable compiler
         ^
conftest.c:82:15: error: expected '=', ',', ';', 'asm' or '__attribute__' before 'universal'
         not a universal capable compiler
               ^
conftest.c:82:15: error: unknown type name 'universal'
configure:15577: $? = 1
configure: failed program was:
| /* confdefs.h */
| #define PACKAGE_NAME "fontconfig"
| #define PACKAGE_TARNAME "fontconfig"
| #define PACKAGE_VERSION "2.11.0"
| #define PACKAGE_STRING "fontconfig 2.11.0"
| #define PACKAGE_BUGREPORT "https://bugs.freedesktop.org/enter_bug.cgi?product=fontconfig"
| #define PACKAGE_URL ""
| #define PACKAGE "fontconfig"
| #define VERSION "2.11.0"
| #define STDC_HEADERS 1
| #define HAVE_SYS_TYPES_H 1
| #define HAVE_SYS_STAT_H 1
| #define HAVE_STDLIB_H 1
| #define HAVE_STRING_H 1
| #define HAVE_MEMORY_H 1
| #define HAVE_STRINGS_H 1
| #define HAVE_INTTYPES_H 1
| #define HAVE_STDINT_H 1
| #define HAVE_UNISTD_H 1
| #define __EXTENSIONS__ 1
| #define _ALL_SOURCE 1
| #define _GNU_SOURCE 1
| #define _POSIX_PTHREAD_SEMANTICS 1
| #define _TANDEM_SOURCE 1
| #define HAVE_DLFCN_H 1
| #define LT_OBJDIR ".libs/"
| #define HAVE_WARNING_CPP_DIRECTIVE 1
| #define HAVE_DIRENT_H 1
| #define STDC_HEADERS 1
| #define HAVE_FCNTL_H 1
| #define HAVE_REGEX_H 1
| #define HAVE_STDLIB_H 1
| #define HAVE_STRING_H 1
| #define HAVE_UNISTD_H 1
| #define HAVE_SYS_VFS_H 1
| #define HAVE_SYS_STATFS_H 1
| #define HAVE_SYS_PARAM_H 1
| #define HAVE_SYS_MOUNT_H 1
| #define FLEXIBLE_ARRAY_MEMBER /**/
| #define HAVE_VPRINTF 1
| #define HAVE_STDLIB_H 1
| #define HAVE_UNISTD_H 1
| #define HAVE_SYS_PARAM_H 1
| #define HAVE_GETPAGESIZE 1
| #define HAVE_MMAP 1
| #define HAVE_LINK 1
| #define HAVE_MKSTEMP 1
| #define HAVE_MKOSTEMP 1
| #define HAVE_GETOPT 1
| #define HAVE_GETOPT_LONG 1
| #define HAVE_GETPROGNAME 1
| #define HAVE_RAND 1
| #define HAVE_RANDOM 1
| #define HAVE_LRAND48 1
| #define HAVE_RAND_R 1
| #define HAVE_REGCOMP 1
| #define HAVE_REGERROR 1
| #define HAVE_REGEXEC 1
| #define HAVE_REGFREE 1
| #define HAVE_FSTATVFS 1
| #define HAVE_FSTATFS 1
| #define HAVE_LSTAT 1
| #define HAVE_POSIX_FADVISE 1
| #define HAVE_SCANDIR 1
| #define HAVE_STRUCT_DIRENT_D_TYPE 1
| #define USE_REGEX /**/
| #define USE_ICONV 0
| #define HAVE_FT_GET_NEXT_CHAR 1
| #define HAVE_FT_GET_BDF_PROPERTY 1
| #define HAVE_FT_GET_PS_FONT_INFO 1
| #define HAVE_FT_HAS_PS_GLYPH_NAMES 1
| #define HAVE_FT_GET_X11_FONT_FORMAT 1
| #define HAVE_FT_SELECT_SIZE 1
| #define HAVE_FT_BITMAP_SIZE_Y_PPEM 1
| #define HAVE_XML_SETDOCTYPEDECLHANDLER 1
| #define FC_DEFAULT_FONTS "/usr/share/fonts"
| #define FC_ADD_FONTS "yes"
| #define HAVE_INTEL_ATOMIC_PRIMITIVES 1
| #define HAVE_PTHREAD 1
| /* end confdefs.h.  */
| #ifndef __APPLE_CC__
| 	       not a universal capable compiler
| 	     #endif
| 	     typedef int dummy;
| 
configure:15622: gcc -c -g -O2   conftest.c >&5
configure:15622: $? = 0
configure:15640: gcc -c -g -O2   conftest.c >&5
conftest.c: In function 'main':
conftest.c:88:4: error: unknown type name 'not'
    not big endian
    ^
conftest.c:88:12: error: expected '=', ',', ';', 'asm' or '__attribute__' before 'endian'
    not big endian
            ^
configure:15640: $? = 1
configure: failed program was:
| /* confdefs.h */
| #define PACKAGE_NAME "fontconfig"
| #define PACKAGE_TARNAME "fontconfig"
| #define PACKAGE_VERSION "2.11.0"
| #define PACKAGE_STRING "fontconfig 2.11.0"
| #define PACKAGE_BUGREPORT "https://bugs.freedesktop.org/enter_bug.cgi?product=fontconfig"
| #define PACKAGE_URL ""
| #define PACKAGE "fontconfig"
| #define VERSION "2.11.0"
| #define STDC_HEADERS 1
| #define HAVE_SYS_TYPES_H 1
| #define HAVE_SYS_STAT_H 1
| #define HAVE_STDLIB_H 1
| #define HAVE_STRING_H 1
| #define HAVE_MEMORY_H 1
| #define HAVE_STRINGS_H 1
| #define HAVE_INTTYPES_H 1
| #define HAVE_STDINT_H 1
| #define HAVE_UNISTD_H 1
| #define __EXTENSIONS__ 1
| #define _ALL_SOURCE 1
| #define _GNU_SOURCE 1
| #define _POSIX_PTHREAD_SEMANTICS 1
| #define _TANDEM_SOURCE 1
| #define HAVE_DLFCN_H 1
| #define LT_OBJDIR ".libs/"
| #define HAVE_WARNING_CPP_DIRECTIVE 1
| #define HAVE_DIRENT_H 1
| #define STDC_HEADERS 1
| #define HAVE_FCNTL_H 1
| #define HAVE_REGEX_H 1
| #define HAVE_STDLIB_H 1
| #define HAVE_STRING_H 1
| #define HAVE_UNISTD_H 1
| #define HAVE_SYS_VFS_H 1
| #define HAVE_SYS_STATFS_H 1
| #define HAVE_SYS_PARAM_H 1
| #define HAVE_SYS_MOUNT_H 1
| #define FLEXIBLE_ARRAY_MEMBER /**/
| #define HAVE_VPRINTF 1
| #define HAVE_STDLIB_H 1
| #define HAVE_UNISTD_H 1
| #define HAVE_SYS_PARAM_H 1
| #define HAVE_GETPAGESIZE 1
| #define HAVE_MMAP 1
| #define HAVE_LINK 1
| #define HAVE_MKSTEMP 1
| #define HAVE_MKOSTEMP 1
| #define HAVE_GETOPT 1
| #define HAVE_GETOPT_LONG 1
| #define HAVE_GETPROGNAME 1
| #define HAVE_RAND 1
| #define HAVE_RANDOM 1
| #define HAVE_LRAND48 1
| #define HAVE_RAND_R 1
| #define HAVE_REGCOMP 1
| #define HAVE_REGERROR 1
| #define HAVE_REGEXEC 1
| #define HAVE_REGFREE 1
| #define HAVE_FSTATVFS 1
| #define HAVE_FSTATFS 1
| #define HAVE_LSTAT 1
| #define HAVE_POSIX_FADVISE 1
| #define HAVE_SCANDIR 1
| #define HAVE_STRUCT_DIRENT_D_TYPE 1
| #define USE_REGEX /**/
| #define USE_ICONV 0
| #define HAVE_FT_GET_NEXT_CHAR 1
| #define HAVE_FT_GET_BDF_PROPERTY 1
| #define HAVE_FT_GET_PS_FONT_INFO 1
| #define HAVE_FT_HAS_PS_GLYPH_NAMES 1
| #define HAVE_FT_GET_X11_FONT_FORMAT 1
| #define HAVE_FT_SELECT_SIZE 1
| #define HAVE_FT_BITMAP_SIZE_Y_PPEM 1
| #define HAVE_XML_SETDOCTYPEDECLHANDLER 1
| #define FC_DEFAULT_FONTS "/usr/share/fonts"
| #define FC_ADD_FONTS "yes"
| #define HAVE_INTEL_ATOMIC_PRIMITIVES 1
| #define HAVE_PTHREAD 1
| /* end confdefs.h.  */
| #include <sys/types.h>
| 		#include <sys/param.h>
| 
| int
| main ()
| {
| #if BYTE_ORDER != BIG_ENDIAN
| 		 not big endian
| 		#endif
| 
|   ;
|   return 0;
| }
configure:15768: result: no
configure:15790: checking size of void *
configure:15795: gcc -o conftest.exe -g -O2    conftest.c   >&5
configure:15795: $? = 0
configure:15795: ./conftest.exe
configure:15795: $? = 0
configure:15809: result: 4
configure:15821: checking alignment of double
configure:15826: gcc -o conftest.exe -g -O2    conftest.c   >&5
configure:15826: $? = 0
configure:15826: ./conftest.exe
configure:15826: $? = 0
configure:15844: result: 8
configure:15971: checking that generated files are newer than configure
configure:15977: result: done
configure:16029: creating ./config.status

## ---------------------- ##
## Running config.status. ##
## ---------------------- ##

This file was extended by fontconfig config.status 2.11.0, which was
generated by GNU Autoconf 2.69.  Invocation command line was

  CONFIG_FILES    = 
  CONFIG_HEADERS  = 
  CONFIG_LINKS    = 
  CONFIG_COMMANDS = 
  $ ./config.status 

on AD00038392

config.status:1273: creating Makefile
config.status:1273: creating fontconfig/Makefile
config.status:1273: creating fc-lang/Makefile
config.status:1273: creating fc-glyphname/Makefile
config.status:1273: creating fc-case/Makefile
config.status:1273: creating src/Makefile
config.status:1273: creating conf.d/Makefile
config.status:1273: creating fc-cache/Makefile
config.status:1273: creating fc-cat/Makefile
config.status:1273: creating fc-list/Makefile
config.status:1273: creating fc-match/Makefile
config.status:1273: creating fc-pattern/Makefile
config.status:1273: creating fc-query/Makefile
config.status:1273: creating fc-scan/Makefile
config.status:1273: creating fc-validate/Makefile
config.status:1273: creating doc/Makefile
config.status:1273: creating doc/version.sgml
config.status:1273: creating test/Makefile
config.status:1273: creating fontconfig.spec
config.status:1273: creating fontconfig.pc
config.status:1273: creating fontconfig-zip
config.status:1273: creating config.h
config.status:1502: executing depfiles commands
config.status:1502: executing libtool commands
config.status:1502: executing src/fcstdint.h commands
config.status:2236: creating src/fcstdint.h : _FONTCONFIG_SRC_FCSTDINT_H

## ---------------- ##
## Cache variables. ##
## ---------------- ##

ac_cv_alignof_double=8
ac_cv_build=i686-pc-cygwin
ac_cv_c_bigendian=no
ac_cv_c_compiler_gnu=yes
ac_cv_c_const=yes
ac_cv_c_flexmember=yes
ac_cv_c_inline=inline
ac_cv_env_CC_FOR_BUILD_set=
ac_cv_env_CC_FOR_BUILD_value=
ac_cv_env_CC_set=
ac_cv_env_CC_value=
ac_cv_env_CFLAGS_set=
ac_cv_env_CFLAGS_value=
ac_cv_env_CPPFLAGS_set=
ac_cv_env_CPPFLAGS_value=
ac_cv_env_CPP_set=
ac_cv_env_CPP_value=
ac_cv_env_EXPAT_CFLAGS_set=
ac_cv_env_EXPAT_CFLAGS_value=
ac_cv_env_EXPAT_LIBS_set=
ac_cv_env_EXPAT_LIBS_value=
ac_cv_env_FREETYPE_CFLAGS_set=
ac_cv_env_FREETYPE_CFLAGS_value=
ac_cv_env_FREETYPE_LIBS_set=
ac_cv_env_FREETYPE_LIBS_value=
ac_cv_env_LDFLAGS_set=
ac_cv_env_LDFLAGS_value=
ac_cv_env_LIBS_set=
ac_cv_env_LIBS_value=
ac_cv_env_LIBXML2_CFLAGS_set=
ac_cv_env_LIBXML2_CFLAGS_value=
ac_cv_env_LIBXML2_LIBS_set=
ac_cv_env_LIBXML2_LIBS_value=
ac_cv_env_PKG_CONFIG_LIBDIR_set=
ac_cv_env_PKG_CONFIG_LIBDIR_value=
ac_cv_env_PKG_CONFIG_PATH_set=
ac_cv_env_PKG_CONFIG_PATH_value=
ac_cv_env_PKG_CONFIG_set=
ac_cv_env_PKG_CONFIG_value=
ac_cv_env_build_alias_set=
ac_cv_env_build_alias_value=
ac_cv_env_host_alias_set=
ac_cv_env_host_alias_value=
ac_cv_env_target_alias_set=
ac_cv_env_target_alias_value=
ac_cv_exeext=.exe
ac_cv_func_FT_Get_BDF_Property=yes
ac_cv_func_FT_Get_Next_Char=yes
ac_cv_func_FT_Get_PS_Font_Info=yes
ac_cv_func_FT_Get_X11_Font_Format=yes
ac_cv_func_FT_Has_PS_Glyph_Names=yes
ac_cv_func_FT_Select_Size=yes
ac_cv_func_XML_SetDoctypeDeclHandler=yes
ac_cv_func__doprnt=no
ac_cv_func__mktemp_s=no
ac_cv_func_fstatfs=yes
ac_cv_func_fstatvfs=yes
ac_cv_func_getexecname=no
ac_cv_func_getopt=yes
ac_cv_func_getopt_long=yes
ac_cv_func_getpagesize=yes
ac_cv_func_getprogname=yes
ac_cv_func_link=yes
ac_cv_func_lrand48=yes
ac_cv_func_lstat=yes
ac_cv_func_mkostemp=yes
ac_cv_func_mkstemp=yes
ac_cv_func_mmap_fixed_mapped=yes
ac_cv_func_rand=yes
ac_cv_func_rand_r=yes
ac_cv_func_random=yes
ac_cv_func_random_r=no
ac_cv_func_regcomp=yes
ac_cv_func_regerror=yes
ac_cv_func_regexec=yes
ac_cv_func_regfree=yes
ac_cv_func_vprintf=yes
ac_cv_header_dirent_dirent_h=yes
ac_cv_header_dlfcn_h=yes
ac_cv_header_expat_h=yes
ac_cv_header_fcntl_h=yes
ac_cv_header_inttypes_h=yes
ac_cv_header_memory_h=yes
ac_cv_header_minix_config_h=no
ac_cv_header_regex_h=yes
ac_cv_header_stdc=yes
ac_cv_header_stdint=stdint.h
ac_cv_header_stdint_h=yes
ac_cv_header_stdint_t=stdint.h
ac_cv_header_stdlib_h=yes
ac_cv_header_string_h=yes
ac_cv_header_strings_h=yes
ac_cv_header_sys_mount_h=yes
ac_cv_header_sys_param_h=yes
ac_cv_header_sys_stat_h=yes
ac_cv_header_sys_statfs_h=yes
ac_cv_header_sys_types_h=yes
ac_cv_header_sys_vfs_h=yes
ac_cv_header_unistd_h=yes
ac_cv_host=i686-pc-cygwin
ac_cv_member_FT_Bitmap_Size_y_ppem=yes
ac_cv_member_struct_dirent_d_type=yes
ac_cv_member_struct_statfs_f_flags=no
ac_cv_member_struct_statfs_f_fstypename=no
ac_cv_member_struct_statvfs_f_basetype=no
ac_cv_member_struct_statvfs_f_fstypename=no
ac_cv_objext=o
ac_cv_path_EGREP='/usr/bin/grep -E'
ac_cv_path_FGREP='/usr/bin/grep -F'
ac_cv_path_GREP=/usr/bin/grep
ac_cv_path_SED=/usr/bin/sed
ac_cv_path_ac_pt_PKG_CONFIG=/usr/bin/pkg-config
ac_cv_path_install='/usr/bin/install -c'
ac_cv_path_mkdir=/usr/bin/mkdir
ac_cv_prog_AWK=gawk
ac_cv_prog_CPP='gcc -E'
ac_cv_prog_HASDOCBOOK=no
ac_cv_prog_ac_ct_AR=ar
ac_cv_prog_ac_ct_AS=as
ac_cv_prog_ac_ct_CC=gcc
ac_cv_prog_ac_ct_DLLTOOL=dlltool
ac_cv_prog_ac_ct_OBJDUMP=objdump
ac_cv_prog_ac_ct_RANLIB=ranlib
ac_cv_prog_ac_ct_STRIP=strip
ac_cv_prog_cc_c89=
ac_cv_prog_cc_g=yes
ac_cv_prog_make_make_set=yes
ac_cv_safe_to_define___extensions__=yes
ac_cv_search_opendir='none required'
ac_cv_sizeof_void_p=4
ac_cv_stdint_message='using gnu compiler gcc (GCC) 4.8.2'
ac_cv_stdint_result='(assuming C99 compatible system)'
ac_cv_sys_file_offset_bits=no
ac_cv_sys_largefile_CC=no
ac_cv_type_pid_t=yes
am_cv_CC_dependencies_compiler_type=gcc3
am_cv_make_support_nested_variables=yes
ax_cv_PTHREAD_PRIO_INHERIT=no
fc_cv_have_intel_atomic_primitives=true
fc_cv_have_solaris_atomic_ops=false
lt_cv_ar_at_file=@
lt_cv_archive_cmds_need_lc=yes
lt_cv_deplibs_check_method='file_magic ^x86 archive import|^x86 DLL'
lt_cv_file_magic_cmd=func_win32_libid
lt_cv_file_magic_test_file=
lt_cv_ld_reload_flag=-r
lt_cv_nm_interface='BSD nm'
lt_cv_objdir=.libs
lt_cv_path_LD=/usr/i686-pc-cygwin/bin/ld.exe
lt_cv_path_NM='/usr/bin/nm -B'
lt_cv_path_mainfest_tool=no
lt_cv_prog_compiler_c_o=yes
lt_cv_prog_compiler_pic='-DDLL_EXPORT -DPIC'
lt_cv_prog_compiler_pic_works=yes
lt_cv_prog_compiler_rtti_exceptions=no
lt_cv_prog_compiler_static_works=yes
lt_cv_prog_gnu_ld=yes
lt_cv_sharedlib_from_linklib_cmd=func_cygming_dll_for_implib
lt_cv_sys_global_symbol_pipe='sed -n -e '\''s/^.*[	 ]\([ABCDGIRSTW][ABCDGIRSTW]*\)[	 ][	 ]*_\([_A-Za-z][_A-Za-z0-9]*\)$/\1 _\2 \2/p'\'' | sed '\''/ __gnu_lto/d'\'''
lt_cv_sys_global_symbol_to_c_name_address='sed -n -e '\''s/^: \([^ ]*\)[ ]*$/  {\"\1\", (void *) 0},/p'\'' -e '\''s/^[ABCDGIRSTW]* \([^ ]*\) \([^ ]*\)$/  {"\2", (void *) \&\2},/p'\'''
lt_cv_sys_global_symbol_to_c_name_address_lib_prefix='sed -n -e '\''s/^: \([^ ]*\)[ ]*$/  {\"\1\", (void *) 0},/p'\'' -e '\''s/^[ABCDGIRSTW]* \([^ ]*\) \(lib[^ ]*\)$/  {"\2", (void *) \&\2},/p'\'' -e '\''s/^[ABCDGIRSTW]* \([^ ]*\) \([^ ]*\)$/  {"lib\2", (void *) \&\2},/p'\'''
lt_cv_sys_global_symbol_to_cdecl='sed -n -e '\''s/^T .* \(.*\)$/extern int \1();/p'\'' -e '\''s/^[ABCDGIRSTW]* .* \(.*\)$/extern char \1;/p'\'''
lt_cv_sys_max_cmd_len=8192
lt_cv_to_host_file_cmd=func_convert_file_noop
lt_cv_to_tool_file_cmd=func_convert_file_noop
pkg_cv_EXPAT_CFLAGS=' '
pkg_cv_EXPAT_LIBS='-lexpat  '
pkg_cv_FREETYPE_CFLAGS='-I/usr/include/freetype2  '
pkg_cv_FREETYPE_LIBS='-lfreetype -lz -lbz2  '

## ----------------- ##
## Output variables. ##
## ----------------- ##

ACLOCAL='${SHELL} /cygdrive/d/working/webkit-ndk/native/external/fontconfig/missing aclocal-1.13'
AMDEPBACKSLASH='\'
AMDEP_FALSE='#'
AMDEP_TRUE=''
AMTAR='$${TAR-tar}'
AM_BACKSLASH='\'
AM_DEFAULT_V='$(AM_DEFAULT_VERBOSITY)'
AM_DEFAULT_VERBOSITY='0'
AM_V='$(V)'
AR='ar'
AS='as'
AUTOCONF='${SHELL} /cygdrive/d/working/webkit-ndk/native/external/fontconfig/missing autoconf'
AUTOHEADER='${SHELL} /cygdrive/d/working/webkit-ndk/native/external/fontconfig/missing autoheader'
AUTOMAKE='${SHELL} /cygdrive/d/working/webkit-ndk/native/external/fontconfig/missing automake-1.13'
AWK='gawk'
BASECONFIGDIR='${sysconfdir}/fonts'
CC='gcc'
CCDEPMODE='depmode=gcc3'
CC_FOR_BUILD='$(CC)'
CFLAGS='-g -O2 '
CONFIGDIR='${BASECONFIGDIR}/conf.d'
CPP='gcc -E'
CPPFLAGS=''
CROSS_COMPILING_FALSE=''
CROSS_COMPILING_TRUE='#'
CYGPATH_W='cygpath -w'
DEFS='-DHAVE_CONFIG_H'
DEPDIR='.deps'
DLLTOOL='dlltool'
DOCMAN3='FcAtomicCreate.3 FcAtomicLock.3 FcAtomicNewFile.3 FcAtomicOrigFile.3 FcAtomicReplaceOrig.3 FcAtomicDeleteNew.3 FcAtomicUnlock.3 FcAtomicDestroy.3 FcBlanksCreate.3 FcBlanksDestroy.3 FcBlanksAdd.3 FcBlanksIsMember.3 FcCacheDir.3 FcCacheCopySet.3 FcCacheSubdir.3 FcCacheNumSubdir.3 FcCacheNumFont.3 FcDirCacheClean.3 FcCacheCreateTagFile.3 FcCharSetCreate.3 FcCharSetDestroy.3 FcCharSetAddChar.3 FcCharSetDelChar.3 FcCharSetCopy.3 FcCharSetEqual.3 FcCharSetIntersect.3 FcCharSetUnion.3 FcCharSetSubtract.3 FcCharSetMerge.3 FcCharSetHasChar.3 FcCharSetCount.3 FcCharSetIntersectCount.3 FcCharSetSubtractCount.3 FcCharSetIsSubset.3 FcCharSetFirstPage.3 FcCharSetNextPage.3 FcCharSetCoverage.3 FcCharSetNew.3 FcConfigCreate.3 FcConfigReference.3 FcConfigDestroy.3 FcConfigSetCurrent.3 FcConfigGetCurrent.3 FcConfigUptoDate.3 FcConfigHome.3 FcConfigEnableHome.3 FcConfigBuildFonts.3 FcConfigGetConfigDirs.3 FcConfigGetFontDirs.3 FcConfigGetConfigFiles.3 FcConfigGetCache.3 FcConfigGetCacheDirs.3 FcConfigGetFonts.3 FcConfigGetBlanks.3 FcConfigGetRescanInterval.3 FcConfigSetRescanInterval.3 FcConfigAppFontAddFile.3 FcConfigAppFontAddDir.3 FcConfigAppFontClear.3 FcConfigSubstituteWithPat.3 FcConfigSubstitute.3 FcFontMatch.3 FcFontSort.3 FcFontRenderPrepare.3 FcFontList.3 FcConfigFilename.3 FcConfigParseAndLoad.3 FcConfigGetSysRoot.3 FcConfigSetSysRoot.3 FcNameRegisterConstants.3 FcNameUnregisterConstants.3 FcNameGetConstant.3 FcNameConstant.3 FcDirCacheUnlink.3 FcDirCacheValid.3 FcDirCacheLoad.3 FcDirCacheRead.3 FcDirCacheLoadFile.3 FcDirCacheUnload.3 FcFileScan.3 FcFileIsDir.3 FcDirScan.3 FcDirSave.3 FcFontSetCreate.3 FcFontSetDestroy.3 FcFontSetAdd.3 FcFontSetList.3 FcFontSetMatch.3 FcFontSetPrint.3 FcFontSetSort.3 FcFontSetSortDestroy.3 FcPatternFormat.3 FcFreeTypeCharIndex.3 FcFreeTypeCharSet.3 FcFreeTypeCharSetAndSpacing.3 FcFreeTypeQuery.3 FcFreeTypeQueryFace.3 FcInitLoadConfig.3 FcInitLoadConfigAndFonts.3 FcInit.3 FcFini.3 FcGetVersion.3 FcInitReinitialize.3 FcInitBringUptoDate.3 FcLangSetCreate.3 FcLangSetDestroy.3 FcLangSetCopy.3 FcLangSetAdd.3 FcLangSetDel.3 FcLangSetUnion.3 FcLangSetSubtract.3 FcLangSetCompare.3 FcLangSetContains.3 FcLangSetEqual.3 FcLangSetHash.3 FcLangSetHasLang.3 FcGetDefaultLangs.3 FcGetLangs.3 FcLangNormalize.3 FcLangGetCharSet.3 FcMatrixInit.3 FcMatrixCopy.3 FcMatrixEqual.3 FcMatrixMultiply.3 FcMatrixRotate.3 FcMatrixScale.3 FcMatrixShear.3 FcObjectSetCreate.3 FcObjectSetAdd.3 FcObjectSetDestroy.3 FcObjectSetBuild.3 FcNameRegisterObjectTypes.3 FcNameUnregisterObjectTypes.3 FcNameGetObjectType.3 FcPatternCreate.3 FcPatternDuplicate.3 FcPatternReference.3 FcPatternDestroy.3 FcPatternEqual.3 FcPatternEqualSubset.3 FcPatternFilter.3 FcPatternHash.3 FcPatternAdd.3 FcPatternAddWeak.3 FcPatternAdd-Type.3 FcPatternGet.3 FcPatternGet-Type.3 FcPatternBuild.3 FcPatternDel.3 FcPatternRemove.3 FcPatternPrint.3 FcDefaultSubstitute.3 FcNameParse.3 FcNameUnparse.3 FcUtf8ToUcs4.3 FcUcs4ToUtf8.3 FcUtf8Len.3 FcUtf16ToUcs4.3 FcUtf16Len.3 FcIsLower.3 FcIsUpper.3 FcToLower.3 FcStrCopy.3 FcStrDowncase.3 FcStrCopyFilename.3 FcStrCmp.3 FcStrCmpIgnoreCase.3 FcStrStr.3 FcStrStrIgnoreCase.3 FcStrPlus.3 FcStrFree.3 FcStrDirname.3 FcStrBasename.3 FcStrSetCreate.3 FcStrSetMember.3 FcStrSetEqual.3 FcStrSetAdd.3 FcStrSetAddFilename.3 FcStrSetDel.3 FcStrSetDestroy.3 FcStrListCreate.3 FcStrListFirst.3 FcStrListNext.3 FcStrListDone.3 FcValueDestroy.3 FcValueSave.3 FcValuePrint.3 FcValueEqual.3 '
DSYMUTIL=''
DUMPBIN=''
ECHO_C=''
ECHO_N='-n'
ECHO_T=''
EGREP='/usr/bin/grep -E'
ENABLE_DOCS_FALSE='#'
ENABLE_DOCS_TRUE=''
ENABLE_SHARED_FALSE='#'
ENABLE_SHARED_TRUE=''
EXEEXT='.exe'
EXEEXT_FOR_BUILD='$(EXEEXT)'
EXPAT_CFLAGS=' '
EXPAT_LIBS='-lexpat  '
FC_ADD_FONTS=''
FC_CACHEDIR='${localstatedir}/cache/${PACKAGE}'
FC_DEFAULT_FONTS='/usr/share/fonts'
FC_FONTDATE='Mon Nov 18 11:00:10 KST 2013'
FC_FONTPATH=''
FGREP='/usr/bin/grep -F'
FREETYPE_CFLAGS='-I/usr/include/freetype2  '
FREETYPE_LIBS='-lfreetype -lz -lbz2  '
GIT='${SHELL} /cygdrive/d/working/webkit-ndk/native/external/fontconfig/missing git'
GPERF='${SHELL} /cygdrive/d/working/webkit-ndk/native/external/fontconfig/missing gperf'
GREP='/usr/bin/grep'
HASDOCBOOK='no'
HAVE_PTHREAD_FALSE='#'
HAVE_PTHREAD_TRUE=''
HAVE_XMLPARSE_H=''
ICONV_CFLAGS=''
ICONV_LIBS=''
INSTALL_DATA='${INSTALL} -m 644'
INSTALL_PROGRAM='${INSTALL}'
INSTALL_SCRIPT='${INSTALL}'
INSTALL_STRIP_PROGRAM='$(install_sh) -c -s'
LD='/usr/i686-pc-cygwin/bin/ld.exe'
LDFLAGS=''
LIBOBJS=''
LIBS=' '
LIBTOOL='$(SHELL) $(top_builddir)/libtool'
LIBT_CURRENT='9'
LIBT_CURRENT_MINUS_AGE='1'
LIBT_REVISION='0'
LIBT_VERSION_INFO='9:0:8'
LIBXML2_CFLAGS=''
LIBXML2_LIBS=''
LIPO=''
LN_S='ln -s'
LTLIBOBJS=''
MAKEINFO='${SHELL} /cygdrive/d/working/webkit-ndk/native/external/fontconfig/missing makeinfo'
MANIFEST_TOOL=':'
MKDIR_P='/usr/bin/mkdir -p'
MS_LIB_AVAILABLE_FALSE=''
MS_LIB_AVAILABLE_TRUE='#'
NM='/usr/bin/nm -B'
NMEDIT=''
OBJDUMP='objdump'
OBJEXT='o'
OS_WIN32_FALSE=''
OS_WIN32_TRUE='#'
OTOOL64=''
OTOOL=''
PACKAGE='fontconfig'
PACKAGE_BUGREPORT='https://bugs.freedesktop.org/enter_bug.cgi?product=fontconfig'
PACKAGE_NAME='fontconfig'
PACKAGE_STRING='fontconfig 2.11.0'
PACKAGE_TARNAME='fontconfig'
PACKAGE_URL=''
PACKAGE_VERSION='2.11.0'
PATH_SEPARATOR=':'
PKGCONFIG_REQUIRES=' freetype2'
PKGCONFIG_REQUIRES_PRIVATELY=' expat'
PKG_CONFIG='/usr/bin/pkg-config'
PKG_CONFIG_LIBDIR=''
PKG_CONFIG_PATH=''
PTHREAD_CC='gcc'
PTHREAD_CFLAGS=''
PTHREAD_LIBS=''
RANLIB='ranlib'
RM='rm -f'
SED='/usr/bin/sed'
SET_MAKE=''
SHELL='/bin/sh'
STRIP='strip'
TEMPLATEDIR='${datadir}/fontconfig/conf.avail'
USEDOCBOOK_FALSE=''
USEDOCBOOK_TRUE='#'
VERSION='2.11.0'
WARN_CFLAGS='-Wall -Wpointer-arith -Wstrict-prototypes 	-Wmissing-prototypes -Wmissing-declarations 	-Wnested-externs -fno-strict-aliasing'
XMLDIR='${datadir}/xml/fontconfig'
ac_ct_AR='ar'
ac_ct_CC='gcc'
ac_ct_DUMPBIN=''
am__EXEEXT_FALSE='#'
am__EXEEXT_TRUE=''
am__fastdepCC_FALSE='#'
am__fastdepCC_TRUE=''
am__include='include'
am__isrc=''
am__leading_dot='.'
am__nodep='_no'
am__quote=''
am__tar='$${TAR-tar} chof - "$$tardir"'
am__untar='$${TAR-tar} xf -'
ax_pthread_config=''
bindir='${exec_prefix}/bin'
build='i686-pc-cygwin'
build_alias=''
build_cpu='i686'
build_os='cygwin'
build_vendor='pc'
datadir='${datarootdir}'
datarootdir='${prefix}/share'
docdir='${datarootdir}/doc/${PACKAGE_TARNAME}'
dvidir='${docdir}'
exec_prefix='${prefix}'
fc_cachedir='${localstatedir}/cache/${PACKAGE}'
host='i686-pc-cygwin'
host_alias=''
host_cpu='i686'
host_os='cygwin'
host_vendor='pc'
htmldir='${docdir}'
includedir='${prefix}/include'
infodir='${datarootdir}/info'
install_sh='${SHELL} /cygdrive/d/working/webkit-ndk/native/external/fontconfig/install-sh'
libdir='${exec_prefix}/lib'
libexecdir='${exec_prefix}/libexec'
localedir='${datarootdir}/locale'
localstatedir='${prefix}/var'
mandir='${datarootdir}/man'
mkdir_p='$(MKDIR_P)'
ms_librarian=''
oldincludedir='/usr/include'
pdfdir='${docdir}'
pkgconfigdir='${libdir}/pkgconfig'
prefix='/usr/local'
program_transform_name='s,x,x,'
psdir='${docdir}'
sbindir='${exec_prefix}/sbin'
sharedstatedir='${prefix}/com'
sysconfdir='${prefix}/etc'
target_alias=''

## ----------- ##
## confdefs.h. ##
## ----------- ##

/* confdefs.h */
#define PACKAGE_NAME "fontconfig"
#define PACKAGE_TARNAME "fontconfig"
#define PACKAGE_VERSION "2.11.0"
#define PACKAGE_STRING "fontconfig 2.11.0"
#define PACKAGE_BUGREPORT "https://bugs.freedesktop.org/enter_bug.cgi?product=fontconfig"
#define PACKAGE_URL ""
#define PACKAGE "fontconfig"
#define VERSION "2.11.0"
#define STDC_HEADERS 1
#define HAVE_SYS_TYPES_H 1
#define HAVE_SYS_STAT_H 1
#define HAVE_STDLIB_H 1
#define HAVE_STRING_H 1
#define HAVE_MEMORY_H 1
#define HAVE_STRINGS_H 1
#define HAVE_INTTYPES_H 1
#define HAVE_STDINT_H 1
#define HAVE_UNISTD_H 1
#define __EXTENSIONS__ 1
#define _ALL_SOURCE 1
#define _GNU_SOURCE 1
#define _POSIX_PTHREAD_SEMANTICS 1
#define _TANDEM_SOURCE 1
#define HAVE_DLFCN_H 1
#define LT_OBJDIR ".libs/"
#define HAVE_WARNING_CPP_DIRECTIVE 1
#define HAVE_DIRENT_H 1
#define STDC_HEADERS 1
#define HAVE_FCNTL_H 1
#define HAVE_REGEX_H 1
#define HAVE_STDLIB_H 1
#define HAVE_STRING_H 1
#define HAVE_UNISTD_H 1
#define HAVE_SYS_VFS_H 1
#define HAVE_SYS_STATFS_H 1
#define HAVE_SYS_PARAM_H 1
#define HAVE_SYS_MOUNT_H 1
#define FLEXIBLE_ARRAY_MEMBER /**/
#define HAVE_VPRINTF 1
#define HAVE_STDLIB_H 1
#define HAVE_UNISTD_H 1
#define HAVE_SYS_PARAM_H 1
#define HAVE_GETPAGESIZE 1
#define HAVE_MMAP 1
#define HAVE_LINK 1
#define HAVE_MKSTEMP 1
#define HAVE_MKOSTEMP 1
#define HAVE_GETOPT 1
#define HAVE_GETOPT_LONG 1
#define HAVE_GETPROGNAME 1
#define HAVE_RAND 1
#define HAVE_RANDOM 1
#define HAVE_LRAND48 1
#define HAVE_RAND_R 1
#define HAVE_REGCOMP 1
#define HAVE_REGERROR 1
#define HAVE_REGEXEC 1
#define HAVE_REGFREE 1
#define HAVE_FSTATVFS 1
#define HAVE_FSTATFS 1
#define HAVE_LSTAT 1
#define HAVE_POSIX_FADVISE 1
#define HAVE_SCANDIR 1
#define HAVE_STRUCT_DIRENT_D_TYPE 1
#define USE_REGEX /**/
#define USE_ICONV 0
#define HAVE_FT_GET_NEXT_CHAR 1
#define HAVE_FT_GET_BDF_PROPERTY 1
#define HAVE_FT_GET_PS_FONT_INFO 1
#define HAVE_FT_HAS_PS_GLYPH_NAMES 1
#define HAVE_FT_GET_X11_FONT_FORMAT 1
#define HAVE_FT_SELECT_SIZE 1
#define HAVE_FT_BITMAP_SIZE_Y_PPEM 1
#define HAVE_XML_SETDOCTYPEDECLHANDLER 1
#define FC_DEFAULT_FONTS "/usr/share/fonts"
#define FC_ADD_FONTS "yes"
#define HAVE_INTEL_ATOMIC_PRIMITIVES 1
#define HAVE_PTHREAD 1
#define SIZEOF_VOID_P 4
#define ALIGNOF_DOUBLE 8

configure: exit 0

## ---------------------- ##
## Running config.status. ##
## ---------------------- ##

This file was extended by fontconfig config.status 2.11.0, which was
generated by GNU Autoconf 2.69.  Invocation command line was

  CONFIG_FILES    = 
  CONFIG_HEADERS  = 
  CONFIG_LINKS    = 
  CONFIG_COMMANDS = 
  $ ./config.status src/fcstdint.h

on AD00038392

config.status:1502: executing src/fcstdint.h commands
config.status:2236: creating src/fcstdint.h : _FONTCONFIG_SRC_FCSTDINT_H
config.status:2668: src/fcstdint.h is unchanged
