This file contains any messages produced by compilers while
running configure, to aid debugging if configure makes a mistake.

It was created by pixman configure 0.32.2, which was
generated by GNU Autoconf 2.69.  Invocation command line was

  $ ./configure 

## --------- ##
## Platform. ##
## --------- ##

hostname = AD00038392
uname -m = i686
uname -r = 1.7.17(0.262/5/3)
uname -s = CYGWIN_NT-6.1-WOW64
uname -v = 2012-10-19 14:39

/usr/bin/uname -p = unknown
/bin/uname -X     = unknown

/bin/arch              = i686
/usr/bin/arch -k       = unknown
/usr/convex/getsysinfo = unknown
/usr/bin/hostinfo      = unknown
/bin/machine           = unknown
/usr/bin/oslevel       = unknown
/bin/universe          = unknown

PATH: /cygdrive/d/android/android-ndk-r9b
PATH: /cygdrive/d/android/adt-bundle-windows-x86_64-20130219/sdk
PATH: /platform-tools
PATH: /usr/local/bin
PATH: /usr/bin
PATH: /cygdrive/c/Program Files (x86)/AMD APP/bin/x86_64
PATH: /cygdrive/c/Program Files (x86)/AMD APP/bin/x86
PATH: /cygdrive/c/Windows/system32
PATH: /cygdrive/c/Windows
PATH: /cygdrive/c/Windows/System32/Wbem
PATH: /cygdrive/c/Windows/System32/WindowsPowerShell/v1.0
PATH: /cygdrive/c/Program Files (x86)/ATI Technologies/ATI.ACE/Core-Static
PATH: /cygdrive/c/Program Files (x86)/Microsoft SQL Server/90/Tools/binn
PATH: /cygdrive/c/Program Files/Microsoft Windows Performance Toolkit
PATH: /cygdrive/c/Program Files/TortoiseSVN/bin
PATH: /usr/bin
PATH: /cygdrive/c/Program Files (x86)/Safari/Apple Application Support
PATH: /cygdrive/c/Program Files/TortoiseGit/bin
PATH: /cygdrive/c/Program Files (x86)/ARM/Mali Developer Tools/OpenGL ES Emulator v1.3.0/bin
PATH: /cygdrive/c/Python27


## ----------- ##
## Core tests. ##
## ----------- ##

configure:2589: checking for a BSD-compatible install
configure:2657: result: /usr/bin/install -c
configure:2668: checking whether build environment is sane
configure:2723: result: yes
configure:2874: checking for a thread-safe mkdir -p
configure:2913: result: /usr/bin/mkdir -p
configure:2920: checking for gawk
configure:2936: found /usr/bin/gawk
configure:2947: result: gawk
configure:2958: checking whether make sets $(MAKE)
configure:2980: result: yes
configure:3009: checking whether make supports nested variables
configure:3026: result: yes
configure:3123: checking whether make supports nested variables
configure:3140: result: yes
configure:3159: checking build system type
configure:3173: result: i686-pc-cygwin
configure:3193: checking host system type
configure:3206: result: i686-pc-cygwin
configure:3277: checking for gcc
configure:3293: found /usr/bin/gcc
configure:3304: result: gcc
configure:3533: checking for C compiler version
configure:3542: gcc --version >&5
gcc (GCC) 3.4.4 (cygming special, gdc 0.12, using dmd 0.125)
Copyright (C) 2004 Free Software Foundation, Inc.
This is free software; see the source for copying conditions.  There is NO
warranty; not even for MERCHANTABILITY or FITNESS FOR A PARTICULAR PURPOSE.

configure:3553: $? = 0
configure:3542: gcc -v >&5
Reading specs from /usr/lib/gcc/i686-pc-cygwin/3.4.4/specs
Configured with: /managed/gcc-build/final-v3-bootstrap/gcc-3.4.4-999/configure --verbose --program-suffix=-3 --prefix=/usr --exec-prefix=/usr --sysconfdir=/etc --libdir=/usr/lib --libexecdir=/usr/lib --mandir=/usr/share/man --infodir=/usr/share/info --enable-languages=c,ada,c++,d,f77,pascal,java,objc --enable-nls --without-included-gettext --enable-version-specific-runtime-libs --without-x --enable-libgcj --disable-java-awt --with-system-zlib --enable-interpreter --disable-libgcj-debug --enable-threads=posix --enable-java-gc=boehm --disable-win32-registry --enable-sjlj-exceptions --enable-hash-synchronization --enable-libstdcxx-debug
Thread model: posix
gcc version 3.4.4 (cygming special, gdc 0.12, using dmd 0.125)
configure:3553: $? = 0
configure:3542: gcc -V >&5
gcc: `-V' option must have argument
configure:3553: $? = 1
configure:3542: gcc -qversion >&5
gcc: unrecognized option `-qversion'
gcc: no input files
configure:3553: $? = 1
configure:3573: checking whether the C compiler works
configure:3595: gcc    conftest.c  >&5
configure:3599: $? = 0
configure:3647: result: yes
configure:3650: checking for C compiler default output file name
configure:3652: result: a.exe
configure:3658: checking for suffix of executables
configure:3665: gcc -o conftest.exe    conftest.c  >&5
configure:3669: $? = 0
configure:3691: result: .exe
configure:3713: checking whether we are cross compiling
configure:3721: gcc -o conftest.exe    conftest.c  >&5
configure:3725: $? = 0
configure:3732: ./conftest.exe
configure:3736: $? = 0
configure:3751: result: no
configure:3756: checking for suffix of object files
configure:3778: gcc -c   conftest.c >&5
configure:3782: $? = 0
configure:3803: result: o
configure:3807: checking whether we are using the GNU C compiler
configure:3826: gcc -c   conftest.c >&5
configure:3826: $? = 0
configure:3835: result: yes
configure:3844: checking whether gcc accepts -g
configure:3864: gcc -c -g  conftest.c >&5
configure:3864: $? = 0
configure:3905: result: yes
configure:3922: checking for gcc option to accept ISO C89
configure:3985: gcc  -c -g -O2  conftest.c >&5
configure:3985: $? = 0
configure:3998: result: none needed
configure:4029: checking for style of include used by make
configure:4057: result: GNU
configure:4083: checking dependency style of gcc
configure:4194: result: gcc3
configure:4218: checking dependency style of gcc
configure:4327: result: gcc3
configure:4388: checking how to print strings
configure:4415: result: printf
configure:4436: checking for a sed that does not truncate output
configure:4500: result: /usr/bin/sed
configure:4518: checking for grep that handles long lines and -e
configure:4576: result: /usr/bin/grep
configure:4581: checking for egrep
configure:4643: result: /usr/bin/grep -E
configure:4648: checking for fgrep
configure:4710: result: /usr/bin/grep -F
configure:4745: checking for ld used by gcc
configure:4812: result: /usr/i686-pc-cygwin/bin/ld.exe
configure:4819: checking if the linker (/usr/i686-pc-cygwin/bin/ld.exe) is GNU ld
configure:4834: result: yes
configure:4846: checking for BSD- or MS-compatible name lister (nm)
configure:4895: result: /usr/bin/nm -B
configure:5025: checking the name lister (/usr/bin/nm -B) interface
configure:5032: gcc -c -g -O2  conftest.c >&5
configure:5035: /usr/bin/nm -B "conftest.o"
configure:5038: output
00000000 b .bss
00000000 d .data
00000000 N .stab
00000000 N .stabstr
00000000 t .text
00000000 B _some_variable
configure:5045: result: BSD nm
configure:5048: checking whether ln -s works
configure:5052: result: yes
configure:5060: checking the maximum length of command line arguments
configure:5190: result: 8192
configure:5207: checking whether the shell understands some XSI constructs
configure:5217: result: yes
configure:5221: checking whether the shell understands "+="
configure:5227: result: yes
configure:5262: checking how to convert i686-pc-cygwin file names to i686-pc-cygwin format
configure:5302: result: func_convert_file_noop
configure:5309: checking how to convert i686-pc-cygwin file names to toolchain format
configure:5329: result: func_convert_file_noop
configure:5336: checking for /usr/i686-pc-cygwin/bin/ld.exe option to reload object files
configure:5343: result: -r
configure:5417: checking for objdump
configure:5433: found /usr/bin/objdump
configure:5444: result: objdump
configure:5476: checking how to recognize dependent libraries
configure:5678: result: file_magic ^x86 archive import|^x86 DLL
configure:5763: checking for dlltool
configure:5779: found /usr/bin/dlltool
configure:5790: result: dlltool
configure:5823: checking how to associate runtime and link libraries
configure:5850: result: func_cygming_dll_for_implib
configure:5911: checking for ar
configure:5927: found /usr/bin/ar
configure:5938: result: ar
configure:5975: checking for archiver @FILE support
configure:5992: gcc -c -g -O2  conftest.c >&5
configure:5992: $? = 0
configure:5995: ar cru libconftest.a @conftest.lst >&5
configure:5998: $? = 0
configure:6003: ar cru libconftest.a @conftest.lst >&5
ar: conftest.o: No such file or directory
configure:6006: $? = 1
configure:6018: result: @
configure:6076: checking for strip
configure:6092: found /usr/bin/strip
configure:6103: result: strip
configure:6175: checking for ranlib
configure:6191: found /usr/bin/ranlib
configure:6202: result: ranlib
configure:6304: checking command to parse /usr/bin/nm -B output from gcc object
configure:6424: gcc -c -g -O2  conftest.c >&5
configure:6427: $? = 0
configure:6431: /usr/bin/nm -B conftest.o \| sed -n -e 's/^.*[ ]\([ABCDGIRSTW][ABCDGIRSTW]*\)[ ][ ]*\([_A-Za-z][_A-Za-z0-9]*\)$/\1 \2 \2/p' | sed '/ __gnu_lto/d' \> conftest.nm
configure:6434: $? = 0
cannot find nm_test_var in conftest.nm
configure:6424: gcc -c -g -O2  conftest.c >&5
configure:6427: $? = 0
configure:6431: /usr/bin/nm -B conftest.o \| sed -n -e 's/^.*[ ]\([ABCDGIRSTW][ABCDGIRSTW]*\)[ ][ ]*_\([_A-Za-z][_A-Za-z0-9]*\)$/\1 _\2 \2/p' | sed '/ __gnu_lto/d' \> conftest.nm
configure:6434: $? = 0
configure:6500: gcc -o conftest.exe -g -O2   conftest.c conftstm.o >&5
configure:6503: $? = 0
configure:6541: result: ok
configure:6578: checking for sysroot
configure:6608: result: no
configure:6864: checking for mt
configure:6894: result: no
configure:6914: checking if : is a manifest tool
configure:6920: : '-?'
configure:6928: result: no
configure:7570: checking how to run the C preprocessor
configure:7601: gcc -E  conftest.c
configure:7601: $? = 0
configure:7615: gcc -E  conftest.c
conftest.c:11:28: ac_nonexistent.h: No such file or directory
configure:7615: $? = 1
configure: failed program was:
| /* confdefs.h */
| #define PACKAGE_NAME "pixman"
| #define PACKAGE_TARNAME "pixman"
| #define PACKAGE_VERSION "0.32.2"
| #define PACKAGE_STRING "pixman 0.32.2"
| #define PACKAGE_BUGREPORT "pixman@lists.freedesktop.org"
| #define PACKAGE_URL ""
| #define PACKAGE "pixman"
| #define VERSION "0.32.2"
| /* end confdefs.h.  */
| #include <ac_nonexistent.h>
configure:7640: result: gcc -E
configure:7660: gcc -E  conftest.c
configure:7660: $? = 0
configure:7674: gcc -E  conftest.c
conftest.c:11:28: ac_nonexistent.h: No such file or directory
configure:7674: $? = 1
configure: failed program was:
| /* confdefs.h */
| #define PACKAGE_NAME "pixman"
| #define PACKAGE_TARNAME "pixman"
| #define PACKAGE_VERSION "0.32.2"
| #define PACKAGE_STRING "pixman 0.32.2"
| #define PACKAGE_BUGREPORT "pixman@lists.freedesktop.org"
| #define PACKAGE_URL ""
| #define PACKAGE "pixman"
| #define VERSION "0.32.2"
| /* end confdefs.h.  */
| #include <ac_nonexistent.h>
configure:7703: checking for ANSI C header files
configure:7723: gcc -c -g -O2  conftest.c >&5
configure:7723: $? = 0
configure:7796: gcc -o conftest.exe -g -O2   conftest.c  >&5
configure:7796: $? = 0
configure:7796: ./conftest.exe
configure:7796: $? = 0
configure:7807: result: yes
configure:7820: checking for sys/types.h
configure:7820: gcc -c -g -O2  conftest.c >&5
configure:7820: $? = 0
configure:7820: result: yes
configure:7820: checking for sys/stat.h
configure:7820: gcc -c -g -O2  conftest.c >&5
configure:7820: $? = 0
configure:7820: result: yes
configure:7820: checking for stdlib.h
configure:7820: gcc -c -g -O2  conftest.c >&5
configure:7820: $? = 0
configure:7820: result: yes
configure:7820: checking for string.h
configure:7820: gcc -c -g -O2  conftest.c >&5
configure:7820: $? = 0
configure:7820: result: yes
configure:7820: checking for memory.h
configure:7820: gcc -c -g -O2  conftest.c >&5
configure:7820: $? = 0
configure:7820: result: yes
configure:7820: checking for strings.h
configure:7820: gcc -c -g -O2  conftest.c >&5
configure:7820: $? = 0
configure:7820: result: yes
configure:7820: checking for inttypes.h
configure:7820: gcc -c -g -O2  conftest.c >&5
configure:7820: $? = 0
configure:7820: result: yes
configure:7820: checking for stdint.h
configure:7820: gcc -c -g -O2  conftest.c >&5
configure:7820: $? = 0
configure:7820: result: yes
configure:7820: checking for unistd.h
configure:7820: gcc -c -g -O2  conftest.c >&5
configure:7820: $? = 0
configure:7820: result: yes
configure:7834: checking for dlfcn.h
configure:7834: gcc -c -g -O2  conftest.c >&5
configure:7834: $? = 0
configure:7834: result: yes
configure:8040: checking for objdir
configure:8055: result: .libs
configure:8322: checking if gcc supports -fno-rtti -fno-exceptions
configure:8340: gcc -c -g -O2  -fno-rtti -fno-exceptions conftest.c >&5
cc1: warning: command line option "-fno-rtti" is valid for C++/ObjC++ but not for C
configure:8344: $? = 0
configure:8357: result: no
configure:8684: checking for gcc option to produce PIC
configure:8691: result: -DDLL_EXPORT -DPIC
configure:8699: checking if gcc PIC flag -DDLL_EXPORT -DPIC works
configure:8717: gcc -c -g -O2  -DDLL_EXPORT -DPIC -DPIC conftest.c >&5
configure:8721: $? = 0
configure:8734: result: yes
configure:8763: checking if gcc static flag -static works
configure:8791: result: yes
configure:8806: checking if gcc supports -c -o file.o
configure:8827: gcc -c -g -O2  -o out/conftest2.o conftest.c >&5
configure:8831: $? = 0
configure:8853: result: yes
configure:8861: checking if gcc supports -c -o file.o
configure:8908: result: yes
configure:8941: checking whether the gcc linker (/usr/i686-pc-cygwin/bin/ld.exe) supports shared libraries
configure:10094: result: yes
configure:10131: checking whether -lc should be explicitly linked in
configure:10139: gcc -c -g -O2  conftest.c >&5
configure:10142: $? = 0
configure:10157: gcc -shared conftest.o  -v -o ./conftest -Wl,--enable-auto-image-base -Xlinker --out-implib -Xlinker conftest 2\>\&1 \| /usr/bin/grep  -lc  \>/dev/null 2\>\&1
configure:10160: $? = 1
configure:10174: result: yes
configure:10334: checking dynamic linker characteristics
configure:11071: result: Win32 ld.exe
configure:11178: checking how to hardcode library paths into programs
configure:11203: result: immediate
configure:11743: checking whether stripping libraries is possible
configure:11748: result: yes
configure:11783: checking if libtool supports shared libraries
configure:11785: result: yes
configure:11788: checking whether to build shared libraries
configure:11809: result: yes
configure:11812: checking whether to build static libraries
configure:11816: result: yes
configure:11855: checking for getisax
configure:11855: gcc -o conftest.exe -g -O2   conftest.c  >&5
/tmp/cc6qvxH7.o: In function `main':
/cygdrive/d/working/webkit-ndk/native/external/pixman/conftest.c:57: undefined reference to `_getisax'
collect2: ld returned 1 exit status
configure:11855: $? = 1
configure: failed program was:
| /* confdefs.h */
| #define PACKAGE_NAME "pixman"
| #define PACKAGE_TARNAME "pixman"
| #define PACKAGE_VERSION "0.32.2"
| #define PACKAGE_STRING "pixman 0.32.2"
| #define PACKAGE_BUGREPORT "pixman@lists.freedesktop.org"
| #define PACKAGE_URL ""
| #define PACKAGE "pixman"
| #define VERSION "0.32.2"
| #define STDC_HEADERS 1
| #define HAVE_SYS_TYPES_H 1
| #define HAVE_SYS_STAT_H 1
| #define HAVE_STDLIB_H 1
| #define HAVE_STRING_H 1
| #define HAVE_MEMORY_H 1
| #define HAVE_STRINGS_H 1
| #define HAVE_INTTYPES_H 1
| #define HAVE_STDINT_H 1
| #define HAVE_UNISTD_H 1
| #define HAVE_DLFCN_H 1
| #define LT_OBJDIR ".libs/"
| /* end confdefs.h.  */
| /* Define getisax to an innocuous variant, in case <limits.h> declares getisax.
|    For example, HP-UX 11i <limits.h> declares gettimeofday.  */
| #define getisax innocuous_getisax
| 
| /* System header to define __stub macros and hopefully few prototypes,
|     which can conflict with char getisax (); below.
|     Prefer <limits.h> to <assert.h> if __STDC__ is defined, since
|     <limits.h> exists even on freestanding compilers.  */
| 
| #ifdef __STDC__
| # include <limits.h>
| #else
| # include <assert.h>
| #endif
| 
| #undef getisax
| 
| /* Override any GCC internal prototype to avoid an error.
|    Use char because int might match the return type of a GCC
|    builtin and then its argument prototype would still apply.  */
| #ifdef __cplusplus
| extern "C"
| #endif
| char getisax ();
| /* The GNU C library defines this for functions which it implements
|     to always fail with ENOSYS.  Some functions are actually named
|     something starting with __ and the normal name is an alias.  */
| #if defined __stub_getisax || defined __stub___getisax
| choke me
| #endif
| 
| int
| main ()
| {
| return getisax ();
|   ;
|   return 0;
| }
configure:11855: result: no
configure:11864: checking whether byte ordering is bigendian
configure:11879: gcc -c -g -O2  conftest.c >&5
conftest.c:24: error: parse error before "a"
conftest.c:26: error: syntax error before "typedef"
configure:11879: $? = 1
configure: failed program was:
| /* confdefs.h */
| #define PACKAGE_NAME "pixman"
| #define PACKAGE_TARNAME "pixman"
| #define PACKAGE_VERSION "0.32.2"
| #define PACKAGE_STRING "pixman 0.32.2"
| #define PACKAGE_BUGREPORT "pixman@lists.freedesktop.org"
| #define PACKAGE_URL ""
| #define PACKAGE "pixman"
| #define VERSION "0.32.2"
| #define STDC_HEADERS 1
| #define HAVE_SYS_TYPES_H 1
| #define HAVE_SYS_STAT_H 1
| #define HAVE_STDLIB_H 1
| #define HAVE_STRING_H 1
| #define HAVE_MEMORY_H 1
| #define HAVE_STRINGS_H 1
| #define HAVE_INTTYPES_H 1
| #define HAVE_STDINT_H 1
| #define HAVE_UNISTD_H 1
| #define HAVE_DLFCN_H 1
| #define LT_OBJDIR ".libs/"
| /* end confdefs.h.  */
| #ifndef __APPLE_CC__
| 	       not a universal capable compiler
| 	     #endif
| 	     typedef int dummy;
| 
configure:11924: gcc -c -g -O2  conftest.c >&5
configure:11924: $? = 0
configure:11942: gcc -c -g -O2  conftest.c >&5
conftest.c: In function `main':
conftest.c:30: error: `not' undeclared (first use in this function)
conftest.c:30: error: (Each undeclared identifier is reported only once
conftest.c:30: error: for each function it appears in.)
conftest.c:30: error: parse error before "big"
configure:11942: $? = 1
configure: failed program was:
| /* confdefs.h */
| #define PACKAGE_NAME "pixman"
| #define PACKAGE_TARNAME "pixman"
| #define PACKAGE_VERSION "0.32.2"
| #define PACKAGE_STRING "pixman 0.32.2"
| #define PACKAGE_BUGREPORT "pixman@lists.freedesktop.org"
| #define PACKAGE_URL ""
| #define PACKAGE "pixman"
| #define VERSION "0.32.2"
| #define STDC_HEADERS 1
| #define HAVE_SYS_TYPES_H 1
| #define HAVE_SYS_STAT_H 1
| #define HAVE_STDLIB_H 1
| #define HAVE_STRING_H 1
| #define HAVE_MEMORY_H 1
| #define HAVE_STRINGS_H 1
| #define HAVE_INTTYPES_H 1
| #define HAVE_STDINT_H 1
| #define HAVE_UNISTD_H 1
| #define HAVE_DLFCN_H 1
| #define LT_OBJDIR ".libs/"
| /* end confdefs.h.  */
| #include <sys/types.h>
| 		#include <sys/param.h>
| 
| int
| main ()
| {
| #if BYTE_ORDER != BIG_ENDIAN
| 		 not big endian
| 		#endif
| 
|   ;
|   return 0;
| }
configure:12070: result: no
configure:12088: checking for inline
configure:12104: gcc -c -g -O2  conftest.c >&5
configure:12104: $? = 0
configure:12112: result: inline
configure:12136: checking whether the compiler supports -Werror
configure:12152: gcc -o conftest.exe -g -O2 -Werror    conftest.c   >&5
configure:12152: $? = 0
configure:12175: result: yes
configure:12186: checking size of long
configure:12191: gcc -o conftest.exe -g -O2   conftest.c  >&5
configure:12191: $? = 0
configure:12191: ./conftest.exe
configure:12191: $? = 0
configure:12205: result: 4
configure:12217: checking whether __SUNPRO_C is declared
configure:12217: gcc -c -g -O2  conftest.c >&5
conftest.c: In function `main':
conftest.c:64: error: `__SUNPRO_C' undeclared (first use in this function)
conftest.c:64: error: (Each undeclared identifier is reported only once
conftest.c:64: error: for each function it appears in.)
configure:12217: $? = 1
configure: failed program was:
| /* confdefs.h */
| #define PACKAGE_NAME "pixman"
| #define PACKAGE_TARNAME "pixman"
| #define PACKAGE_VERSION "0.32.2"
| #define PACKAGE_STRING "pixman 0.32.2"
| #define PACKAGE_BUGREPORT "pixman@lists.freedesktop.org"
| #define PACKAGE_URL ""
| #define PACKAGE "pixman"
| #define VERSION "0.32.2"
| #define STDC_HEADERS 1
| #define HAVE_SYS_TYPES_H 1
| #define HAVE_SYS_STAT_H 1
| #define HAVE_STDLIB_H 1
| #define HAVE_STRING_H 1
| #define HAVE_MEMORY_H 1
| #define HAVE_STRINGS_H 1
| #define HAVE_INTTYPES_H 1
| #define HAVE_STDINT_H 1
| #define HAVE_UNISTD_H 1
| #define HAVE_DLFCN_H 1
| #define LT_OBJDIR ".libs/"
| #define SIZEOF_LONG 4
| /* end confdefs.h.  */
| #include <stdio.h>
| #ifdef HAVE_SYS_TYPES_H
| # include <sys/types.h>
| #endif
| #ifdef HAVE_SYS_STAT_H
| # include <sys/stat.h>
| #endif
| #ifdef STDC_HEADERS
| # include <stdlib.h>
| # include <stddef.h>
| #else
| # ifdef HAVE_STDLIB_H
| #  include <stdlib.h>
| # endif
| #endif
| #ifdef HAVE_STRING_H
| # if !defined STDC_HEADERS && defined HAVE_MEMORY_H
| #  include <memory.h>
| # endif
| # include <string.h>
| #endif
| #ifdef HAVE_STRINGS_H
| # include <strings.h>
| #endif
| #ifdef HAVE_INTTYPES_H
| # include <inttypes.h>
| #endif
| #ifdef HAVE_STDINT_H
| # include <stdint.h>
| #endif
| #ifdef HAVE_UNISTD_H
| # include <unistd.h>
| #endif
| int
| main ()
| {
| #ifndef __SUNPRO_C
| #ifdef __cplusplus
|   (void) __SUNPRO_C;
| #else
|   (void) __SUNPRO_C;
| #endif
| #endif
| 
|   ;
|   return 0;
| }
configure:12217: result: no
configure:12224: checking whether __amd64 is declared
configure:12224: gcc -c -g -O2  conftest.c >&5
conftest.c: In function `main':
conftest.c:64: error: `__amd64' undeclared (first use in this function)
conftest.c:64: error: (Each undeclared identifier is reported only once
conftest.c:64: error: for each function it appears in.)
configure:12224: $? = 1
configure: failed program was:
| /* confdefs.h */
| #define PACKAGE_NAME "pixman"
| #define PACKAGE_TARNAME "pixman"
| #define PACKAGE_VERSION "0.32.2"
| #define PACKAGE_STRING "pixman 0.32.2"
| #define PACKAGE_BUGREPORT "pixman@lists.freedesktop.org"
| #define PACKAGE_URL ""
| #define PACKAGE "pixman"
| #define VERSION "0.32.2"
| #define STDC_HEADERS 1
| #define HAVE_SYS_TYPES_H 1
| #define HAVE_SYS_STAT_H 1
| #define HAVE_STDLIB_H 1
| #define HAVE_STRING_H 1
| #define HAVE_MEMORY_H 1
| #define HAVE_STRINGS_H 1
| #define HAVE_INTTYPES_H 1
| #define HAVE_STDINT_H 1
| #define HAVE_UNISTD_H 1
| #define HAVE_DLFCN_H 1
| #define LT_OBJDIR ".libs/"
| #define SIZEOF_LONG 4
| /* end confdefs.h.  */
| #include <stdio.h>
| #ifdef HAVE_SYS_TYPES_H
| # include <sys/types.h>
| #endif
| #ifdef HAVE_SYS_STAT_H
| # include <sys/stat.h>
| #endif
| #ifdef STDC_HEADERS
| # include <stdlib.h>
| # include <stddef.h>
| #else
| # ifdef HAVE_STDLIB_H
| #  include <stdlib.h>
| # endif
| #endif
| #ifdef HAVE_STRING_H
| # if !defined STDC_HEADERS && defined HAVE_MEMORY_H
| #  include <memory.h>
| # endif
| # include <string.h>
| #endif
| #ifdef HAVE_STRINGS_H
| # include <strings.h>
| #endif
| #ifdef HAVE_INTTYPES_H
| # include <inttypes.h>
| #endif
| #ifdef HAVE_STDINT_H
| # include <stdint.h>
| #endif
| #ifdef HAVE_UNISTD_H
| # include <unistd.h>
| #endif
| int
| main ()
| {
| #ifndef __amd64
| #ifdef __cplusplus
|   (void) __amd64;
| #else
|   (void) __amd64;
| #endif
| #endif
| 
|   ;
|   return 0;
| }
configure:12224: result: no
configure:12265: checking whether the compiler supports -Wall
configure:12283: gcc -o conftest.exe -g -O2 -Werror -Wall    conftest.c   >&5
configure:12283: $? = 0
configure:12309: result: yes
configure:12312: checking whether the compiler supports -Wdeclaration-after-statement
configure:12330: gcc -o conftest.exe -g -O2 -Wall -Werror -Wdeclaration-after-statement    conftest.c   >&5
configure:12330: $? = 0
configure:12356: result: yes
configure:12359: checking whether the compiler supports -fno-strict-aliasing
configure:12377: gcc -o conftest.exe -g -O2 -Wall -Wdeclaration-after-statement -Werror -fno-strict-aliasing    conftest.c   >&5
configure:12377: $? = 0
configure:12403: result: yes
configure:12418: checking for gcc option to support OpenMP
configure:12433: gcc -o conftest.exe -g -O2 -Wall -Wdeclaration-after-statement -fno-strict-aliasing   conftest.c  >&5
conftest.c:26: error: parse error before "me"
conftest.c:28:17: omp.h: No such file or directory
conftest.c:29: error: syntax error before "int"
conftest.c: In function `main':
conftest.c:29: warning: implicit declaration of function `omp_get_num_threads'
configure:12433: $? = 1
configure: failed program was:
| /* confdefs.h */
| #define PACKAGE_NAME "pixman"
| #define PACKAGE_TARNAME "pixman"
| #define PACKAGE_VERSION "0.32.2"
| #define PACKAGE_STRING "pixman 0.32.2"
| #define PACKAGE_BUGREPORT "pixman@lists.freedesktop.org"
| #define PACKAGE_URL ""
| #define PACKAGE "pixman"
| #define VERSION "0.32.2"
| #define STDC_HEADERS 1
| #define HAVE_SYS_TYPES_H 1
| #define HAVE_SYS_STAT_H 1
| #define HAVE_STDLIB_H 1
| #define HAVE_STRING_H 1
| #define HAVE_MEMORY_H 1
| #define HAVE_STRINGS_H 1
| #define HAVE_INTTYPES_H 1
| #define HAVE_STDINT_H 1
| #define HAVE_UNISTD_H 1
| #define HAVE_DLFCN_H 1
| #define LT_OBJDIR ".libs/"
| #define SIZEOF_LONG 4
| /* end confdefs.h.  */
| 
| #ifndef _OPENMP
|  choke me
| #endif
| #include <omp.h>
| int main () { return omp_get_num_threads (); }
| 
configure:12451: gcc -o conftest.exe -g -O2 -Wall -Wdeclaration-after-statement -fno-strict-aliasing -fopenmp   conftest.c  >&5
cc1: warning: command line option "-fopenmp" is valid for D but not for C
conftest.c:26: error: parse error before "me"
conftest.c:28:17: omp.h: No such file or directory
conftest.c:29: error: syntax error before "int"
conftest.c: In function `main':
conftest.c:29: warning: implicit declaration of function `omp_get_num_threads'
configure:12451: $? = 1
configure: failed program was:
| /* confdefs.h */
| #define PACKAGE_NAME "pixman"
| #define PACKAGE_TARNAME "pixman"
| #define PACKAGE_VERSION "0.32.2"
| #define PACKAGE_STRING "pixman 0.32.2"
| #define PACKAGE_BUGREPORT "pixman@lists.freedesktop.org"
| #define PACKAGE_URL ""
| #define PACKAGE "pixman"
| #define VERSION "0.32.2"
| #define STDC_HEADERS 1
| #define HAVE_SYS_TYPES_H 1
| #define HAVE_SYS_STAT_H 1
| #define HAVE_STDLIB_H 1
| #define HAVE_STRING_H 1
| #define HAVE_MEMORY_H 1
| #define HAVE_STRINGS_H 1
| #define HAVE_INTTYPES_H 1
| #define HAVE_STDINT_H 1
| #define HAVE_UNISTD_H 1
| #define HAVE_DLFCN_H 1
| #define LT_OBJDIR ".libs/"
| #define SIZEOF_LONG 4
| /* end confdefs.h.  */
| 
| #ifndef _OPENMP
|  choke me
| #endif
| #include <omp.h>
| int main () { return omp_get_num_threads (); }
| 
configure:12451: gcc -o conftest.exe -g -O2 -Wall -Wdeclaration-after-statement -fno-strict-aliasing -xopenmp   conftest.c  >&5
gcc: language openmp not recognized
conftest.c: file not recognized: File format not recognized
collect2: ld returned 1 exit status
configure:12451: $? = 1
configure: failed program was:
| /* confdefs.h */
| #define PACKAGE_NAME "pixman"
| #define PACKAGE_TARNAME "pixman"
| #define PACKAGE_VERSION "0.32.2"
| #define PACKAGE_STRING "pixman 0.32.2"
| #define PACKAGE_BUGREPORT "pixman@lists.freedesktop.org"
| #define PACKAGE_URL ""
| #define PACKAGE "pixman"
| #define VERSION "0.32.2"
| #define STDC_HEADERS 1
| #define HAVE_SYS_TYPES_H 1
| #define HAVE_SYS_STAT_H 1
| #define HAVE_STDLIB_H 1
| #define HAVE_STRING_H 1
| #define HAVE_MEMORY_H 1
| #define HAVE_STRINGS_H 1
| #define HAVE_INTTYPES_H 1
| #define HAVE_STDINT_H 1
| #define HAVE_UNISTD_H 1
| #define HAVE_DLFCN_H 1
| #define LT_OBJDIR ".libs/"
| #define SIZEOF_LONG 4
| /* end confdefs.h.  */
| 
| #ifndef _OPENMP
|  choke me
| #endif
| #include <omp.h>
| int main () { return omp_get_num_threads (); }
| 
configure:12451: gcc -o conftest.exe -g -O2 -Wall -Wdeclaration-after-statement -fno-strict-aliasing -openmp   conftest.c  >&5
conftest.c:26: error: parse error before "me"
conftest.c:28:17: omp.h: No such file or directory
conftest.c:29: error: syntax error before "int"
conftest.c: In function `main':
conftest.c:29: warning: implicit declaration of function `omp_get_num_threads'
configure:12451: $? = 1
configure: failed program was:
| /* confdefs.h */
| #define PACKAGE_NAME "pixman"
| #define PACKAGE_TARNAME "pixman"
| #define PACKAGE_VERSION "0.32.2"
| #define PACKAGE_STRING "pixman 0.32.2"
| #define PACKAGE_BUGREPORT "pixman@lists.freedesktop.org"
| #define PACKAGE_URL ""
| #define PACKAGE "pixman"
| #define VERSION "0.32.2"
| #define STDC_HEADERS 1
| #define HAVE_SYS_TYPES_H 1
| #define HAVE_SYS_STAT_H 1
| #define HAVE_STDLIB_H 1
| #define HAVE_STRING_H 1
| #define HAVE_MEMORY_H 1
| #define HAVE_STRINGS_H 1
| #define HAVE_INTTYPES_H 1
| #define HAVE_STDINT_H 1
| #define HAVE_UNISTD_H 1
| #define HAVE_DLFCN_H 1
| #define LT_OBJDIR ".libs/"
| #define SIZEOF_LONG 4
| /* end confdefs.h.  */
| 
| #ifndef _OPENMP
|  choke me
| #endif
| #include <omp.h>
| int main () { return omp_get_num_threads (); }
| 
configure:12451: gcc -o conftest.exe -g -O2 -Wall -Wdeclaration-after-statement -fno-strict-aliasing -mp   conftest.c  >&5
cc1: error: invalid option `p'
configure:12451: $? = 1
configure: failed program was:
| /* confdefs.h */
| #define PACKAGE_NAME "pixman"
| #define PACKAGE_TARNAME "pixman"
| #define PACKAGE_VERSION "0.32.2"
| #define PACKAGE_STRING "pixman 0.32.2"
| #define PACKAGE_BUGREPORT "pixman@lists.freedesktop.org"
| #define PACKAGE_URL ""
| #define PACKAGE "pixman"
| #define VERSION "0.32.2"
| #define STDC_HEADERS 1
| #define HAVE_SYS_TYPES_H 1
| #define HAVE_SYS_STAT_H 1
| #define HAVE_STDLIB_H 1
| #define HAVE_STRING_H 1
| #define HAVE_MEMORY_H 1
| #define HAVE_STRINGS_H 1
| #define HAVE_INTTYPES_H 1
| #define HAVE_STDINT_H 1
| #define HAVE_UNISTD_H 1
| #define HAVE_DLFCN_H 1
| #define LT_OBJDIR ".libs/"
| #define SIZEOF_LONG 4
| /* end confdefs.h.  */
| 
| #ifndef _OPENMP
|  choke me
| #endif
| #include <omp.h>
| int main () { return omp_get_num_threads (); }
| 
configure:12451: gcc -o conftest.exe -g -O2 -Wall -Wdeclaration-after-statement -fno-strict-aliasing -omp   conftest.c  >&5
conftest.c:26: error: parse error before "me"
conftest.c:28:17: omp.h: No such file or directory
conftest.c:29: error: syntax error before "int"
conftest.c: In function `main':
conftest.c:29: warning: implicit declaration of function `omp_get_num_threads'
configure:12451: $? = 1
configure: failed program was:
| /* confdefs.h */
| #define PACKAGE_NAME "pixman"
| #define PACKAGE_TARNAME "pixman"
| #define PACKAGE_VERSION "0.32.2"
| #define PACKAGE_STRING "pixman 0.32.2"
| #define PACKAGE_BUGREPORT "pixman@lists.freedesktop.org"
| #define PACKAGE_URL ""
| #define PACKAGE "pixman"
| #define VERSION "0.32.2"
| #define STDC_HEADERS 1
| #define HAVE_SYS_TYPES_H 1
| #define HAVE_SYS_STAT_H 1
| #define HAVE_STDLIB_H 1
| #define HAVE_STRING_H 1
| #define HAVE_MEMORY_H 1
| #define HAVE_STRINGS_H 1
| #define HAVE_INTTYPES_H 1
| #define HAVE_STDINT_H 1
| #define HAVE_UNISTD_H 1
| #define HAVE_DLFCN_H 1
| #define LT_OBJDIR ".libs/"
| #define SIZEOF_LONG 4
| /* end confdefs.h.  */
| 
| #ifndef _OPENMP
|  choke me
| #endif
| #include <omp.h>
| int main () { return omp_get_num_threads (); }
| 
configure:12451: gcc -o conftest.exe -g -O2 -Wall -Wdeclaration-after-statement -fno-strict-aliasing -qsmp=omp   conftest.c  >&5
gcc: unrecognized option `-qsmp=omp'
conftest.c:26: error: parse error before "me"
conftest.c:28:17: omp.h: No such file or directory
conftest.c:29: error: syntax error before "int"
conftest.c: In function `main':
conftest.c:29: warning: implicit declaration of function `omp_get_num_threads'
configure:12451: $? = 1
configure: failed program was:
| /* confdefs.h */
| #define PACKAGE_NAME "pixman"
| #define PACKAGE_TARNAME "pixman"
| #define PACKAGE_VERSION "0.32.2"
| #define PACKAGE_STRING "pixman 0.32.2"
| #define PACKAGE_BUGREPORT "pixman@lists.freedesktop.org"
| #define PACKAGE_URL ""
| #define PACKAGE "pixman"
| #define VERSION "0.32.2"
| #define STDC_HEADERS 1
| #define HAVE_SYS_TYPES_H 1
| #define HAVE_SYS_STAT_H 1
| #define HAVE_STDLIB_H 1
| #define HAVE_STRING_H 1
| #define HAVE_MEMORY_H 1
| #define HAVE_STRINGS_H 1
| #define HAVE_INTTYPES_H 1
| #define HAVE_STDINT_H 1
| #define HAVE_UNISTD_H 1
| #define HAVE_DLFCN_H 1
| #define LT_OBJDIR ".libs/"
| #define SIZEOF_LONG 4
| /* end confdefs.h.  */
| 
| #ifndef _OPENMP
|  choke me
| #endif
| #include <omp.h>
| int main () { return omp_get_num_threads (); }
| 
configure:12451: gcc -o conftest.exe -g -O2 -Wall -Wdeclaration-after-statement -fno-strict-aliasing -homp   conftest.c  >&5
gcc: unrecognized option `-homp'
conftest.c:26: error: parse error before "me"
conftest.c:28:17: omp.h: No such file or directory
conftest.c:29: error: syntax error before "int"
conftest.c: In function `main':
conftest.c:29: warning: implicit declaration of function `omp_get_num_threads'
configure:12451: $? = 1
configure: failed program was:
| /* confdefs.h */
| #define PACKAGE_NAME "pixman"
| #define PACKAGE_TARNAME "pixman"
| #define PACKAGE_VERSION "0.32.2"
| #define PACKAGE_STRING "pixman 0.32.2"
| #define PACKAGE_BUGREPORT "pixman@lists.freedesktop.org"
| #define PACKAGE_URL ""
| #define PACKAGE "pixman"
| #define VERSION "0.32.2"
| #define STDC_HEADERS 1
| #define HAVE_SYS_TYPES_H 1
| #define HAVE_SYS_STAT_H 1
| #define HAVE_STDLIB_H 1
| #define HAVE_STRING_H 1
| #define HAVE_MEMORY_H 1
| #define HAVE_STRINGS_H 1
| #define HAVE_INTTYPES_H 1
| #define HAVE_STDINT_H 1
| #define HAVE_UNISTD_H 1
| #define HAVE_DLFCN_H 1
| #define LT_OBJDIR ".libs/"
| #define SIZEOF_LONG 4
| /* end confdefs.h.  */
| 
| #ifndef _OPENMP
|  choke me
| #endif
| #include <omp.h>
| int main () { return omp_get_num_threads (); }
| 
configure:12451: gcc -o conftest.exe -g -O2 -Wall -Wdeclaration-after-statement -fno-strict-aliasing -Popenmp   conftest.c  >&5
gcc: unrecognized option `-Popenmp'
conftest.c:26: error: parse error before "me"
conftest.c:28:17: omp.h: No such file or directory
conftest.c:29: error: syntax error before "int"
conftest.c: In function `main':
conftest.c:29: warning: implicit declaration of function `omp_get_num_threads'
configure:12451: $? = 1
configure: failed program was:
| /* confdefs.h */
| #define PACKAGE_NAME "pixman"
| #define PACKAGE_TARNAME "pixman"
| #define PACKAGE_VERSION "0.32.2"
| #define PACKAGE_STRING "pixman 0.32.2"
| #define PACKAGE_BUGREPORT "pixman@lists.freedesktop.org"
| #define PACKAGE_URL ""
| #define PACKAGE "pixman"
| #define VERSION "0.32.2"
| #define STDC_HEADERS 1
| #define HAVE_SYS_TYPES_H 1
| #define HAVE_SYS_STAT_H 1
| #define HAVE_STDLIB_H 1
| #define HAVE_STRING_H 1
| #define HAVE_MEMORY_H 1
| #define HAVE_STRINGS_H 1
| #define HAVE_INTTYPES_H 1
| #define HAVE_STDINT_H 1
| #define HAVE_UNISTD_H 1
| #define HAVE_DLFCN_H 1
| #define LT_OBJDIR ".libs/"
| #define SIZEOF_LONG 4
| /* end confdefs.h.  */
| 
| #ifndef _OPENMP
|  choke me
| #endif
| #include <omp.h>
| int main () { return omp_get_num_threads (); }
| 
configure:12451: gcc -o conftest.exe -g -O2 -Wall -Wdeclaration-after-statement -fno-strict-aliasing --openmp   conftest.c  >&5
cc1: warning: command line option "-fopenmp" is valid for D but not for C
conftest.c:26: error: parse error before "me"
conftest.c:28:17: omp.h: No such file or directory
conftest.c:29: error: syntax error before "int"
conftest.c: In function `main':
conftest.c:29: warning: implicit declaration of function `omp_get_num_threads'
configure:12451: $? = 1
configure: failed program was:
| /* confdefs.h */
| #define PACKAGE_NAME "pixman"
| #define PACKAGE_TARNAME "pixman"
| #define PACKAGE_VERSION "0.32.2"
| #define PACKAGE_STRING "pixman 0.32.2"
| #define PACKAGE_BUGREPORT "pixman@lists.freedesktop.org"
| #define PACKAGE_URL ""
| #define PACKAGE "pixman"
| #define VERSION "0.32.2"
| #define STDC_HEADERS 1
| #define HAVE_SYS_TYPES_H 1
| #define HAVE_SYS_STAT_H 1
| #define HAVE_STDLIB_H 1
| #define HAVE_STRING_H 1
| #define HAVE_MEMORY_H 1
| #define HAVE_STRINGS_H 1
| #define HAVE_INTTYPES_H 1
| #define HAVE_STDINT_H 1
| #define HAVE_UNISTD_H 1
| #define HAVE_DLFCN_H 1
| #define LT_OBJDIR ".libs/"
| #define SIZEOF_LONG 4
| /* end confdefs.h.  */
| 
| #ifndef _OPENMP
|  choke me
| #endif
| #include <omp.h>
| int main () { return omp_get_num_threads (); }
| 
configure:12465: result: unsupported
configure:12563: checking whether the compiler supports -fvisibility=hidden
configure:12588: gcc -o conftest.exe -g -O2 -Wall -Wdeclaration-after-statement -fno-strict-aliasing -Werror -fvisibility=hidden    conftest.c   >&5
cc1: error: unrecognized command line option "-fvisibility=hidden"
configure:12588: $? = 1
configure: failed program was:
| /* confdefs.h */
| #define PACKAGE_NAME "pixman"
| #define PACKAGE_TARNAME "pixman"
| #define PACKAGE_VERSION "0.32.2"
| #define PACKAGE_STRING "pixman 0.32.2"
| #define PACKAGE_BUGREPORT "pixman@lists.freedesktop.org"
| #define PACKAGE_URL ""
| #define PACKAGE "pixman"
| #define VERSION "0.32.2"
| #define STDC_HEADERS 1
| #define HAVE_SYS_TYPES_H 1
| #define HAVE_SYS_STAT_H 1
| #define HAVE_STDLIB_H 1
| #define HAVE_STRING_H 1
| #define HAVE_MEMORY_H 1
| #define HAVE_STRINGS_H 1
| #define HAVE_INTTYPES_H 1
| #define HAVE_STDINT_H 1
| #define HAVE_UNISTD_H 1
| #define HAVE_DLFCN_H 1
| #define LT_OBJDIR ".libs/"
| #define SIZEOF_LONG 4
| /* end confdefs.h.  */
| #if defined(__GNUC__) && (__GNUC__ >= 4)
| #ifdef _WIN32
| #error Have -fvisibility but it is ignored and generates a warning
| #endif
| #else
| #error Need GCC 4.0 for visibility
| #endif
| 
| 		 int main(int c, char **v) { (void)c; (void)v; return 0; }
| 
configure:12614: result: no
configure:12618: checking whether the compiler supports -xldscope=hidden
configure:12640: gcc -o conftest.exe -g -O2 -Wall -Wdeclaration-after-statement -fno-strict-aliasing -Werror -xldscope=hidden    conftest.c   >&5
gcc: language ldscope=hidden not recognized
conftest.c: file not recognized: File format not recognized
collect2: ld returned 1 exit status
configure:12640: $? = 1
configure: failed program was:
| /* confdefs.h */
| #define PACKAGE_NAME "pixman"
| #define PACKAGE_TARNAME "pixman"
| #define PACKAGE_VERSION "0.32.2"
| #define PACKAGE_STRING "pixman 0.32.2"
| #define PACKAGE_BUGREPORT "pixman@lists.freedesktop.org"
| #define PACKAGE_URL ""
| #define PACKAGE "pixman"
| #define VERSION "0.32.2"
| #define STDC_HEADERS 1
| #define HAVE_SYS_TYPES_H 1
| #define HAVE_SYS_STAT_H 1
| #define HAVE_STDLIB_H 1
| #define HAVE_STRING_H 1
| #define HAVE_MEMORY_H 1
| #define HAVE_STRINGS_H 1
| #define HAVE_INTTYPES_H 1
| #define HAVE_STDINT_H 1
| #define HAVE_UNISTD_H 1
| #define HAVE_DLFCN_H 1
| #define LT_OBJDIR ".libs/"
| #define SIZEOF_LONG 4
| /* end confdefs.h.  */
| #if defined(__SUNPRO_C) && (__SUNPRO_C >= 0x550)
| #else
| #error Need Sun Studio 8 for visibility
| #endif
| 
| 		 int main(int c, char **v) { (void)c; (void)v; return 0; }
| 
configure:12666: result: no
configure:12676: checking whether to use Loongson MMI assembler
configure:12701: gcc -o conftest.exe  -march=loongson2f -g -O2 -Wall -Wdeclaration-after-statement -fno-strict-aliasing -I.   conftest.c  >&5
conftest.c:1: error: bad value (loongson2f) for -march= switch
conftest.c:1: error: bad value (loongson2f) for -mtune= switch
configure:12701: $? = 1
configure: failed program was:
| /* confdefs.h */
| #define PACKAGE_NAME "pixman"
| #define PACKAGE_TARNAME "pixman"
| #define PACKAGE_VERSION "0.32.2"
| #define PACKAGE_STRING "pixman 0.32.2"
| #define PACKAGE_BUGREPORT "pixman@lists.freedesktop.org"
| #define PACKAGE_URL ""
| #define PACKAGE "pixman"
| #define VERSION "0.32.2"
| #define STDC_HEADERS 1
| #define HAVE_SYS_TYPES_H 1
| #define HAVE_SYS_STAT_H 1
| #define HAVE_STDLIB_H 1
| #define HAVE_STRING_H 1
| #define HAVE_MEMORY_H 1
| #define HAVE_STRINGS_H 1
| #define HAVE_INTTYPES_H 1
| #define HAVE_STDINT_H 1
| #define HAVE_UNISTD_H 1
| #define HAVE_DLFCN_H 1
| #define LT_OBJDIR ".libs/"
| #define SIZEOF_LONG 4
| /* end confdefs.h.  */
| 
| #ifndef __mips_loongson_vector_rev
| #error "Loongson Multimedia Instructions are only available on Loongson"
| #endif
| #if defined(__GNUC__) && (__GNUC__ < 4 || (__GNUC__ == 4 && __GNUC_MINOR__ < 4))
| #error "Need GCC >= 4.4 for Loongson MMI compilation"
| #endif
| #include "pixman/loongson-mmintrin.h"
| int main () {
|     union {
|         __m64 v;
|         char c[8];
|     } a = { .c = {1, 2, 3, 4, 5, 6, 7, 8} };
|     int b = 4;
|     __m64 c = _mm_srli_pi16 (a.v, b);
|     return 0;
| }
configure:12728: result: no
configure:12758: checking whether to use MMX intrinsics
configure:12788: gcc -c -mmmx -Winline -g -O2 -Wall -Wdeclaration-after-statement -fno-strict-aliasing  conftest.c >&5
configure:12788: $? = 0
configure:12814: result: yes
configure:12842: checking whether to use SSE2 intrinsics
configure:12864: gcc -c -msse2 -Winline -g -O2 -Wall -Wdeclaration-after-statement -fno-strict-aliasing  conftest.c >&5
conftest.c:28:8: #error "Need GCC >= 4.2 for SSE2 intrinsics on x86"
configure:12864: $? = 1
configure: failed program was:
| /* confdefs.h */
| #define PACKAGE_NAME "pixman"
| #define PACKAGE_TARNAME "pixman"
| #define PACKAGE_VERSION "0.32.2"
| #define PACKAGE_STRING "pixman 0.32.2"
| #define PACKAGE_BUGREPORT "pixman@lists.freedesktop.org"
| #define PACKAGE_URL ""
| #define PACKAGE "pixman"
| #define VERSION "0.32.2"
| #define STDC_HEADERS 1
| #define HAVE_SYS_TYPES_H 1
| #define HAVE_SYS_STAT_H 1
| #define HAVE_STDLIB_H 1
| #define HAVE_STRING_H 1
| #define HAVE_MEMORY_H 1
| #define HAVE_STRINGS_H 1
| #define HAVE_INTTYPES_H 1
| #define HAVE_STDINT_H 1
| #define HAVE_UNISTD_H 1
| #define HAVE_DLFCN_H 1
| #define LT_OBJDIR ".libs/"
| #define SIZEOF_LONG 4
| #define USE_X86_MMX 1
| /* end confdefs.h.  */
| 
| #if defined(__GNUC__) && (__GNUC__ < 4 || (__GNUC__ == 4 && __GNUC_MINOR__ < 2))
| #   if !defined(__amd64__) && !defined(__x86_64__)
| #      error "Need GCC >= 4.2 for SSE2 intrinsics on x86"
| #   endif
| #endif
| #include <mmintrin.h>
| #include <xmmintrin.h>
| #include <emmintrin.h>
| int main () {
|     __m128i a = _mm_set1_epi32 (0), b = _mm_set1_epi32 (0), c;
| 	c = _mm_xor_si128 (a, b);
|     return 0;
| }
configure:12888: result: no
configure:12909: checking whether to use SSSE3 intrinsics
configure:12927: gcc -c -mssse3 -Winline -g -O2 -Wall -Wdeclaration-after-statement -fno-strict-aliasing  conftest.c >&5
cc1: error: invalid option `ssse3'
configure:12927: $? = 1
configure: failed program was:
| /* confdefs.h */
| #define PACKAGE_NAME "pixman"
| #define PACKAGE_TARNAME "pixman"
| #define PACKAGE_VERSION "0.32.2"
| #define PACKAGE_STRING "pixman 0.32.2"
| #define PACKAGE_BUGREPORT "pixman@lists.freedesktop.org"
| #define PACKAGE_URL ""
| #define PACKAGE "pixman"
| #define VERSION "0.32.2"
| #define STDC_HEADERS 1
| #define HAVE_SYS_TYPES_H 1
| #define HAVE_SYS_STAT_H 1
| #define HAVE_STDLIB_H 1
| #define HAVE_STRING_H 1
| #define HAVE_MEMORY_H 1
| #define HAVE_STRINGS_H 1
| #define HAVE_INTTYPES_H 1
| #define HAVE_STDINT_H 1
| #define HAVE_UNISTD_H 1
| #define HAVE_DLFCN_H 1
| #define LT_OBJDIR ".libs/"
| #define SIZEOF_LONG 4
| #define USE_X86_MMX 1
| /* end confdefs.h.  */
| 
| #include <mmintrin.h>
| #include <xmmintrin.h>
| #include <emmintrin.h>
| #include <tmmintrin.h>
| int main () {
|     __m128i a = _mm_set1_epi32 (0), b = _mm_set1_epi32 (0), c;
|     c = _mm_maddubs_epi16 (a, b);
|     return 0;
| }
configure:12951: result: no
configure:13018: checking whether to use VMX/Altivec intrinsics
configure:13035: gcc -c -maltivec -mabi=altivec -g -O2 -Wall -Wdeclaration-after-statement -fno-strict-aliasing  conftest.c >&5
cc1: error: invalid option `altivec'
cc1: error: invalid option `abi=altivec'
configure:13035: $? = 1
configure: failed program was:
| /* confdefs.h */
| #define PACKAGE_NAME "pixman"
| #define PACKAGE_TARNAME "pixman"
| #define PACKAGE_VERSION "0.32.2"
| #define PACKAGE_STRING "pixman 0.32.2"
| #define PACKAGE_BUGREPORT "pixman@lists.freedesktop.org"
| #define PACKAGE_URL ""
| #define PACKAGE "pixman"
| #define VERSION "0.32.2"
| #define STDC_HEADERS 1
| #define HAVE_SYS_TYPES_H 1
| #define HAVE_SYS_STAT_H 1
| #define HAVE_STDLIB_H 1
| #define HAVE_STRING_H 1
| #define HAVE_MEMORY_H 1
| #define HAVE_STRINGS_H 1
| #define HAVE_INTTYPES_H 1
| #define HAVE_STDINT_H 1
| #define HAVE_UNISTD_H 1
| #define HAVE_DLFCN_H 1
| #define LT_OBJDIR ".libs/"
| #define SIZEOF_LONG 4
| #define USE_X86_MMX 1
| /* end confdefs.h.  */
| 
| #if defined(__GNUC__) && (__GNUC__ < 3 || (__GNUC__ == 3 && __GNUC_MINOR__ < 4))
| #error "Need GCC >= 3.4 for sane altivec support"
| #endif
| #include <altivec.h>
| int main () {
|     vector unsigned int v = vec_splat_u32 (1);
|     v = vec_sub (v, v);
|     return 0;
| }
configure:13061: result: no
configure:13079: checking whether to use ARM SIMD assembler
configure:13097: gcc -c -x assembler-with-cpp -g -O2 -Wall -Wdeclaration-after-statement -fno-strict-aliasing  conftest.c >&5
conftest.c:32:2: #error EABI is required (to be sure that calling conventions are compatible)
configure:13097: $? = 1
configure: failed program was:
| /* confdefs.h */
| #define PACKAGE_NAME "pixman"
| #define PACKAGE_TARNAME "pixman"
| #define PACKAGE_VERSION "0.32.2"
| #define PACKAGE_STRING "pixman 0.32.2"
| #define PACKAGE_BUGREPORT "pixman@lists.freedesktop.org"
| #define PACKAGE_URL ""
| #define PACKAGE "pixman"
| #define VERSION "0.32.2"
| #define STDC_HEADERS 1
| #define HAVE_SYS_TYPES_H 1
| #define HAVE_SYS_STAT_H 1
| #define HAVE_STDLIB_H 1
| #define HAVE_STRING_H 1
| #define HAVE_MEMORY_H 1
| #define HAVE_STRINGS_H 1
| #define HAVE_INTTYPES_H 1
| #define HAVE_STDINT_H 1
| #define HAVE_UNISTD_H 1
| #define HAVE_DLFCN_H 1
| #define LT_OBJDIR ".libs/"
| #define SIZEOF_LONG 4
| #define USE_X86_MMX 1
| /* end confdefs.h.  */
| 
| .text
| .arch armv6
| .object_arch armv4
| .arm
| .altmacro
| #ifndef __ARM_EABI__
| #error EABI is required (to be sure that calling conventions are compatible)
| #endif
| pld [r0]
| uqadd8 r0, r0, r0
configure:13130: result: no
configure:13137: checking whether to use ARM NEON assembler
configure:13157: gcc -c -x assembler-with-cpp -g -O2 -Wall -Wdeclaration-after-statement -fno-strict-aliasing  conftest.c >&5
conftest.c:34:2: #error EABI is required (to be sure that calling conventions are compatible)
configure:13157: $? = 1
configure: failed program was:
| /* confdefs.h */
| #define PACKAGE_NAME "pixman"
| #define PACKAGE_TARNAME "pixman"
| #define PACKAGE_VERSION "0.32.2"
| #define PACKAGE_STRING "pixman 0.32.2"
| #define PACKAGE_BUGREPORT "pixman@lists.freedesktop.org"
| #define PACKAGE_URL ""
| #define PACKAGE "pixman"
| #define VERSION "0.32.2"
| #define STDC_HEADERS 1
| #define HAVE_SYS_TYPES_H 1
| #define HAVE_SYS_STAT_H 1
| #define HAVE_STDLIB_H 1
| #define HAVE_STRING_H 1
| #define HAVE_MEMORY_H 1
| #define HAVE_STRINGS_H 1
| #define HAVE_INTTYPES_H 1
| #define HAVE_STDINT_H 1
| #define HAVE_UNISTD_H 1
| #define HAVE_DLFCN_H 1
| #define LT_OBJDIR ".libs/"
| #define SIZEOF_LONG 4
| #define USE_X86_MMX 1
| /* end confdefs.h.  */
| 
| .text
| .fpu neon
| .arch armv7a
| .object_arch armv4
| .eabi_attribute 10, 0
| .arm
| .altmacro
| #ifndef __ARM_EABI__
| #error EABI is required (to be sure that calling conventions are compatible)
| #endif
| pld [r0]
| vmovn.u16 d0, q0
configure:13190: result: no
configure:13221: checking whether to use ARM IWMMXT intrinsics
configure:13247: gcc -c -g -O2 -Wall -Wdeclaration-after-statement -fno-strict-aliasing -flax-vector-conversions -Winline -march=iwmmxt2  conftest.c >&5
cc1: error: unrecognized command line option "-flax-vector-conversions"
conftest.c:1: error: bad value (iwmmxt2) for -march= switch
conftest.c:1: error: bad value (iwmmxt2) for -mtune= switch
configure:13247: $? = 1
configure: failed program was:
| /* confdefs.h */
| #define PACKAGE_NAME "pixman"
| #define PACKAGE_TARNAME "pixman"
| #define PACKAGE_VERSION "0.32.2"
| #define PACKAGE_STRING "pixman 0.32.2"
| #define PACKAGE_BUGREPORT "pixman@lists.freedesktop.org"
| #define PACKAGE_URL ""
| #define PACKAGE "pixman"
| #define VERSION "0.32.2"
| #define STDC_HEADERS 1
| #define HAVE_SYS_TYPES_H 1
| #define HAVE_SYS_STAT_H 1
| #define HAVE_STDLIB_H 1
| #define HAVE_STRING_H 1
| #define HAVE_MEMORY_H 1
| #define HAVE_STRINGS_H 1
| #define HAVE_INTTYPES_H 1
| #define HAVE_STDINT_H 1
| #define HAVE_UNISTD_H 1
| #define HAVE_DLFCN_H 1
| #define LT_OBJDIR ".libs/"
| #define SIZEOF_LONG 4
| #define USE_X86_MMX 1
| /* end confdefs.h.  */
| 
| #ifndef __arm__
| #error "IWMMXT is only available on ARM"
| #endif
| #ifndef __IWMMXT__
| #error "IWMMXT not enabled (with -march=iwmmxt)"
| #endif
| #if defined(__GNUC__) && (__GNUC__ < 4 || (__GNUC__ == 4 && __GNUC_MINOR__ < 8))
| #error "Need GCC >= 4.8 for IWMMXT intrinsics"
| #endif
| #include <mmintrin.h>
| int main () {
| 	union {
| 		__m64 v;
| 		char c[8];
| 	} a = { .c = {1, 2, 3, 4, 5, 6, 7, 8} };
| 	int b = 4;
| 	__m64 c = _mm_srli_si64 (a.v, b);
| }
configure:13265: result: no
configure:13282: checking whether to use MIPS DSPr2 assembler
configure:13305: gcc -c -mdspr2 -g -O2 -Wall -Wdeclaration-after-statement -fno-strict-aliasing  conftest.c >&5
cc1: error: invalid option `dspr2'
configure:13305: $? = 1
configure: failed program was:
| /* confdefs.h */
| #define PACKAGE_NAME "pixman"
| #define PACKAGE_TARNAME "pixman"
| #define PACKAGE_VERSION "0.32.2"
| #define PACKAGE_STRING "pixman 0.32.2"
| #define PACKAGE_BUGREPORT "pixman@lists.freedesktop.org"
| #define PACKAGE_URL ""
| #define PACKAGE "pixman"
| #define VERSION "0.32.2"
| #define STDC_HEADERS 1
| #define HAVE_SYS_TYPES_H 1
| #define HAVE_SYS_STAT_H 1
| #define HAVE_STDLIB_H 1
| #define HAVE_STRING_H 1
| #define HAVE_MEMORY_H 1
| #define HAVE_STRINGS_H 1
| #define HAVE_INTTYPES_H 1
| #define HAVE_STDINT_H 1
| #define HAVE_UNISTD_H 1
| #define HAVE_DLFCN_H 1
| #define LT_OBJDIR ".libs/"
| #define SIZEOF_LONG 4
| #define USE_X86_MMX 1
| /* end confdefs.h.  */
| 
| #if !(defined(__mips__) &&  __mips_isa_rev >= 2)
| #error MIPS DSPr2 is currently only available on MIPS32r2 platforms.
| #endif
| int
| main ()
| {
|     int c = 0, a = 0, b = 0;
|     __asm__ __volatile__ (
|         "precr.qb.ph %[c], %[a], %[b]          \n\t"
|         : [c] "=r" (c)
|         : [a] "r" (a), [b] "r" (b)
|     );
|     return c;
| }
configure:13338: result: no
configure:13346: checking whether to use GNU-style inline assembler
configure:13357: gcc -c -g -O2 -Wall -Wdeclaration-after-statement -fno-strict-aliasing  conftest.c >&5
configure:13357: $? = 0
configure:13380: result: yes
configure:13489: checking for pkg-config
configure:13522: result: no
configure:13696: checking for pixman_version_string in -lpixman-1
configure:13721: gcc -o conftest.exe -g -O2 -Wall -Wdeclaration-after-statement -fno-strict-aliasing   conftest.c -lpixman-1   >&5
/usr/lib/gcc/i686-pc-cygwin/3.4.4/../../../../i686-pc-cygwin/bin/ld: cannot find -lpixman-1
collect2: ld returned 1 exit status
configure:13721: $? = 1
configure: failed program was:
| /* confdefs.h */
| #define PACKAGE_NAME "pixman"
| #define PACKAGE_TARNAME "pixman"
| #define PACKAGE_VERSION "0.32.2"
| #define PACKAGE_STRING "pixman 0.32.2"
| #define PACKAGE_BUGREPORT "pixman@lists.freedesktop.org"
| #define PACKAGE_URL ""
| #define PACKAGE "pixman"
| #define VERSION "0.32.2"
| #define STDC_HEADERS 1
| #define HAVE_SYS_TYPES_H 1
| #define HAVE_SYS_STAT_H 1
| #define HAVE_STDLIB_H 1
| #define HAVE_STRING_H 1
| #define HAVE_MEMORY_H 1
| #define HAVE_STRINGS_H 1
| #define HAVE_INTTYPES_H 1
| #define HAVE_STDINT_H 1
| #define HAVE_UNISTD_H 1
| #define HAVE_DLFCN_H 1
| #define LT_OBJDIR ".libs/"
| #define SIZEOF_LONG 4
| #define USE_X86_MMX 1
| #define USE_GCC_INLINE_ASM 1
| /* end confdefs.h.  */
| 
| /* Override any GCC internal prototype to avoid an error.
|    Use char because int might match the return type of a GCC
|    builtin and then its argument prototype would still apply.  */
| #ifdef __cplusplus
| extern "C"
| #endif
| char pixman_version_string ();
| int
| main ()
| {
| return pixman_version_string ();
|   ;
|   return 0;
| }
configure:13730: result: no
configure:13827: checking for posix_memalign
configure:13827: gcc -o conftest.exe -g -O2 -Wall -Wdeclaration-after-statement -fno-strict-aliasing   conftest.c  >&5
configure:13827: $? = 0
configure:13827: result: yes
configure:13840: checking for sigaction
configure:13840: gcc -o conftest.exe -g -O2 -Wall -Wdeclaration-after-statement -fno-strict-aliasing   conftest.c  >&5
configure:13840: $? = 0
configure:13840: result: yes
configure:13853: checking for alarm
configure:13853: gcc -o conftest.exe -g -O2 -Wall -Wdeclaration-after-statement -fno-strict-aliasing   conftest.c  >&5
configure:13853: $? = 0
configure:13853: result: yes
configure:13866: checking sys/mman.h usability
configure:13866: gcc -c -g -O2 -Wall -Wdeclaration-after-statement -fno-strict-aliasing  conftest.c >&5
configure:13866: $? = 0
configure:13866: result: yes
configure:13866: checking sys/mman.h presence
configure:13866: gcc -E  conftest.c
configure:13866: $? = 0
configure:13866: result: yes
configure:13866: checking for sys/mman.h
configure:13866: result: yes
configure:13875: checking for mmap
configure:13875: gcc -o conftest.exe -g -O2 -Wall -Wdeclaration-after-statement -fno-strict-aliasing   conftest.c  >&5
configure:13875: $? = 0
configure:13875: result: yes
configure:13888: checking for mprotect
configure:13888: gcc -o conftest.exe -g -O2 -Wall -Wdeclaration-after-statement -fno-strict-aliasing   conftest.c  >&5
configure:13888: $? = 0
configure:13888: result: yes
configure:13901: checking for getpagesize
configure:13901: gcc -o conftest.exe -g -O2 -Wall -Wdeclaration-after-statement -fno-strict-aliasing   conftest.c  >&5
configure:13901: $? = 0
configure:13901: result: yes
configure:13914: checking fenv.h usability
configure:13914: gcc -c -g -O2 -Wall -Wdeclaration-after-statement -fno-strict-aliasing  conftest.c >&5
configure:13914: $? = 0
configure:13914: result: yes
configure:13914: checking fenv.h presence
configure:13914: gcc -E  conftest.c
configure:13914: $? = 0
configure:13914: result: yes
configure:13914: checking for fenv.h
configure:13914: result: yes
configure:13923: checking for feenableexcept in -lm
configure:13948: gcc -o conftest.exe -g -O2 -Wall -Wdeclaration-after-statement -fno-strict-aliasing   conftest.c -lm   >&5
configure:13948: $? = 0
configure:13957: result: yes
configure:13971: checking for gettimeofday
configure:13971: gcc -o conftest.exe -g -O2 -Wall -Wdeclaration-after-statement -fno-strict-aliasing   conftest.c  >&5
configure:13971: $? = 0
configure:13971: result: yes
configure:13978: checking sys/time.h usability
configure:13978: gcc -c -g -O2 -Wall -Wdeclaration-after-statement -fno-strict-aliasing  conftest.c >&5
configure:13978: $? = 0
configure:13978: result: yes
configure:13978: checking sys/time.h presence
configure:13978: gcc -E  conftest.c
configure:13978: $? = 0
configure:13978: result: yes
configure:13978: checking for sys/time.h
configure:13978: result: yes
configure:13993: checking for library containing sqrtf
configure:14024: gcc -o conftest.exe -g -O2 -Wall -Wdeclaration-after-statement -fno-strict-aliasing   conftest.c  >&5
conftest.c:43: warning: conflicting types for built-in function 'sqrtf'
configure:14024: $? = 0
configure:14041: result: none required
configure:14055: checking for thread local storage (TLS) support
configure:14083: gcc -c -g -O2 -Wall -Wdeclaration-after-statement -fno-strict-aliasing  conftest.c >&5
conftest.c:44: error: thread-local storage not supported for this target
configure:14083: $? = 1
configure: failed program was:
| /* confdefs.h */
| #define PACKAGE_NAME "pixman"
| #define PACKAGE_TARNAME "pixman"
| #define PACKAGE_VERSION "0.32.2"
| #define PACKAGE_STRING "pixman 0.32.2"
| #define PACKAGE_BUGREPORT "pixman@lists.freedesktop.org"
| #define PACKAGE_URL ""
| #define PACKAGE "pixman"
| #define VERSION "0.32.2"
| #define STDC_HEADERS 1
| #define HAVE_SYS_TYPES_H 1
| #define HAVE_SYS_STAT_H 1
| #define HAVE_STDLIB_H 1
| #define HAVE_STRING_H 1
| #define HAVE_MEMORY_H 1
| #define HAVE_STRINGS_H 1
| #define HAVE_INTTYPES_H 1
| #define HAVE_STDINT_H 1
| #define HAVE_UNISTD_H 1
| #define HAVE_DLFCN_H 1
| #define LT_OBJDIR ".libs/"
| #define SIZEOF_LONG 4
| #define USE_X86_MMX 1
| #define USE_GCC_INLINE_ASM 1
| #define HAVE_POSIX_MEMALIGN 1
| #define HAVE_SIGACTION 1
| #define HAVE_ALARM 1
| #define HAVE_SYS_MMAN_H 1
| #define HAVE_MMAP 1
| #define HAVE_MPROTECT 1
| #define HAVE_GETPAGESIZE 1
| #define HAVE_FENV_H 1
| #define HAVE_FEENABLEEXCEPT 1
| #define HAVE_GETTIMEOFDAY 1
| /* end confdefs.h.  */
| 
| #if defined(__MINGW32__) && !(__GNUC__ > 4 || (__GNUC__ == 4 && __GNUC_MINOR__ >= 5))
| #error This MinGW version has broken __thread support
| #endif
| #ifdef __OpenBSD__
| #error OpenBSD has broken __thread support
| #endif
| 
| int __thread test;
| int
| main ()
| {
| 
|   ;
|   return 0;
| }
configure:14083: gcc -c -g -O2 -Wall -Wdeclaration-after-statement -fno-strict-aliasing  conftest.c >&5
conftest.c:44: warning: `thread' attribute directive ignored
configure:14083: $? = 0
configure:14091: result: __declspec(thread)
configure:14109: checking for pthreads
configure:14159: gcc -o conftest.exe -g -O2 -Wall -Wdeclaration-after-statement -fno-strict-aliasing -pthread   -pthread conftest.c   >&5
gcc: unrecognized option `-pthread'
gcc: unrecognized option `-pthread'
configure:14159: $? = 0
configure:14234: gcc -o conftest.exe -g -O2 -Wall -Wdeclaration-after-statement -fno-strict-aliasing -D_REENTRANT    conftest.c  -lpthread >&5
configure:14234: $? = 0
configure:14347: result: yes
configure:14359: checking for __attribute__((constructor))
configure:14376: gcc -o conftest.exe -g -O2 -Wall -Wdeclaration-after-statement -fno-strict-aliasing   conftest.c  >&5
configure:14376: $? = 0
configure:14388: result: yes
configure:14395: checking for __float128
configure:14403: gcc -o conftest.exe -g -O2 -Wall -Wdeclaration-after-statement -fno-strict-aliasing   conftest.c  >&5
conftest.c:40: error: parse error before "a"
conftest.c:40: warning: type defaults to `int' in declaration of `a'
conftest.c:40:16: invalid suffix "Q" on floating constant
conftest.c:40: warning: type defaults to `int' in declaration of `b'
conftest.c:40:26: invalid suffix "Q" on floating constant
conftest.c:40: warning: data definition has no type or storage class
configure:14403: $? = 1
configure: failed program was:
| /* confdefs.h */
| #define PACKAGE_NAME "pixman"
| #define PACKAGE_TARNAME "pixman"
| #define PACKAGE_VERSION "0.32.2"
| #define PACKAGE_STRING "pixman 0.32.2"
| #define PACKAGE_BUGREPORT "pixman@lists.freedesktop.org"
| #define PACKAGE_URL ""
| #define PACKAGE "pixman"
| #define VERSION "0.32.2"
| #define STDC_HEADERS 1
| #define HAVE_SYS_TYPES_H 1
| #define HAVE_SYS_STAT_H 1
| #define HAVE_STDLIB_H 1
| #define HAVE_STRING_H 1
| #define HAVE_MEMORY_H 1
| #define HAVE_STRINGS_H 1
| #define HAVE_INTTYPES_H 1
| #define HAVE_STDINT_H 1
| #define HAVE_UNISTD_H 1
| #define HAVE_DLFCN_H 1
| #define LT_OBJDIR ".libs/"
| #define SIZEOF_LONG 4
| #define USE_X86_MMX 1
| #define USE_GCC_INLINE_ASM 1
| #define HAVE_POSIX_MEMALIGN 1
| #define HAVE_SIGACTION 1
| #define HAVE_ALARM 1
| #define HAVE_SYS_MMAN_H 1
| #define HAVE_MMAP 1
| #define HAVE_MPROTECT 1
| #define HAVE_GETPAGESIZE 1
| #define HAVE_FENV_H 1
| #define HAVE_FEENABLEEXCEPT 1
| #define HAVE_GETTIMEOFDAY 1
| #define TLS __declspec(thread)
| #define HAVE_PTHREADS /**/
| #define TOOLCHAIN_SUPPORTS_ATTRIBUTE_CONSTRUCTOR /**/
| /* end confdefs.h.  */
| 
| __float128 a = 1.0Q, b = 2.0Q; int main (void) { return a + b; }
| 
configure:14415: result: no
configure:14421: checking for __builtin_clz
configure:14429: gcc -o conftest.exe -g -O2 -Wall -Wdeclaration-after-statement -fno-strict-aliasing   conftest.c  >&5
configure:14429: $? = 0
configure:14441: result: yes
configure:14548: checking for PNG
configure:14607: result: no
configure:14738: checking that generated files are newer than configure
configure:14744: result: done
configure:14816: creating ./config.status

## ---------------------- ##
## Running config.status. ##
## ---------------------- ##

This file was extended by pixman config.status 0.32.2, which was
generated by GNU Autoconf 2.69.  Invocation command line was

  CONFIG_FILES    = 
  CONFIG_HEADERS  = 
  CONFIG_LINKS    = 
  CONFIG_COMMANDS = 
  $ ./config.status 

on AD00038392

config.status:1172: creating pixman-1.pc
config.status:1172: creating pixman-1-uninstalled.pc
config.status:1172: creating Makefile
config.status:1172: creating pixman/Makefile
config.status:1172: creating pixman/pixman-version.h
config.status:1172: creating demos/Makefile
config.status:1172: creating test/Makefile
config.status:1172: creating config.h
config.status:1401: executing depfiles commands
config.status:1401: executing libtool commands

## ---------------- ##
## Cache variables. ##
## ---------------- ##

ac_cv_build=i686-pc-cygwin
ac_cv_c_bigendian=no
ac_cv_c_compiler_gnu=yes
ac_cv_c_inline=inline
ac_cv_env_CCASFLAGS_set=
ac_cv_env_CCASFLAGS_value=
ac_cv_env_CCAS_set=
ac_cv_env_CCAS_value=
ac_cv_env_CC_set=
ac_cv_env_CC_value=
ac_cv_env_CFLAGS_set=
ac_cv_env_CFLAGS_value=
ac_cv_env_CPPFLAGS_set=
ac_cv_env_CPPFLAGS_value=
ac_cv_env_CPP_set=
ac_cv_env_CPP_value=
ac_cv_env_GTK_CFLAGS_set=
ac_cv_env_GTK_CFLAGS_value=
ac_cv_env_GTK_LIBS_set=
ac_cv_env_GTK_LIBS_value=
ac_cv_env_LDFLAGS_set=
ac_cv_env_LDFLAGS_value=
ac_cv_env_LIBS_set=
ac_cv_env_LIBS_value=
ac_cv_env_PKG_CONFIG_LIBDIR_set=
ac_cv_env_PKG_CONFIG_LIBDIR_value=
ac_cv_env_PKG_CONFIG_PATH_set=
ac_cv_env_PKG_CONFIG_PATH_value=
ac_cv_env_PKG_CONFIG_set=
ac_cv_env_PKG_CONFIG_value=
ac_cv_env_PNG_CFLAGS_set=
ac_cv_env_PNG_CFLAGS_value=
ac_cv_env_PNG_LIBS_set=
ac_cv_env_PNG_LIBS_value=
ac_cv_env_build_alias_set=
ac_cv_env_build_alias_value=
ac_cv_env_host_alias_set=
ac_cv_env_host_alias_value=
ac_cv_env_target_alias_set=
ac_cv_env_target_alias_value=
ac_cv_exeext=.exe
ac_cv_func_alarm=yes
ac_cv_func_getisax=no
ac_cv_func_getpagesize=yes
ac_cv_func_gettimeofday=yes
ac_cv_func_mmap=yes
ac_cv_func_mprotect=yes
ac_cv_func_posix_memalign=yes
ac_cv_func_sigaction=yes
ac_cv_have_decl___SUNPRO_C=no
ac_cv_have_decl___amd64=no
ac_cv_header_dlfcn_h=yes
ac_cv_header_fenv_h=yes
ac_cv_header_inttypes_h=yes
ac_cv_header_memory_h=yes
ac_cv_header_stdc=yes
ac_cv_header_stdint_h=yes
ac_cv_header_stdlib_h=yes
ac_cv_header_string_h=yes
ac_cv_header_strings_h=yes
ac_cv_header_sys_mman_h=yes
ac_cv_header_sys_stat_h=yes
ac_cv_header_sys_time_h=yes
ac_cv_header_sys_types_h=yes
ac_cv_header_unistd_h=yes
ac_cv_host=i686-pc-cygwin
ac_cv_lib_m_feenableexcept=yes
ac_cv_lib_pixman_1_pixman_version_string=no
ac_cv_objext=o
ac_cv_path_EGREP='/usr/bin/grep -E'
ac_cv_path_FGREP='/usr/bin/grep -F'
ac_cv_path_GREP=/usr/bin/grep
ac_cv_path_SED=/usr/bin/sed
ac_cv_path_install='/usr/bin/install -c'
ac_cv_path_mkdir=/usr/bin/mkdir
ac_cv_prog_AWK=gawk
ac_cv_prog_CPP='gcc -E'
ac_cv_prog_ac_ct_AR=ar
ac_cv_prog_ac_ct_CC=gcc
ac_cv_prog_ac_ct_DLLTOOL=dlltool
ac_cv_prog_ac_ct_OBJDUMP=objdump
ac_cv_prog_ac_ct_RANLIB=ranlib
ac_cv_prog_ac_ct_STRIP=strip
ac_cv_prog_c_openmp=unsupported
ac_cv_prog_cc_c89=
ac_cv_prog_cc_g=yes
ac_cv_prog_make_make_set=yes
ac_cv_search_sqrtf='none required'
ac_cv_sizeof_long=4
ac_cv_tls='__declspec(thread)'
am_cv_CCAS_dependencies_compiler_type=gcc3
am_cv_CC_dependencies_compiler_type=gcc3
am_cv_make_support_nested_variables=yes
lt_cv_ar_at_file=@
lt_cv_archive_cmds_need_lc=yes
lt_cv_deplibs_check_method='file_magic ^x86 archive import|^x86 DLL'
lt_cv_file_magic_cmd=func_win32_libid
lt_cv_file_magic_test_file=
lt_cv_ld_reload_flag=-r
lt_cv_nm_interface='BSD nm'
lt_cv_objdir=.libs
lt_cv_path_LD=/usr/i686-pc-cygwin/bin/ld.exe
lt_cv_path_NM='/usr/bin/nm -B'
lt_cv_path_mainfest_tool=no
lt_cv_prog_compiler_c_o=yes
lt_cv_prog_compiler_pic='-DDLL_EXPORT -DPIC'
lt_cv_prog_compiler_pic_works=yes
lt_cv_prog_compiler_rtti_exceptions=no
lt_cv_prog_compiler_static_works=yes
lt_cv_prog_gnu_ld=yes
lt_cv_sharedlib_from_linklib_cmd=func_cygming_dll_for_implib
lt_cv_sys_global_symbol_pipe='sed -n -e '\''s/^.*[	 ]\([ABCDGIRSTW][ABCDGIRSTW]*\)[	 ][	 ]*_\([_A-Za-z][_A-Za-z0-9]*\)$/\1 _\2 \2/p'\'' | sed '\''/ __gnu_lto/d'\'''
lt_cv_sys_global_symbol_to_c_name_address='sed -n -e '\''s/^: \([^ ]*\)[ ]*$/  {\"\1\", (void *) 0},/p'\'' -e '\''s/^[ABCDGIRSTW]* \([^ ]*\) \([^ ]*\)$/  {"\2", (void *) \&\2},/p'\'''
lt_cv_sys_global_symbol_to_c_name_address_lib_prefix='sed -n -e '\''s/^: \([^ ]*\)[ ]*$/  {\"\1\", (void *) 0},/p'\'' -e '\''s/^[ABCDGIRSTW]* \([^ ]*\) \(lib[^ ]*\)$/  {"\2", (void *) \&\2},/p'\'' -e '\''s/^[ABCDGIRSTW]* \([^ ]*\) \([^ ]*\)$/  {"lib\2", (void *) \&\2},/p'\'''
lt_cv_sys_global_symbol_to_cdecl='sed -n -e '\''s/^T .* \(.*\)$/extern int \1();/p'\'' -e '\''s/^[ABCDGIRSTW]* .* \(.*\)$/extern char \1;/p'\'''
lt_cv_sys_max_cmd_len=8192
lt_cv_to_host_file_cmd=func_convert_file_noop
lt_cv_to_tool_file_cmd=func_convert_file_noop

## ----------------- ##
## Output variables. ##
## ----------------- ##

ACLOCAL='${SHELL} /cygdrive/d/working/webkit-ndk/native/external/pixman/missing aclocal-1.13'
AMDEPBACKSLASH='\'
AMDEP_FALSE='#'
AMDEP_TRUE=''
AMTAR='$${TAR-tar}'
AM_BACKSLASH='\'
AM_DEFAULT_V='$(AM_DEFAULT_VERBOSITY)'
AM_DEFAULT_VERBOSITY='0'
AM_V='$(V)'
AR='ar'
AUTOCONF='${SHELL} /cygdrive/d/working/webkit-ndk/native/external/pixman/missing autoconf'
AUTOHEADER='${SHELL} /cygdrive/d/working/webkit-ndk/native/external/pixman/missing autoheader'
AUTOMAKE='${SHELL} /cygdrive/d/working/webkit-ndk/native/external/pixman/missing automake-1.13'
AWK='gawk'
CC='gcc'
CCAS='gcc'
CCASDEPMODE='depmode=gcc3'
CCASFLAGS='-g -O2'
CCDEPMODE='depmode=gcc3'
CFLAGS='-g -O2 -Wall -Wdeclaration-after-statement -fno-strict-aliasing'
CPP='gcc -E'
CPPFLAGS=''
CYGPATH_W='cygpath -w'
DEFS='-DHAVE_CONFIG_H'
DEPDIR='.deps'
DLLTOOL='dlltool'
DSYMUTIL=''
DUMPBIN=''
ECHO_C=''
ECHO_N='-n'
ECHO_T=''
EGREP='/usr/bin/grep -E'
EXEEXT='.exe'
FGREP='/usr/bin/grep -F'
GREP='/usr/bin/grep'
GTK_CFLAGS=''
GTK_LIBS=''
HAVE_GTK_FALSE=''
HAVE_GTK_TRUE='#'
HAVE_LIBPNG=''
HAVE_PTHREADS=''
INSTALL_DATA='${INSTALL} -m 644'
INSTALL_PROGRAM='${INSTALL}'
INSTALL_SCRIPT='${INSTALL}'
INSTALL_STRIP_PROGRAM='$(install_sh) -c -s'
IWMMXT_CFLAGS=''
LD='/usr/i686-pc-cygwin/bin/ld.exe'
LDFLAGS=''
LIBOBJS=''
LIBS=''
LIBTOOL='$(SHELL) $(top_builddir)/libtool'
LIPO=''
LN_S='ln -s'
LS_CFLAGS=''
LTLIBOBJS=''
LT_VERSION_INFO='32:2:32'
MAKEINFO='${SHELL} /cygdrive/d/working/webkit-ndk/native/external/pixman/missing makeinfo'
MANIFEST_TOOL=':'
MKDIR_P='/usr/bin/mkdir -p'
MMX_CFLAGS='-mmmx -Winline'
MMX_LDFLAGS=''
NM='/usr/bin/nm -B'
NMEDIT=''
OBJDUMP='objdump'
OBJEXT='o'
OPENMP_CFLAGS=''
OTOOL64=''
OTOOL=''
PACKAGE='pixman'
PACKAGE_BUGREPORT='pixman@lists.freedesktop.org'
PACKAGE_NAME='pixman'
PACKAGE_STRING='pixman 0.32.2'
PACKAGE_TARNAME='pixman'
PACKAGE_URL=''
PACKAGE_VERSION='0.32.2'
PATH_SEPARATOR=':'
PIXMAN_TIMERS=''
PIXMAN_VERSION_MAJOR='0'
PIXMAN_VERSION_MICRO='2'
PIXMAN_VERSION_MINOR='32'
PKG_CONFIG=''
PKG_CONFIG_LIBDIR=''
PKG_CONFIG_PATH=''
PNG_CFLAGS=''
PNG_LIBS=''
PTHREAD_CFLAGS='-g -O2 -Wall -Wdeclaration-after-statement -fno-strict-aliasing -D_REENTRANT'
PTHREAD_LDFLAGS=' '
PTHREAD_LIBS=' -lpthread'
RANLIB='ranlib'
SED='/usr/bin/sed'
SET_MAKE=''
SHELL='/bin/sh'
SSE2_CFLAGS='-msse2 -Winline'
SSE2_LDFLAGS=''
SSSE3_CFLAGS='-mssse3 -Winline'
STRIP='strip'
TESTPROGS_EXTRA_LDFLAGS=''
TOOLCHAIN_SUPPORTS_ATTRIBUTE_CONSTRUCTOR=''
TOOLCHAIN_SUPPORTS__THREAD=''
USE_ARM_IWMMXT_FALSE=''
USE_ARM_IWMMXT_TRUE='#'
USE_ARM_NEON_FALSE=''
USE_ARM_NEON_TRUE='#'
USE_ARM_SIMD_FALSE=''
USE_ARM_SIMD_TRUE='#'
USE_GCC_INLINE_ASM_FALSE='#'
USE_GCC_INLINE_ASM_TRUE=''
USE_LOONGSON_MMI_FALSE=''
USE_LOONGSON_MMI_TRUE='#'
USE_MIPS_DSPR2_FALSE=''
USE_MIPS_DSPR2_TRUE='#'
USE_SSE2_FALSE=''
USE_SSE2_TRUE='#'
USE_SSSE3_FALSE=''
USE_SSSE3_TRUE='#'
USE_VMX_FALSE=''
USE_VMX_TRUE='#'
USE_X86_MMX_FALSE='#'
USE_X86_MMX_TRUE=''
VERSION='0.32.2'
VMX_CFLAGS=''
ac_ct_AR='ar'
ac_ct_CC='gcc'
ac_ct_DUMPBIN=''
am__EXEEXT_FALSE='#'
am__EXEEXT_TRUE=''
am__fastdepCCAS_FALSE='#'
am__fastdepCCAS_TRUE=''
am__fastdepCC_FALSE='#'
am__fastdepCC_TRUE=''
am__include='include'
am__isrc=''
am__leading_dot='.'
am__nodep='_no'
am__quote=''
am__tar='$${TAR-tar} chof - "$$tardir"'
am__untar='$${TAR-tar} xf -'
bindir='${exec_prefix}/bin'
build='i686-pc-cygwin'
build_alias=''
build_cpu='i686'
build_os='cygwin'
build_vendor='pc'
datadir='${datarootdir}'
datarootdir='${prefix}/share'
docdir='${datarootdir}/doc/${PACKAGE_TARNAME}'
dvidir='${docdir}'
exec_prefix='${prefix}'
host='i686-pc-cygwin'
host_alias=''
host_cpu='i686'
host_os='cygwin'
host_vendor='pc'
htmldir='${docdir}'
includedir='${prefix}/include'
infodir='${datarootdir}/info'
install_sh='${SHELL} /cygdrive/d/working/webkit-ndk/native/external/pixman/install-sh'
libdir='${exec_prefix}/lib'
libexecdir='${exec_prefix}/libexec'
localedir='${datarootdir}/locale'
localstatedir='${prefix}/var'
mandir='${datarootdir}/man'
mkdir_p='$(MKDIR_P)'
oldincludedir='/usr/include'
pdfdir='${docdir}'
prefix='/usr/local'
program_transform_name='s,x,x,'
psdir='${docdir}'
sbindir='${exec_prefix}/sbin'
sharedstatedir='${prefix}/com'
sysconfdir='${prefix}/etc'
target_alias=''

## ----------- ##
## confdefs.h. ##
## ----------- ##

/* confdefs.h */
#define PACKAGE_NAME "pixman"
#define PACKAGE_TARNAME "pixman"
#define PACKAGE_VERSION "0.32.2"
#define PACKAGE_STRING "pixman 0.32.2"
#define PACKAGE_BUGREPORT "pixman@lists.freedesktop.org"
#define PACKAGE_URL ""
#define PACKAGE "pixman"
#define VERSION "0.32.2"
#define STDC_HEADERS 1
#define HAVE_SYS_TYPES_H 1
#define HAVE_SYS_STAT_H 1
#define HAVE_STDLIB_H 1
#define HAVE_STRING_H 1
#define HAVE_MEMORY_H 1
#define HAVE_STRINGS_H 1
#define HAVE_INTTYPES_H 1
#define HAVE_STDINT_H 1
#define HAVE_UNISTD_H 1
#define HAVE_DLFCN_H 1
#define LT_OBJDIR ".libs/"
#define SIZEOF_LONG 4
#define USE_X86_MMX 1
#define USE_GCC_INLINE_ASM 1
#define HAVE_POSIX_MEMALIGN 1
#define HAVE_SIGACTION 1
#define HAVE_ALARM 1
#define HAVE_SYS_MMAN_H 1
#define HAVE_MMAP 1
#define HAVE_MPROTECT 1
#define HAVE_GETPAGESIZE 1
#define HAVE_FENV_H 1
#define HAVE_FEENABLEEXCEPT 1
#define HAVE_GETTIMEOFDAY 1
#define TLS __declspec(thread)
#define HAVE_PTHREADS /**/
#define TOOLCHAIN_SUPPORTS_ATTRIBUTE_CONSTRUCTOR /**/
#define HAVE_BUILTIN_CLZ /**/

configure: exit 0
